#
# A fatal error has been detected by the Java Runtime Environment:
#
#  EXCEPTION_ACCESS_VIOLATION (0xc0000005) at pc=0x00007ffa62412224, pid=5860, tid=0x0000000000002100
#
# JRE version: Java(TM) SE Runtime Environment (8.0_101-b13) (build 1.8.0_101-b13)
# Java VM: Java HotSpot(TM) 64-Bit Server VM (25.101-b13 mixed mode windows-amd64 compressed oops)
# Problematic frame:
# C  [OPENGL32.dll+0xe2224]
#
# Failed to write core dump. Minidumps are not enabled by default on client versions of Windows
#
# If you would like to submit a bug report, please visit:
#   http://bugreport.java.com/bugreport/crash.jsp
#

---------------  T H R E A D  ---------------

Current thread (0x000000001bde7800):  VMThread [stack: 0x000000001d4a0000,0x000000001d5a0000] [id=8448]

siginfo: ExceptionCode=0xc0000005, reading address 0x0000000000000a38

Registers:
RAX=0x0000000000000000, RBX=0x0000000028f5ee60, RCX=0x0000000000000001, RDX=0x0000000028f5ee68
RSP=0x000000001d59ee58, RBP=0x0000000000000000, RSI=0x0000000000000000, RDI=0x0000000028db1f20
R8 =0x000000001d59ef08, R9 =0x000000001bcb5500, R10=0x0000000000000042, R11=0x0000000000000000
R12=0x0000000000000000, R13=0x0000000028f568e0, R14=0x0000000028f56790, R15=0x0000000000000000
RIP=0x00007ffa62412224, EFLAGS=0x0000000000010287

Top of Stack: (sp=0x000000001d59ee58)
0x000000001d59ee58:   00007ffa56f24feb 0000000000000001
0x000000001d59ee68:   0000000028f5ee68 000000001d59ef08
0x000000001d59ee78:   000000001bcb5500 0000000028db1f20
0x000000001d59ee88:   00007ffa56ef98de 0000000028f568e0
0x000000001d59ee98:   0000000000000001 0000000028f50000
0x000000001d59eea8:   00007ffa85cd0ad9 0000000028f5a870
0x000000001d59eeb8:   00007ffa56f2a790 0000000000000000
0x000000001d59eec8:   0000000000000000 0000000028f568c8
0x000000001d59eed8:   00007ffa56f29aa3 fffffffffffffffe
0x000000001d59eee8:   000000001d59ef50 0000000000000000
0x000000001d59eef8:   00007ffa56f2b069 0000000028db1f20
0x000000001d59ef08:   0000000028f5a870 0000000028db1f20
0x000000001d59ef18:   00007ffa56f9e010 fffffffffffffffe
0x000000001d59ef28:   0000000028f58df0 0000000000000001
0x000000001d59ef38:   0000000028f568c0 0000000028f56790
0x000000001d59ef48:   00007ffa56fa6781 00007ffa570d6b40 

Instructions: (pc=0x00007ffa62412224)
0x00007ffa62412204:   cc cc cc cc cc cc 66 0f 1f 44 00 00 8b 05 f2 7d
0x00007ffa62412214:   01 00 83 f8 40 73 0f 65 48 8b 04 c5 80 14 00 00
0x00007ffa62412224:   ff a0 38 0a 00 00 b8 47 01 00 00 e9 ec d4 ff ff
0x00007ffa62412234:   cc cc cc cc cc cc 66 0f 1f 44 00 00 8b 05 c2 7d 


Register to memory mapping:

RAX=0x0000000000000000 is an unknown value
RBX=0x0000000028f5ee60 is an unknown value
RCX=0x0000000000000001 is an unknown value
RDX=0x0000000028f5ee68 is an unknown value
RSP=0x000000001d59ee58 is an unknown value
RBP=0x0000000000000000 is an unknown value
RSI=0x0000000000000000 is an unknown value
RDI=0x0000000028db1f20 is an unknown value
R8 =0x000000001d59ef08 is an unknown value
R9 =0x000000001bcb5500 is an unknown value
R10=0x0000000000000042 is an unknown value
R11=0x0000000000000000 is an unknown value
R12=0x0000000000000000 is an unknown value
R13=0x0000000028f568e0 is an unknown value
R14=0x0000000028f56790 is an unknown value
R15=0x0000000000000000 is an unknown value


Stack: [0x000000001d4a0000,0x000000001d5a0000],  sp=0x000000001d59ee58,  free space=1019k
Native frames: (J=compiled Java code, j=interpreted, Vv=VM code, C=native code)

VM_Operation (0x000000000243f1b0): Exit, mode: safepoint, requested by thread 0x000000000233e000


---------------  P R O C E S S  ---------------

Java Threads: ( => current thread )
  0x000000001e38a800 JavaThread "AWT-Shutdown" [_thread_blocked, id=7704, stack(0x0000000034eb0000,0x0000000034fb0000)]
  0x000000002343f800 JavaThread "LWJGL Timer" daemon [_thread_blocked, id=7224, stack(0x00000000291f0000,0x00000000292f0000)]
  0x000000002356c000 JavaThread "Thread-2" [_thread_in_native, id=9148, stack(0x00000000290f0000,0x00000000291f0000)]
  0x00000000233b7800 JavaThread "Java2D Disposer" daemon [_thread_blocked, id=7284, stack(0x0000000026d50000,0x0000000026e50000)]
  0x000000001e054800 JavaThread "Service Thread" daemon [_thread_blocked, id=4176, stack(0x000000001e7c0000,0x000000001e8c0000)]
  0x000000001dfdc000 JavaThread "C1 CompilerThread2" daemon [_thread_blocked, id=2884, stack(0x000000001e6c0000,0x000000001e7c0000)]
  0x000000001be3d800 JavaThread "C2 CompilerThread1" daemon [_thread_blocked, id=4716, stack(0x000000001e5c0000,0x000000001e6c0000)]
  0x000000001dfca000 JavaThread "C2 CompilerThread0" daemon [_thread_blocked, id=4052, stack(0x000000001e4c0000,0x000000001e5c0000)]
  0x000000001be3a800 JavaThread "JDWP Command Reader" daemon [_thread_blocked, id=6560, stack(0x000000001e3c0000,0x000000001e4c0000)]
  0x000000001be39000 JavaThread "JDWP Event Helper Thread" daemon [_thread_blocked, id=4728, stack(0x000000001dec0000,0x000000001dfc0000)]
  0x000000001be24800 JavaThread "JDWP Transport Listener: dt_socket" daemon [_thread_blocked, id=8888, stack(0x000000001ddc0000,0x000000001dec0000)]
  0x000000001be1e000 JavaThread "Attach Listener" daemon [_thread_blocked, id=2396, stack(0x000000001d980000,0x000000001da80000)]
  0x000000001be1d800 JavaThread "Signal Dispatcher" daemon [_thread_blocked, id=5044, stack(0x000000001d880000,0x000000001d980000)]
  0x000000001be0c800 JavaThread "Finalizer" daemon [_thread_blocked, id=2892, stack(0x000000001d6a0000,0x000000001d7a0000)]
  0x000000001bdea800 JavaThread "Reference Handler" daemon [_thread_blocked, id=8820, stack(0x000000001d5a0000,0x000000001d6a0000)]
  0x000000000233e000 JavaThread "main" [_thread_blocked, id=7644, stack(0x0000000002340000,0x0000000002440000)]

Other Threads:
=>0x000000001bde7800 VMThread [stack: 0x000000001d4a0000,0x000000001d5a0000] [id=8448]

VM state:at safepoint (shutting down)

VM Mutex/Monitor currently owned by a thread:  ([mutex/lock_event])
[0x000000000233caf0] Threads_lock - owner thread: 0x000000001bde7800

Heap:
 PSYoungGen      total 76288K, used 6510K [0x000000076ac00000, 0x0000000770100000, 0x00000007c0000000)
  eden space 65536K, 6% used [0x000000076ac00000,0x000000076b053878,0x000000076ec00000)
  from space 10752K, 19% used [0x000000076f680000,0x000000076f888000,0x0000000770100000)
  to   space 10752K, 0% used [0x000000076ec00000,0x000000076ec00000,0x000000076f680000)
 ParOldGen       total 175104K, used 40K [0x00000006c0400000, 0x00000006caf00000, 0x000000076ac00000)
  object space 175104K, 0% used [0x00000006c0400000,0x00000006c040a000,0x00000006caf00000)
 Metaspace       used 10123K, capacity 10307K, committed 10624K, reserved 1058816K
  class space    used 1008K, capacity 1068K, committed 1152K, reserved 1048576K

Card table byte_map: [0x0000000011900000,0x0000000012100000] byte_map_base: 0x000000000e2fe000

Marking Bits: (ParMarkBitMap*) 0x000000006b5fa6d0
 Begin Bits: [0x0000000012c60000, 0x0000000016c50000)
 End Bits:   [0x0000000016c50000, 0x000000001ac40000)

Polling page: 0x0000000000ac0000

CodeCache: size=245760Kb used=5900Kb max_used=5939Kb free=239859Kb
 bounds [0x0000000002540000, 0x0000000002b50000, 0x0000000011540000]
 total_blobs=1892 nmethods=1381 adapters=433
 compilation: enabled

Compilation events (10 events):
Event: 17.089 Thread 0x000000001dfdc000 1440       3       java.nio.Bits::putLong (21 bytes)
Event: 17.089 Thread 0x000000001dfdc000 nmethod 1440 0x00000000026c7790 code [0x00000000026c7900, 0x00000000026c7b18]
Event: 17.089 Thread 0x000000001dfdc000 1441       3       java.nio.Bits::putLongB (89 bytes)
Event: 17.090 Thread 0x000000001dfdc000 nmethod 1441 0x0000000002652210 code [0x0000000002652420, 0x0000000002652f58]
Event: 17.236 Thread 0x000000001be3d800 1442   !   4       java.io.ObjectOutputStream::writeObject0 (619 bytes)
Event: 17.669 Thread 0x000000001be3d800 nmethod 1442 0x0000000002b35990 code [0x0000000002b360a0, 0x0000000002b3f130]
Event: 17.881 Thread 0x000000001dfca000 1443       4       java.io.ObjectInputStream::checkResolve (48 bytes)
Event: 17.881 Thread 0x000000001dfca000 nmethod 1443 0x00000000026b9b90 code [0x00000000026b9cc0, 0x00000000026b9d38]
Event: 17.914 Thread 0x000000001be3d800 1444       4       java.util.HashMap::reinitialize (36 bytes)
Event: 17.915 Thread 0x000000001be3d800 nmethod 1444 0x00000000028db190 code [0x00000000028db2c0, 0x00000000028db338]

GC Heap History (8 events):
Event: 4.728 GC heap before
{Heap before GC invocations=1 (full 0):
 PSYoungGen      total 76288K, used 65536K [0x000000076ac00000, 0x0000000770100000, 0x00000007c0000000)
  eden space 65536K, 100% used [0x000000076ac00000,0x000000076ec00000,0x000000076ec00000)
  from space 10752K, 0% used [0x000000076f680000,0x000000076f680000,0x0000000770100000)
  to   space 10752K, 0% used [0x000000076ec00000,0x000000076ec00000,0x000000076f680000)
 ParOldGen       total 175104K, used 0K [0x00000006c0400000, 0x00000006caf00000, 0x000000076ac00000)
  object space 175104K, 0% used [0x00000006c0400000,0x00000006c0400000,0x00000006caf00000)
 Metaspace       used 9044K, capacity 9213K, committed 9472K, reserved 1058816K
  class space    used 926K, capacity 991K, committed 1024K, reserved 1048576K
Event: 4.747 GC heap after
Heap after GC invocations=1 (full 0):
 PSYoungGen      total 76288K, used 7783K [0x000000076ac00000, 0x0000000770100000, 0x00000007c0000000)
  eden space 65536K, 0% used [0x000000076ac00000,0x000000076ac00000,0x000000076ec00000)
  from space 10752K, 72% used [0x000000076ec00000,0x000000076f399f68,0x000000076f680000)
  to   space 10752K, 0% used [0x000000076f680000,0x000000076f680000,0x0000000770100000)
 ParOldGen       total 175104K, used 16K [0x00000006c0400000, 0x00000006caf00000, 0x000000076ac00000)
  object space 175104K, 0% used [0x00000006c0400000,0x00000006c0404000,0x00000006caf00000)
 Metaspace       used 9044K, capacity 9213K, committed 9472K, reserved 1058816K
  class space    used 926K, capacity 991K, committed 1024K, reserved 1048576K
}
Event: 9.554 GC heap before
{Heap before GC invocations=2 (full 0):
 PSYoungGen      total 76288K, used 73319K [0x000000076ac00000, 0x0000000770100000, 0x00000007c0000000)
  eden space 65536K, 100% used [0x000000076ac00000,0x000000076ec00000,0x000000076ec00000)
  from space 10752K, 72% used [0x000000076ec00000,0x000000076f399f68,0x000000076f680000)
  to   space 10752K, 0% used [0x000000076f680000,0x000000076f680000,0x0000000770100000)
 ParOldGen       total 175104K, used 16K [0x00000006c0400000, 0x00000006caf00000, 0x000000076ac00000)
  object space 175104K, 0% used [0x00000006c0400000,0x00000006c0404000,0x00000006caf00000)
 Metaspace       used 10034K, capacity 10243K, committed 10368K, reserved 1058816K
  class space    used 1005K, capacity 1068K, committed 1152K, reserved 1048576K
Event: 9.559 GC heap after
Heap after GC invocations=2 (full 0):
 PSYoungGen      total 76288K, used 2112K [0x000000076ac00000, 0x0000000770100000, 0x00000007c0000000)
  eden space 65536K, 0% used [0x000000076ac00000,0x000000076ac00000,0x000000076ec00000)
  from space 10752K, 19% used [0x000000076f680000,0x000000076f890000,0x0000000770100000)
  to   space 10752K, 0% used [0x000000076ec00000,0x000000076ec00000,0x000000076f680000)
 ParOldGen       total 175104K, used 24K [0x00000006c0400000, 0x00000006caf00000, 0x000000076ac00000)
  object space 175104K, 0% used [0x00000006c0400000,0x00000006c0406000,0x00000006caf00000)
 Metaspace       used 10034K, capacity 10243K, committed 10368K, reserved 1058816K
  class space    used 1005K, capacity 1068K, committed 1152K, reserved 1048576K
}
Event: 13.788 GC heap before
{Heap before GC invocations=3 (full 0):
 PSYoungGen      total 76288K, used 67648K [0x000000076ac00000, 0x0000000770100000, 0x00000007c0000000)
  eden space 65536K, 100% used [0x000000076ac00000,0x000000076ec00000,0x000000076ec00000)
  from space 10752K, 19% used [0x000000076f680000,0x000000076f890000,0x0000000770100000)
  to   space 10752K, 0% used [0x000000076ec00000,0x000000076ec00000,0x000000076f680000)
 ParOldGen       total 175104K, used 24K [0x00000006c0400000, 0x00000006caf00000, 0x000000076ac00000)
  object space 175104K, 0% used [0x00000006c0400000,0x00000006c0406000,0x00000006caf00000)
 Metaspace       used 10099K, capacity 10243K, committed 10368K, reserved 1058816K
  class space    used 1005K, capacity 1068K, committed 1152K, reserved 1048576K
Event: 13.794 GC heap after
Heap after GC invocations=3 (full 0):
 PSYoungGen      total 76288K, used 2112K [0x000000076ac00000, 0x0000000770100000, 0x00000007c0000000)
  eden space 65536K, 0% used [0x000000076ac00000,0x000000076ac00000,0x000000076ec00000)
  from space 10752K, 19% used [0x000000076ec00000,0x000000076ee10020,0x000000076f680000)
  to   space 10752K, 0% used [0x000000076f680000,0x000000076f680000,0x0000000770100000)
 ParOldGen       total 175104K, used 32K [0x00000006c0400000, 0x00000006caf00000, 0x000000076ac00000)
  object space 175104K, 0% used [0x00000006c0400000,0x00000006c0408000,0x00000006caf00000)
 Metaspace       used 10099K, capacity 10243K, committed 10368K, reserved 1058816K
  class space    used 1005K, capacity 1068K, committed 1152K, reserved 1048576K
}
Event: 18.503 GC heap before
{Heap before GC invocations=4 (full 0):
 PSYoungGen      total 76288K, used 67648K [0x000000076ac00000, 0x0000000770100000, 0x00000007c0000000)
  eden space 65536K, 100% used [0x000000076ac00000,0x000000076ec00000,0x000000076ec00000)
  from space 10752K, 19% used [0x000000076ec00000,0x000000076ee10020,0x000000076f680000)
  to   space 10752K, 0% used [0x000000076f680000,0x000000076f680000,0x0000000770100000)
 ParOldGen       total 175104K, used 32K [0x00000006c0400000, 0x00000006caf00000, 0x000000076ac00000)
  object space 175104K, 0% used [0x00000006c0400000,0x00000006c0408000,0x00000006caf00000)
 Metaspace       used 10105K, capacity 10243K, committed 10368K, reserved 1058816K
  class space    used 1005K, capacity 1068K, committed 1152K, reserved 1048576K
Event: 18.508 GC heap after
Heap after GC invocations=4 (full 0):
 PSYoungGen      total 76288K, used 2080K [0x000000076ac00000, 0x0000000770100000, 0x00000007c0000000)
  eden space 65536K, 0% used [0x000000076ac00000,0x000000076ac00000,0x000000076ec00000)
  from space 10752K, 19% used [0x000000076f680000,0x000000076f888000,0x0000000770100000)
  to   space 10752K, 0% used [0x000000076ec00000,0x000000076ec00000,0x000000076f680000)
 ParOldGen       total 175104K, used 40K [0x00000006c0400000, 0x00000006caf00000, 0x000000076ac00000)
  object space 175104K, 0% used [0x00000006c0400000,0x00000006c040a000,0x00000006caf00000)
 Metaspace       used 10105K, capacity 10243K, committed 10368K, reserved 1058816K
  class space    used 1005K, capacity 1068K, committed 1152K, reserved 1048576K
}

Deoptimization events (10 events):
Event: 5.874 Thread 0x000000000233e000 Uncommon trap: reason=unstable_if action=reinterpret pc=0x000000000283fc4c method=java.lang.String.indexOf([CII[CIII)I @ 3
Event: 9.237 Thread 0x000000000233e000 Uncommon trap: reason=unstable_if action=reinterpret pc=0x000000000294ee88 method=java.lang.AbstractStringBuilder.append(I)Ljava/lang/AbstractStringBuilder; @ 16
Event: 9.237 Thread 0x000000000233e000 Uncommon trap: reason=unstable_if action=reinterpret pc=0x00000000028d4a3c method=java.lang.Integer.getChars(II[C)V @ 7
Event: 9.587 Thread 0x000000000233e000 Uncommon trap: reason=unstable_if action=reinterpret pc=0x0000000002a54edc method=java.lang.AbstractStringBuilder.append(I)Ljava/lang/AbstractStringBuilder; @ 16
Event: 9.590 Thread 0x000000000233e000 Uncommon trap: reason=unstable_if action=reinterpret pc=0x00000000028dd554 method=java.lang.AbstractStringBuilder.append(I)Ljava/lang/AbstractStringBuilder; @ 16
Event: 9.591 Thread 0x000000000233e000 Uncommon trap: reason=unstable_if action=reinterpret pc=0x00000000029e016c method=java.lang.AbstractStringBuilder.append(I)Ljava/lang/AbstractStringBuilder; @ 16
Event: 9.591 Thread 0x000000000233e000 Uncommon trap: reason=unstable_if action=reinterpret pc=0x00000000029e8678 method=java.lang.AbstractStringBuilder.append(I)Ljava/lang/AbstractStringBuilder; @ 16
Event: 10.920 Thread 0x000000000233e000 Uncommon trap: reason=unstable_if action=reinterpret pc=0x00000000028e1280 method=java.lang.Integer.toString(I)Ljava/lang/String; @ 10
Event: 11.114 Thread 0x000000000233e000 Uncommon trap: reason=unstable_if action=reinterpret pc=0x0000000002a75bd0 method=Map.RenderTop(II)V @ 115
Event: 11.471 Thread 0x000000000233e000 Uncommon trap: reason=unstable_if action=reinterpret pc=0x00000000028e43c8 method=java.lang.Integer.toString(I)Ljava/lang/String; @ 10

Internal exceptions (10 events):
Event: 2.337 Thread 0x000000000233e000 Exception <a 'java/security/PrivilegedActionException'> (0x000000076b284418) thrown at [C:\re\workspace\8-2-build-windows-amd64-cygwin\jdk8u101\7261\hotspot\src\share\vm\prims\jvm.cpp, line 1386]
Event: 2.337 Thread 0x000000000233e000 Exception <a 'java/security/PrivilegedActionException'> (0x000000076b284628) thrown at [C:\re\workspace\8-2-build-windows-amd64-cygwin\jdk8u101\7261\hotspot\src\share\vm\prims\jvm.cpp, line 1386]
Event: 2.338 Thread 0x000000000233e000 Exception <a 'java/security/PrivilegedActionException'> (0x000000076b288270) thrown at [C:\re\workspace\8-2-build-windows-amd64-cygwin\jdk8u101\7261\hotspot\src\share\vm\prims\jvm.cpp, line 1386]
Event: 2.338 Thread 0x000000000233e000 Exception <a 'java/security/PrivilegedActionException'> (0x000000076b288480) thrown at [C:\re\workspace\8-2-build-windows-amd64-cygwin\jdk8u101\7261\hotspot\src\share\vm\prims\jvm.cpp, line 1386]
Event: 2.456 Thread 0x000000000233e000 Exception <a 'java/io/FileNotFoundException'> (0x000000076b28a7f8) thrown at [C:\re\workspace\8-2-build-windows-amd64-cygwin\jdk8u101\7261\hotspot\src\share\vm\prims\jni.cpp, line 709]
Event: 2.511 Thread 0x000000000233e000 Exception <a 'java/lang/NoSuchFieldError': method resolution failed> (0x000000076b357990) thrown at [C:\re\workspace\8-2-build-windows-amd64-cygwin\jdk8u101\7261\hotspot\src\share\vm\prims\methodHandles.cpp, line 1146]
Event: 2.521 Thread 0x000000000233e000 Exception <a 'java/lang/NoSuchFieldError': method resolution failed> (0x000000076b364ce0) thrown at [C:\re\workspace\8-2-build-windows-amd64-cygwin\jdk8u101\7261\hotspot\src\share\vm\prims\methodHandles.cpp, line 1146]
Event: 2.715 Thread 0x000000000233e000 Exception <a 'java/io/FileNotFoundException'> (0x000000076b425718) thrown at [C:\re\workspace\8-2-build-windows-amd64-cygwin\jdk8u101\7261\hotspot\src\share\vm\prims\jni.cpp, line 709]
Event: 5.893 Thread 0x000000000233e000 Exception <a 'java/lang/NoSuchMethodError': <clinit>> (0x000000076b67b5c8) thrown at [C:\re\workspace\8-2-build-windows-amd64-cygwin\jdk8u101\7261\hotspot\src\share\vm\prims\jni.cpp, line 1613]
Event: 5.896 Thread 0x000000000233e000 Exception <a 'java/lang/NoSuchMethodError': <clinit>> (0x000000076b682ff8) thrown at [C:\re\workspace\8-2-build-windows-amd64-cygwin\jdk8u101\7261\hotspot\src\share\vm\prims\jni.cpp, line 1613]

Events (10 events):
Event: 18.878 loading class java/util/IdentityHashMap$KeySet done
Event: 18.878 loading class java/util/IdentityHashMap$KeyIterator
Event: 18.878 loading class java/util/IdentityHashMap$KeyIterator done
Event: 18.879 Thread 0x00000000231d4800 Thread added: 0x00000000231d4800
Event: 18.880 Thread 0x000000001e38a800 Thread added: 0x000000001e38a800
Event: 18.882 loading class sun/java2d/pipe/hw/AccelDeviceEventNotifier
Event: 18.882 loading class sun/java2d/pipe/hw/AccelDeviceEventNotifier done
Event: 19.168 Thread 0x0000000023410800 Thread exited: 0x0000000023410800
Event: 19.185 Thread 0x00000000231d4800 Thread exited: 0x00000000231d4800
Event: 19.185 Executing VM operation: Exit


Dynamic libraries:
0x00007ff670eb0000 - 0x00007ff670ee7000 	C:\Program Files\Java\jre1.8.0_101\bin\javaw.exe
0x00007ffa85cb0000 - 0x00007ffa85e71000 	C:\Windows\SYSTEM32\ntdll.dll
0x00007ffa85a70000 - 0x00007ffa85b1d000 	C:\Windows\system32\KERNEL32.DLL
0x00007ffa82410000 - 0x00007ffa825f8000 	C:\Windows\system32\KERNELBASE.dll
0x00007ffa831c0000 - 0x00007ffa83267000 	C:\Windows\system32\ADVAPI32.dll
0x00007ffa85820000 - 0x00007ffa858bd000 	C:\Windows\system32\msvcrt.dll
0x00007ffa83c90000 - 0x00007ffa83ceb000 	C:\Windows\system32\sechost.dll
0x00007ffa83a50000 - 0x00007ffa83b6c000 	C:\Windows\system32\RPCRT4.dll
0x00007ffa834c0000 - 0x00007ffa83616000 	C:\Windows\system32\USER32.dll
0x00007ffa85b20000 - 0x00007ffa85ca6000 	C:\Windows\system32\GDI32.dll
0x00007ffa76830000 - 0x00007ffa76aa4000 	C:\Windows\WinSxS\amd64_microsoft.windows.common-controls_6595b64144ccf1df_6.0.10586.494_none_a2d8b04ea53e3145\COMCTL32.dll
0x00007ffa83f50000 - 0x00007ffa841cd000 	C:\Windows\system32\combase.dll
0x00007ffa83040000 - 0x00007ffa830aa000 	C:\Windows\system32\bcryptPrimitives.dll
0x00007ffa83be0000 - 0x00007ffa83c1b000 	C:\Windows\system32\IMM32.DLL
0x0000000068e50000 - 0x0000000068f22000 	C:\Program Files\Java\jre1.8.0_101\bin\msvcr100.dll
0x000000006ade0000 - 0x000000006b67a000 	C:\Program Files\Java\jre1.8.0_101\bin\server\jvm.dll
0x00007ffa85810000 - 0x00007ffa85818000 	C:\Windows\system32\PSAPI.DLL
0x00007ffa7a290000 - 0x00007ffa7a299000 	C:\Windows\SYSTEM32\WSOCK32.dll
0x00007ffa83450000 - 0x00007ffa834bb000 	C:\Windows\system32\WS2_32.dll
0x00007ffa809a0000 - 0x00007ffa809c3000 	C:\Windows\SYSTEM32\WINMM.dll
0x00007ffa7e520000 - 0x00007ffa7e52a000 	C:\Windows\SYSTEM32\VERSION.dll
0x00007ffa80970000 - 0x00007ffa8099c000 	C:\Windows\SYSTEM32\WINMMBASE.dll
0x00007ffa82680000 - 0x00007ffa826c3000 	C:\Windows\system32\cfgmgr32.dll
0x000000006acf0000 - 0x000000006acff000 	C:\Program Files\Java\jre1.8.0_101\bin\verify.dll
0x000000006acc0000 - 0x000000006ace9000 	C:\Program Files\Java\jre1.8.0_101\bin\java.dll
0x0000000068e10000 - 0x0000000068e45000 	C:\Program Files\Java\jre1.8.0_101\bin\jdwp.dll
0x0000000068fe0000 - 0x0000000068fe8000 	C:\Program Files\Java\jre1.8.0_101\bin\npt.dll
0x000000006aca0000 - 0x000000006acb6000 	C:\Program Files\Java\jre1.8.0_101\bin\zip.dll
0x00007ffa842b0000 - 0x00007ffa8580c000 	C:\Windows\system32\SHELL32.dll
0x00007ffa82930000 - 0x00007ffa82f75000 	C:\Windows\system32\windows.storage.dll
0x00007ffa83c30000 - 0x00007ffa83c82000 	C:\Windows\system32\shlwapi.dll
0x00007ffa82350000 - 0x00007ffa8235f000 	C:\Windows\system32\kernel.appcore.dll
0x00007ffa82f80000 - 0x00007ffa83035000 	C:\Windows\system32\shcore.dll
0x00007ffa82300000 - 0x00007ffa8234b000 	C:\Windows\system32\powrprof.dll
0x00007ffa822d0000 - 0x00007ffa822e4000 	C:\Windows\system32\profapi.dll
0x0000000068e00000 - 0x0000000068e09000 	C:\Program Files\Java\jre1.8.0_101\bin\dt_socket.dll
0x00007ffa74460000 - 0x00007ffa74476000 	C:\Windows\system32\napinsp.dll
0x00007ffa74480000 - 0x00007ffa7449a000 	C:\Windows\system32\pnrpnsp.dll
0x00007ffa7eb80000 - 0x00007ffa7eb98000 	C:\Windows\system32\NLAapi.dll
0x00007ffa81c00000 - 0x00007ffa81c5c000 	C:\Windows\System32\mswsock.dll
0x00007ffa80c30000 - 0x00007ffa80cda000 	C:\Windows\SYSTEM32\DNSAPI.dll
0x00007ffa842a0000 - 0x00007ffa842a8000 	C:\Windows\system32\NSI.dll
0x00007ffa744a0000 - 0x00007ffa744ad000 	C:\Windows\System32\winrnr.dll
0x00007ffa79ca0000 - 0x00007ffa79d07000 	C:\Windows\System32\fwpuclnt.dll
0x00007ffa82160000 - 0x00007ffa82189000 	C:\Windows\SYSTEM32\bcrypt.dll
0x00007ffa781d0000 - 0x00007ffa781da000 	C:\Windows\System32\rasadhlp.dll
0x0000000180000000 - 0x0000000180051000 	C:\Users\User\git\JavaGame\Game\system\native\lwjgl64.dll
0x00007ffa62330000 - 0x00007ffa62459000 	C:\Windows\SYSTEM32\OPENGL32.dll
0x00007ffa6dec0000 - 0x00007ffa6dfba000 	C:\Windows\SYSTEM32\DDRAW.dll
0x00007ffa7b9d0000 - 0x00007ffa7b9fe000 	C:\Windows\SYSTEM32\GLU32.dll
0x00007ffa7c300000 - 0x00007ffa7c308000 	C:\Windows\SYSTEM32\DCIMAN32.dll
0x00007ffa80ec0000 - 0x00007ffa80f56000 	C:\Windows\system32\uxtheme.dll
0x00007ffa832d0000 - 0x00007ffa8342a000 	C:\Windows\system32\MSCTF.dll
0x00007ffa70f50000 - 0x00007ffa70f7b000 	C:\PROGRA~2\RAPTRI~1\PlaysTV\ltc_help64-114978.dll
0x00007ffa82600000 - 0x00007ffa82655000 	C:\Windows\system32\WINTRUST.dll
0x00007ffa822f0000 - 0x00007ffa82300000 	C:\Windows\system32\MSASN1.dll
0x00007ffa826d0000 - 0x00007ffa82898000 	C:\Windows\system32\CRYPT32.dll
0x00007ffa803b0000 - 0x00007ffa803d2000 	C:\Windows\system32\dwmapi.dll
0x00007ffa7b9b0000 - 0x00007ffa7b9c8000 	C:\Windows\SYSTEM32\atig6pxx.dll
0x0000000067000000 - 0x0000000068dfd000 	C:\Windows\SYSTEM32\atio6axx.dll
0x00007ffa83620000 - 0x00007ffa83a49000 	C:\Windows\system32\SETUPAPI.dll
0x00007ffa65890000 - 0x00007ffa659d1000 	C:\Windows\SYSTEM32\atiadlxx.dll
0x00007ffa83e00000 - 0x00007ffa83f43000 	C:\Windows\system32\ole32.dll
0x00007ffa80050000 - 0x00007ffa801d6000 	C:\Windows\SYSTEM32\PROPSYS.dll
0x00007ffa841d0000 - 0x00007ffa84291000 	C:\Windows\system32\OLEAUT32.dll
0x00007ffa81a90000 - 0x00007ffa81aaf000 	C:\Windows\SYSTEM32\USERENV.dll
0x00007ffa80440000 - 0x00007ffa80453000 	C:\Windows\SYSTEM32\WTSAPI32.dll
0x00007ffa7efb0000 - 0x00007ffa7efe8000 	C:\Windows\SYSTEM32\IPHLPAPI.DLL
0x00007ffa80ce0000 - 0x00007ffa80d07000 	C:\Windows\SYSTEM32\DEVOBJ.dll
0x00007ffa7b890000 - 0x00007ffa7b8bc000 	C:\Windows\SYSTEM32\atig6txx.dll
0x00007ffa595a0000 - 0x00007ffa59631000 	C:\Windows\SYSTEM32\mscms.dll
0x00007ffa78e20000 - 0x00007ffa78e62000 	C:\Windows\SYSTEM32\icm32.dll
0x0000000066e60000 - 0x0000000066ff8000 	C:\Program Files\Java\jre1.8.0_101\bin\awt.dll
0x00007ffa80bb0000 - 0x00007ffa80c29000 	C:\Windows\system32\apphelp.dll
0x0000000066e10000 - 0x0000000066e57000 	C:\Program Files\Java\jre1.8.0_101\bin\fontmanager.dll
0x00007ffa68370000 - 0x00007ffa68580000 	C:\Windows\system32\d3d9.dll
0x00000000690b0000 - 0x00000000690ca000 	C:\Program Files\Java\jre1.8.0_101\bin\net.dll
0x0000000068f60000 - 0x0000000068f71000 	C:\Program Files\Java\jre1.8.0_101\bin\nio.dll
0x0000000066dc0000 - 0x0000000066e02000 	C:\Program Files\Java\jre1.8.0_101\bin\t2k.dll
0x00007ffa81cb0000 - 0x00007ffa81cc7000 	C:\Windows\system32\CRYPTSP.dll
0x00007ffa81940000 - 0x00007ffa81974000 	C:\Windows\system32\rsaenh.dll
0x00007ffa81dd0000 - 0x00007ffa81ddb000 	C:\Windows\SYSTEM32\CRYPTBASE.dll
0x00007ffa83430000 - 0x00007ffa8344c000 	C:\Windows\system32\imagehlp.dll
0x00007ffa812d0000 - 0x00007ffa812f4000 	C:\Windows\SYSTEM32\gpapi.dll
0x00007ffa71260000 - 0x00007ffa7128f000 	C:\Windows\System32\cryptnet.dll
0x00007ffa7a750000 - 0x00007ffa7a75b000 	C:\Windows\SYSTEM32\WINNSI.DLL
0x00007ffa56ec0000 - 0x00007ffa570f3000 	C:\PROGRA~2\RAPTRI~1\PlaysTV\ltc_game64-114978.dll
0x00007ffa72b40000 - 0x00007ffa72c4d000 	C:\Windows\SYSTEM32\mfplat.DLL
0x00007ffa77450000 - 0x00007ffa7747b000 	C:\Windows\SYSTEM32\RTWorkQ.DLL
0x00007ffa7e9f0000 - 0x00007ffa7e9fb000 	C:\Windows\SYSTEM32\Avrt.dll
0x00007ffa68d10000 - 0x00007ffa68e9c000 	C:\Windows\SYSTEM32\dbghelp.dll

VM Arguments:
jvm_args: -agentlib:jdwp=transport=dt_socket,suspend=y,address=localhost:51522 -Djava.library.path=C:\Users\User\git\JavaGame\Game\system\native -Dfile.encoding=Cp1252 
java_command: Game
java_class_path (initial): C:\Users\User\git\JavaGame\Game\bin;C:\Users\User\git\SharedLibrary\SharedLibrary\bin;C:\Users\User\git\JavaGame\Game\system\jar\lwjgl_util.jar;C:\Users\User\git\JavaGame\Game\system\jar\lwjgl.jar;C:\Users\User\git\JavaGame\Game\system\jar\slick-util.jar
Launcher Type: SUN_STANDARD

Environment Variables:
PATH=C:/Program Files/Java/jre1.8.0_101/bin/server;C:/Program Files/Java/jre1.8.0_101/bin;C:/Program Files/Java/jre1.8.0_101/lib/amd64;C:\ProgramData\Oracle\Java\javapath;C:\Windows\system32;C:\Windows;C:\Windows\System32\Wbem;C:\Windows\System32\WindowsPowerShell\v1.0\;C:\Program Files (x86)\AMD\ATI.ACE\Core-Static;C:\Program Files\Microsoft SQL Server\120\Tools\Binn\;C:\Program Files\Microsoft SQL Server\130\Tools\Binn\;C:\Program Files (x86)\Windows Kits\10\Windows Performance Toolkit\;C:\Windows\System32;
USERNAME=User
OS=Windows_NT
PROCESSOR_IDENTIFIER=AMD64 Family 21 Model 2 Stepping 0, AuthenticAMD



---------------  S Y S T E M  ---------------

OS: Windows 10.0 , 64 bit Build 10586 (10.0.10586.0)

CPU:total 6 (6 cores per cpu, 1 threads per core) family 21 model 2 stepping 0, cmov, cx8, fxsr, mmx, sse, sse2, sse3, ssse3, sse4.1, sse4.2, popcnt, avx, aes, clmul, mmxext, 3dnowpref, lzcnt, sse4a, tsc, tscinvbit, tscinv, bmi1

Memory: 4k page, physical 16760116k(13486012k free), swap 19250484k(14610484k free)

vm_info: Java HotSpot(TM) 64-Bit Server VM (25.101-b13) for windows-amd64 JRE (1.8.0_101-b13), built on Jun 22 2016 01:21:29 by "java_re" with MS VC++ 10.0 (VS2010)

time: Sun Aug 14 13:54:55 2016
elapsed time: 19 seconds (0d 0h 0m 19s)

