#
# A fatal error has been detected by the Java Runtime Environment:
#
#  EXCEPTION_ACCESS_VIOLATION (0xc0000005) at pc=0x00007ffdd7f7ec54, pid=8408, tid=7372
#
# JRE version: Java(TM) SE Runtime Environment (8.0_91-b15) (build 1.8.0_91-b15)
# Java VM: Java HotSpot(TM) 64-Bit Server VM (25.91-b15 mixed mode windows-amd64 compressed oops)
# Problematic frame:
# C  [OPENGL32.dll+0xdec54]
#
# Failed to write core dump. Minidumps are not enabled by default on client versions of Windows
#
# If you would like to submit a bug report, please visit:
#   http://bugreport.java.com/bugreport/crash.jsp
#

---------------  T H R E A D  ---------------

Current thread (0x000000001c017800):  VMThread [stack: 0x000000001d6f0000,0x000000001d7f0000] [id=7372]

siginfo: ExceptionCode=0xc0000005, reading address 0x0000000000000a38

Registers:
RAX=0x0000000000000000, RBX=0x000000001f9ae280, RCX=0x0000000000000001, RDX=0x000000001f9ae288
RSP=0x000000001d7eec98, RBP=0x0000000000000000, RSI=0x0000000000000000, RDI=0x0000000027a41a10
R8 =0x000000001d7eed48, R9 =0x000000001bee5400, R10=0x0000000000000000, R11=0x0000000000000246
R12=0x0000000000000000, R13=0x000000001f9a6970, R14=0x000000001f9a6800, R15=0x0000000000000000
RIP=0x00007ffdd7f7ec54, EFLAGS=0x0000000000010283

Top of Stack: (sp=0x000000001d7eec98)
0x000000001d7eec98:   00007ffdd803abfb 0000000000000000
0x000000001d7eeca8:   000000001f9a6800 000000001f9a9560
0x000000001d7eecb8:   00007ffdd80b7a44 0000000027a41a10
0x000000001d7eecc8:   00007ffdd800e32e 000000001f9a9560
0x000000001d7eecd8:   0000000027a97b40 000000001f9a91e0
0x000000001d7eece8:   00007ffdd803ff1d 000000001f9a9f30
0x000000001d7eecf8:   00007ffdd8040730 00007ffdffffffff
0x000000001d7eed08:   00007ffdd804aba0 000000001f9a6950
0x000000001d7eed18:   00007ffdd803fa43 fffffffffffffffe
0x000000001d7eed28:   0000000000000001 0000000000000000
0x000000001d7eed38:   00007ffdd8041009 0000000027a41a10
0x000000001d7eed48:   000000001f9a9f30 0000000027a41a10
0x000000001d7eed58:   00007ffdd80b7a44 fffffffffffffffe
0x000000001d7eed68:   0000000000000000 0000000000000001
0x000000001d7eed78:   000000001f9a6948 000000001f9a6800
0x000000001d7eed88:   00007ffdd80c06a1 00007ffdd81f3d70 

Instructions: (pc=0x00007ffdd7f7ec54)
0x00007ffdd7f7ec34:   cc cc cc cc cc cc 66 0f 1f 44 00 00 8b 05 82 94
0x00007ffdd7f7ec44:   01 00 83 f8 40 73 0f 65 48 8b 04 c5 80 14 00 00
0x00007ffdd7f7ec54:   ff a0 38 0a 00 00 b8 47 01 00 00 e9 ec d4 ff ff
0x00007ffdd7f7ec64:   cc cc cc cc cc cc 66 0f 1f 44 00 00 8b 05 52 94 


Register to memory mapping:

RAX=0x0000000000000000 is an unknown value
RBX=0x000000001f9ae280 is an unknown value
RCX=0x0000000000000001 is an unknown value
RDX=0x000000001f9ae288 is an unknown value
RSP=0x000000001d7eec98 is an unknown value
RBP=0x0000000000000000 is an unknown value
RSI=0x0000000000000000 is an unknown value
RDI=0x0000000027a41a10 is an unknown value
R8 =0x000000001d7eed48 is an unknown value
R9 =0x000000001bee5400 is an unknown value
R10=0x0000000000000000 is an unknown value
R11=0x0000000000000246 is an unknown value
R12=0x0000000000000000 is an unknown value
R13=0x000000001f9a6970 is an unknown value
R14=0x000000001f9a6800 is an unknown value
R15=0x0000000000000000 is an unknown value


Stack: [0x000000001d6f0000,0x000000001d7f0000],  sp=0x000000001d7eec98,  free space=1019k
Native frames: (J=compiled Java code, j=interpreted, Vv=VM code, C=native code)

VM_Operation (0x000000001fe4efa0): Exit, mode: safepoint, requested by thread 0x000000001e6c0000


---------------  P R O C E S S  ---------------

Java Threads: ( => current thread )
  0x000000001e463800 JavaThread "AWT-Shutdown" [_thread_blocked, id=1104, stack(0x0000000037510000,0x0000000037610000)]
  0x000000001f36f000 JavaThread "LWJGL Timer" daemon [_thread_blocked, id=6176, stack(0x00000000272e0000,0x00000000273e0000)]
  0x000000001e6c0000 JavaThread "Thread-1" [_thread_blocked, id=4924, stack(0x000000001fd50000,0x000000001fe50000)]
  0x000000000256e000 JavaThread "DestroyJavaVM" [_thread_blocked, id=10940, stack(0x0000000002570000,0x0000000002670000)]
  0x000000001f063800 JavaThread "Java2D Disposer" daemon [_thread_blocked, id=1780, stack(0x000000001f820000,0x000000001f920000)]
  0x000000001e393000 JavaThread "Service Thread" daemon [_thread_blocked, id=8592, stack(0x000000001ea20000,0x000000001eb20000)]
  0x000000001e330000 JavaThread "C1 CompilerThread2" daemon [_thread_blocked, id=3252, stack(0x000000001e920000,0x000000001ea20000)]
  0x000000001e32d000 JavaThread "C2 CompilerThread1" daemon [_thread_blocked, id=8056, stack(0x000000001e820000,0x000000001e920000)]
  0x000000001e329800 JavaThread "C2 CompilerThread0" daemon [_thread_blocked, id=7316, stack(0x000000001e720000,0x000000001e820000)]
  0x000000001c06b800 JavaThread "JDWP Command Reader" daemon [_thread_blocked, id=6336, stack(0x000000001e220000,0x000000001e320000)]
  0x000000001c069000 JavaThread "JDWP Event Helper Thread" daemon [_thread_blocked, id=9252, stack(0x000000001e120000,0x000000001e220000)]
  0x000000001c05c800 JavaThread "JDWP Transport Listener: dt_socket" daemon [_thread_blocked, id=10824, stack(0x000000001e020000,0x000000001e120000)]
  0x000000001c050000 JavaThread "Attach Listener" daemon [_thread_blocked, id=10656, stack(0x000000001dbe0000,0x000000001dce0000)]
  0x000000001c04d000 JavaThread "Signal Dispatcher" daemon [_thread_blocked, id=356, stack(0x000000001dae0000,0x000000001dbe0000)]
  0x000000001c03c800 JavaThread "Finalizer" daemon [_thread_blocked, id=10232, stack(0x000000001d8f0000,0x000000001d9f0000)]
  0x0000000002762000 JavaThread "Reference Handler" daemon [_thread_blocked, id=8100, stack(0x000000001d7f0000,0x000000001d8f0000)]

Other Threads:
=>0x000000001c017800 VMThread [stack: 0x000000001d6f0000,0x000000001d7f0000] [id=7372]

VM state:at safepoint (shutting down)

VM Mutex/Monitor currently owned by a thread:  ([mutex/lock_event])
[0x000000000256d2b0] Threads_lock - owner thread: 0x000000001c017800

Heap:
 PSYoungGen      total 76288K, used 22283K [0x000000076ac00000, 0x0000000770100000, 0x00000007c0000000)
  eden space 65536K, 34% used [0x000000076ac00000,0x000000076c1c2cb0,0x000000076ec00000)
  from space 10752K, 0% used [0x000000076f680000,0x000000076f680000,0x0000000770100000)
  to   space 10752K, 0% used [0x000000076ec00000,0x000000076ec00000,0x000000076f680000)
 ParOldGen       total 175104K, used 0K [0x00000006c0400000, 0x00000006caf00000, 0x000000076ac00000)
  object space 175104K, 0% used [0x00000006c0400000,0x00000006c0400000,0x00000006caf00000)
 Metaspace       used 6760K, capacity 6901K, committed 7168K, reserved 1056768K
  class space    used 676K, capacity 735K, committed 768K, reserved 1048576K

Card table byte_map: [0x0000000011b30000,0x0000000012330000] byte_map_base: 0x000000000e52e000

Marking Bits: (ParMarkBitMap*) 0x00000000644a2f70
 Begin Bits: [0x0000000012e90000, 0x0000000016e80000)
 End Bits:   [0x0000000016e80000, 0x000000001ae70000)

Polling page: 0x00000000023a0000

CodeCache: size=245760Kb used=2756Kb max_used=2768Kb free=243003Kb
 bounds [0x0000000002770000, 0x0000000002a30000, 0x0000000011770000]
 total_blobs=1097 nmethods=684 adapters=335
 compilation: enabled

Compilation events (10 events):
Event: 27.299 Thread 0x000000001e330000  680       3       java.lang.Character::isSurrogate (18 bytes)
Event: 27.300 Thread 0x000000001e330000 nmethod 680 0x0000000002a15c10 code [0x0000000002a15d60, 0x0000000002a15f30]
Event: 30.253 Thread 0x000000001e329800  681       4       org.lwjgl.opengl.WindowsDisplay$Rect::copyFromBuffer (37 bytes)
Event: 30.255 Thread 0x000000001e329800 nmethod 681 0x0000000002a23150 code [0x0000000002a232a0, 0x0000000002a233f8]
Event: 30.307 Thread 0x000000001e330000  682       3       sun.nio.cs.UnicodeEncoder::put (53 bytes)
Event: 30.308 Thread 0x000000001e330000 nmethod 682 0x0000000002a24610 code [0x0000000002a247c0, 0x0000000002a24cb8]
Event: 31.316 Thread 0x000000001e32d000  683       4       java.nio.Buffer::nextPutIndex (38 bytes)
Event: 31.317 Thread 0x000000001e32d000 nmethod 683 0x0000000002982450 code [0x0000000002982580, 0x0000000002982618]
Event: 43.036 Thread 0x000000001e329800  684       4       java.util.ArrayList$Itr::<init> (6 bytes)
Event: 43.037 Thread 0x000000001e329800 nmethod 684 0x0000000002a22e50 code [0x0000000002a22f80, 0x0000000002a23058]

GC Heap History (0 events):
No events

Deoptimization events (4 events):
Event: 2.108 Thread 0x000000001e6c0000 Uncommon trap: reason=unstable_if action=reinterpret pc=0x0000000002988270 method=org.lwjgl.input.Keyboard.isKeyDown(I)Z @ 29
Event: 2.760 Thread 0x000000001e6c0000 Uncommon trap: reason=unstable_if action=reinterpret pc=0x000000000299b30c method=Application.update(D)V @ 161
Event: 2.919 Thread 0x000000001e6c0000 Uncommon trap: reason=unstable_if action=reinterpret pc=0x00000000029d5fe4 method=Application.update(D)V @ 184
Event: 44.600 Thread 0x000000001e6c0000 Uncommon trap: reason=unloaded action=reinterpret pc=0x00000000029e155c method=Application.update(D)V @ 423

Internal exceptions (10 events):
Event: 0.043 Thread 0x000000000256e000 Exception <a 'java/lang/NoSuchMethodError': Method sun.misc.Unsafe.defineClass(Ljava/lang/String;[BII)Ljava/lang/Class; name or signature does not match> (0x000000076ac07cc0) thrown at [C:\re\workspace\8-2-build-windows-amd64-cygwin\jdk8u91\7017\hotspot\srTÀ«Ÿê¦?
Event: 0.043 Thread 0x000000000256e000 Exception <a 'java/lang/NoSuchMethodError': Method sun.misc.Unsafe.prefetchRead(Ljava/lang/Object;J)V name or signature does not match> (0x000000076ac07fa8) thrown at [C:\re\workspace\8-2-build-windows-amd64-cygwin\jdk8u91\7017\hotspot\src\share\vm\prims\jù”w.Ü?
Event: 0.438 Thread 0x000000000256e000 Exception <a 'java/security/PrivilegedActionException'> (0x000000076acbf640) thrown at [C:\re\workspace\8-2-build-windows-amd64-cygwin\jdk8u91\7017\hotspot\src\share\vm\prims\jvm.cpp, line 1386]
Event: 0.438 Thread 0x000000000256e000 Exception <a 'java/security/PrivilegedActionException'> (0x000000076acbf850) thrown at [C:\re\workspace\8-2-build-windows-amd64-cygwin\jdk8u91\7017\hotspot\src\share\vm\prims\jvm.cpp, line 1386]
Event: 0.439 Thread 0x000000000256e000 Exception <a 'java/security/PrivilegedActionException'> (0x000000076acc3698) thrown at [C:\re\workspace\8-2-build-windows-amd64-cygwin\jdk8u91\7017\hotspot\src\share\vm\prims\jvm.cpp, line 1386]
Event: 0.439 Thread 0x000000000256e000 Exception <a 'java/security/PrivilegedActionException'> (0x000000076acc38a8) thrown at [C:\re\workspace\8-2-build-windows-amd64-cygwin\jdk8u91\7017\hotspot\src\share\vm\prims\jvm.cpp, line 1386]
Event: 0.445 Thread 0x000000000256e000 Exception <a 'java/io/FileNotFoundException'> (0x000000076acc5c70) thrown at [C:\re\workspace\8-2-build-windows-amd64-cygwin\jdk8u91\7017\hotspot\src\share\vm\prims\jni.cpp, line 709]
Event: 0.505 Thread 0x000000000256e000 Exception <a 'java/lang/NoSuchFieldError': method resolution failed> (0x000000076b022c00) thrown at [C:\re\workspace\8-2-build-windows-amd64-cygwin\jdk8u91\7017\hotspot\src\share\vm\prims\methodHandles.cpp, line 1146]
Event: 0.516 Thread 0x000000000256e000 Exception <a 'java/lang/NoSuchFieldError': method resolution failed> (0x000000076b02ffd0) thrown at [C:\re\workspace\8-2-build-windows-amd64-cygwin\jdk8u91\7017\hotspot\src\share\vm\prims\methodHandles.cpp, line 1146]
Event: 44.635 Thread 0x000000001e462800 Exception <a 'org/lwjgl/LWJGLException': Failed to set device gamma.> (0x000000076bf337b0) thrown at [C:\re\workspace\8-2-build-windows-amd64-cygwin\jdk8u91\7017\hotspot\src\share\vm\prims\jni.cpp, line 735]

Events (10 events):
Event: 44.614 loading class java/util/IdentityHashMap$KeySet done
Event: 44.615 loading class java/util/IdentityHashMap$KeyIterator
Event: 44.623 loading class java/util/IdentityHashMap$KeyIterator done
Event: 44.623 Thread 0x000000001e462000 Thread added: 0x000000001e462000
Event: 44.623 Thread 0x000000001e462800 Thread added: 0x000000001e462800
Event: 44.624 Thread 0x000000001e463800 Thread added: 0x000000001e463800
Event: 44.635 Thread 0x000000001e462800 Thread exited: 0x000000001e462800
Event: 44.686 Thread 0x000000001e6af800 Thread exited: 0x000000001e6af800
Event: 44.725 Thread 0x000000001e462000 Thread exited: 0x000000001e462000
Event: 44.725 Executing VM operation: Exit


Dynamic libraries:
0x00007ff736fb0000 - 0x00007ff736fe7000 	C:\Program Files\Java\jdk1.8.0_91\bin\javaw.exe
0x00007ffdf6c60000 - 0x00007ffdf6e31000 	C:\WINDOWS\SYSTEM32\ntdll.dll
0x00007ffdf42a0000 - 0x00007ffdf434b000 	C:\WINDOWS\System32\KERNEL32.DLL
0x00007ffdf3150000 - 0x00007ffdf336d000 	C:\WINDOWS\System32\KERNELBASE.dll
0x00007ffdf41f0000 - 0x00007ffdf4292000 	C:\WINDOWS\System32\ADVAPI32.dll
0x00007ffdf4560000 - 0x00007ffdf45fe000 	C:\WINDOWS\System32\msvcrt.dll
0x00007ffdf6b30000 - 0x00007ffdf6b89000 	C:\WINDOWS\System32\sechost.dll
0x00007ffdf4960000 - 0x00007ffdf4a81000 	C:\WINDOWS\System32\RPCRT4.dll
0x00007ffdf69c0000 - 0x00007ffdf6b25000 	C:\WINDOWS\System32\USER32.dll
0x00007ffdf3420000 - 0x00007ffdf343e000 	C:\WINDOWS\System32\win32u.dll
0x00007ffdf6bc0000 - 0x00007ffdf6bf4000 	C:\WINDOWS\System32\GDI32.dll
0x00007ffdf3e30000 - 0x00007ffdf3fb2000 	C:\WINDOWS\System32\gdi32full.dll
0x00007ffde33e0000 - 0x00007ffde3659000 	C:\WINDOWS\WinSxS\amd64_microsoft.windows.common-controls_6595b64144ccf1df_6.0.14393.447_none_42191651c6827bb3\COMCTL32.dll
0x00007ffdf66f0000 - 0x00007ffdf69b8000 	C:\WINDOWS\System32\combase.dll
0x00007ffdf3590000 - 0x00007ffdf3685000 	C:\WINDOWS\System32\ucrtbase.dll
0x00007ffdf3dc0000 - 0x00007ffdf3e2a000 	C:\WINDOWS\System32\bcryptPrimitives.dll
0x00007ffdf6b90000 - 0x00007ffdf6bbe000 	C:\WINDOWS\System32\IMM32.DLL
0x0000000064530000 - 0x0000000064602000 	C:\Program Files\Java\jdk1.8.0_91\jre\bin\msvcr100.dll
0x0000000063c90000 - 0x0000000064523000 	C:\Program Files\Java\jdk1.8.0_91\jre\bin\server\jvm.dll
0x00007ffdf66e0000 - 0x00007ffdf66e8000 	C:\WINDOWS\System32\PSAPI.DLL
0x00007ffdf10d0000 - 0x00007ffdf10f3000 	C:\WINDOWS\SYSTEM32\WINMM.dll
0x00007ffde8020000 - 0x00007ffde8029000 	C:\WINDOWS\SYSTEM32\WSOCK32.dll
0x00007ffdeeb00000 - 0x00007ffdeeb0a000 	C:\WINDOWS\SYSTEM32\VERSION.dll
0x00007ffdf4d30000 - 0x00007ffdf4d9a000 	C:\WINDOWS\System32\WS2_32.dll
0x00000000023d0000 - 0x00000000023fb000 	C:\WINDOWS\SYSTEM32\WINMMBASE.dll
0x00007ffdf3d70000 - 0x00007ffdf3db2000 	C:\WINDOWS\System32\cfgmgr32.dll
0x0000000063c80000 - 0x0000000063c8f000 	C:\Program Files\Java\jdk1.8.0_91\jre\bin\verify.dll
0x0000000063c50000 - 0x0000000063c79000 	C:\Program Files\Java\jdk1.8.0_91\jre\bin\java.dll
0x0000000063c10000 - 0x0000000063c45000 	C:\Program Files\Java\jdk1.8.0_91\jre\bin\jdwp.dll
0x0000000063c00000 - 0x0000000063c08000 	C:\Program Files\Java\jdk1.8.0_91\jre\bin\npt.dll
0x0000000063be0000 - 0x0000000063bf6000 	C:\Program Files\Java\jdk1.8.0_91\jre\bin\zip.dll
0x00007ffdf51d0000 - 0x00007ffdf66d9000 	C:\WINDOWS\System32\SHELL32.dll
0x00007ffdf3690000 - 0x00007ffdf3d6a000 	C:\WINDOWS\System32\windows.storage.dll
0x00007ffdf30c0000 - 0x00007ffdf310c000 	C:\WINDOWS\System32\powrprof.dll
0x00007ffdf44f0000 - 0x00007ffdf4542000 	C:\WINDOWS\System32\shlwapi.dll
0x00007ffdf3140000 - 0x00007ffdf314f000 	C:\WINDOWS\System32\kernel.appcore.dll
0x00007ffdf3370000 - 0x00007ffdf3419000 	C:\WINDOWS\System32\shcore.dll
0x00007ffdf3120000 - 0x00007ffdf3134000 	C:\WINDOWS\System32\profapi.dll
0x0000000063bd0000 - 0x0000000063bd9000 	C:\Program Files\Java\jdk1.8.0_91\jre\bin\dt_socket.dll
0x00007ffde6d20000 - 0x00007ffde6d36000 	C:\WINDOWS\system32\napinsp.dll
0x00007ffde6d40000 - 0x00007ffde6d5a000 	C:\WINDOWS\system32\pnrpnsp.dll
0x00007ffdf0ac0000 - 0x00007ffdf0ad8000 	C:\WINDOWS\system32\NLAapi.dll
0x00007ffdf2920000 - 0x00007ffdf297c000 	C:\WINDOWS\System32\mswsock.dll
0x00007ffdf2700000 - 0x00007ffdf27a0000 	C:\WINDOWS\SYSTEM32\DNSAPI.dll
0x00007ffdf4550000 - 0x00007ffdf4558000 	C:\WINDOWS\System32\NSI.dll
0x00007ffdf26b0000 - 0x00007ffdf26e8000 	C:\WINDOWS\SYSTEM32\IPHLPAPI.DLL
0x00007ffde6d60000 - 0x00007ffde6d6e000 	C:\WINDOWS\System32\winrnr.dll
0x00007ffdec300000 - 0x00007ffdec36a000 	C:\WINDOWS\System32\fwpuclnt.dll
0x00007ffdf2dc0000 - 0x00007ffdf2deb000 	C:\WINDOWS\SYSTEM32\bcrypt.dll
0x00007ffde96a0000 - 0x00007ffde96aa000 	C:\Windows\System32\rasadhlp.dll
0x0000000063a30000 - 0x0000000063bc8000 	C:\Program Files\Java\jdk1.8.0_91\jre\bin\awt.dll
0x00007ffdf4600000 - 0x00007ffdf46bf000 	C:\WINDOWS\System32\OLEAUT32.dll
0x00007ffdf34f0000 - 0x00007ffdf358c000 	C:\WINDOWS\System32\msvcp_win.dll
0x00007ffdf1680000 - 0x00007ffdf16fa000 	C:\WINDOWS\SYSTEM32\apphelp.dll
0x00007ffdf1850000 - 0x00007ffdf18e5000 	C:\WINDOWS\system32\uxtheme.dll
0x00007ffdf46e0000 - 0x00007ffdf483b000 	C:\WINDOWS\System32\MSCTF.dll
0x00007ffde5340000 - 0x00007ffde536c000 	C:\PROGRA~2\RAPTRI~1\PlaysTV\ltc_help64-119232.dll
0x00007ffdf3fc0000 - 0x00007ffdf4015000 	C:\WINDOWS\System32\WINTRUST.dll
0x00007ffdf3110000 - 0x00007ffdf3120000 	C:\WINDOWS\System32\MSASN1.dll
0x00007ffdf4020000 - 0x00007ffdf41e9000 	C:\WINDOWS\System32\CRYPT32.dll
0x00007ffdf0f20000 - 0x00007ffdf0f46000 	C:\WINDOWS\system32\dwmapi.dll
0x00007ffdf4350000 - 0x00007ffdf4487000 	C:\WINDOWS\System32\ole32.dll
0x0000000180000000 - 0x0000000180051000 	C:\Users\User\git\JavaGame\Game\resources\native\windows\lwjgl64.dll
0x00007ffdd7ea0000 - 0x00007ffdd7fc3000 	C:\WINDOWS\SYSTEM32\OPENGL32.dll
0x00007ffdd9b70000 - 0x00007ffdd9b9d000 	C:\WINDOWS\SYSTEM32\GLU32.dll
0x00007ffdd7d00000 - 0x00007ffdd7df7000 	C:\WINDOWS\SYSTEM32\DDRAW.dll
0x00007ffde6f10000 - 0x00007ffde6f18000 	C:\WINDOWS\SYSTEM32\DCIMAN32.dll
0x00007ffdd9b50000 - 0x00007ffdd9b6f000 	C:\WINDOWS\System32\DriverStore\FileRepository\c0309270.inf_amd64_47c09dd18e1ee4c5\atig6pxx.dll
0x0000000061910000 - 0x0000000063a24000 	C:\WINDOWS\System32\DriverStore\FileRepository\c0309270.inf_amd64_47c09dd18e1ee4c5\atio6axx.dll
0x00007ffdf4da0000 - 0x00007ffdf51c9000 	C:\WINDOWS\System32\SETUPAPI.dll
0x00007ffdebaf0000 - 0x00007ffdebb13000 	C:\WINDOWS\SYSTEM32\dxva2.dll
0x00007ffdd9b10000 - 0x00007ffdd9b43000 	C:\WINDOWS\System32\DriverStore\FileRepository\c0309270.inf_amd64_47c09dd18e1ee4c5\atig6txx.dll
0x00007ffdd8510000 - 0x00007ffdd8664000 	C:\WINDOWS\SYSTEM32\atiadlxx.dll
0x00007ffdf0d60000 - 0x00007ffdf0ee5000 	C:\WINDOWS\SYSTEM32\PROPSYS.dll
0x00007ffdf27a0000 - 0x00007ffdf27bf000 	C:\WINDOWS\SYSTEM32\USERENV.dll
0x00007ffdf0d40000 - 0x00007ffdf0d53000 	C:\WINDOWS\SYSTEM32\WTSAPI32.dll
0x00007ffdf1d50000 - 0x00007ffdf1d78000 	C:\WINDOWS\SYSTEM32\DEVOBJ.dll
0x00007ffdd9630000 - 0x00007ffdd96c1000 	C:\WINDOWS\SYSTEM32\mscms.dll
0x00007ffdd9ac0000 - 0x00007ffdd9b02000 	C:\WINDOWS\SYSTEM32\icm32.dll
0x00007ffdf2ba0000 - 0x00007ffdf2bb7000 	C:\WINDOWS\System32\CRYPTSP.dll
0x00007ffdf2aa0000 - 0x00007ffdf2ad3000 	C:\WINDOWS\system32\rsaenh.dll
0x00007ffdf2b90000 - 0x00007ffdf2b9b000 	C:\WINDOWS\SYSTEM32\CRYPTBASE.dll
0x00007ffdf46c0000 - 0x00007ffdf46dc000 	C:\WINDOWS\System32\imagehlp.dll
0x00007ffdf1fc0000 - 0x00007ffdf1fe3000 	C:\WINDOWS\SYSTEM32\gpapi.dll
0x00007ffddd460000 - 0x00007ffddd48f000 	C:\Windows\System32\cryptnet.dll
0x00007ffdef280000 - 0x00007ffdef28b000 	C:\WINDOWS\SYSTEM32\WINNSI.DLL
0x00007ffdd7fd0000 - 0x00007ffdd8210000 	C:\PROGRA~2\RAPTRI~1\PlaysTV\ltc_game64-119232.dll
0x00007ffde5440000 - 0x00007ffde55a8000 	C:\WINDOWS\SYSTEM32\mfplat.DLL
0x00007ffde9c60000 - 0x00007ffde9c8e000 	C:\WINDOWS\SYSTEM32\RTWorkQ.DLL
0x00007ffdeeea0000 - 0x00007ffdeeeab000 	C:\WINDOWS\SYSTEM32\Avrt.dll
0x00007ffdf48c0000 - 0x00007ffdf495f000 	C:\WINDOWS\System32\clbcatq.dll
0x00007ffdf0160000 - 0x00007ffdf0308000 	C:\WINDOWS\system32\windowscodecs.dll
0x00007ffde7e00000 - 0x00007ffde7f92000 	C:\WINDOWS\SYSTEM32\dbghelp.dll

VM Arguments:
jvm_args: -agentlib:jdwp=transport=dt_socket,suspend=y,address=localhost:49504 -Djava.library.path=C:\Users\User\git\JavaGame\Game\resources\native\windows -Dfile.encoding=Cp1252 
java_command: Application
java_class_path (initial): C:\Users\User\git\JavaGame\Game\bin;C:\Users\User\git\JavaGame\Game\resources\libraries\lwjgl_util.jar;C:\Users\User\git\JavaGame\Game\resources\libraries\lwjgl.jar;C:\Users\User\git\JavaGame\Game\resources\libraries\slick-util.jar
Launcher Type: SUN_STANDARD

Environment Variables:
PATH=C:\Program Files\Java\jdk1.8.0_91\jre\bin;C:/Program Files/Java/jre1.8.0_111/bin/server;C:/Program Files/Java/jre1.8.0_111/bin;C:/Program Files/Java/jre1.8.0_111/lib/amd64;C:\ProgramData\Oracle\Java\javapath;C:\WINDOWS\system32;C:\WINDOWS;C:\WINDOWS\System32\Wbem;C:\WINDOWS\System32\WindowsPowerShell\v1.0\;C:\Program Files (x86)\AMD\ATI.ACE\Core-Static;C:\Users\User\AppData\Local\Microsoft\WindowsApps;;C:\Users\User\eclipse;
USERNAME=User
OS=Windows_NT
PROCESSOR_IDENTIFIER=AMD64 Family 21 Model 2 Stepping 0, AuthenticAMD



---------------  S Y S T E M  ---------------

OS: Windows 10.0 , 64 bit Build 14393 (10.0.14393.0)

CPU:total 6 (6 cores per cpu, 1 threads per core) family 21 model 2 stepping 0, cmov, cx8, fxsr, mmx, sse, sse2, sse3, ssse3, sse4.1, sse4.2, popcnt, avx, aes, clmul, mmxext, 3dnowpref, lzcnt, sse4a, tsc, tscinvbit, tscinv, bmi1

Memory: 4k page, physical 16760116k(12903548k free), swap 19250484k(13729528k free)

vm_info: Java HotSpot(TM) 64-Bit Server VM (25.91-b15) for windows-amd64 JRE (1.8.0_91-b15), built on May 20 2016 17:43:15 by "java_re" with MS VC++ 10.0 (VS2010)

time: Mon Dec 26 19:10:19 2016
elapsed time: 44 seconds (0d 0h 0m 44s)

