#
# A fatal error has been detected by the Java Runtime Environment:
#
#  EXCEPTION_ACCESS_VIOLATION (0xc0000005) at pc=0x00007ffef665ec54, pid=10188, tid=11004
#
# JRE version: Java(TM) SE Runtime Environment (8.0_91-b15) (build 1.8.0_91-b15)
# Java VM: Java HotSpot(TM) 64-Bit Server VM (25.91-b15 mixed mode windows-amd64 compressed oops)
# Problematic frame:
# C  [OPENGL32.dll+0xdec54]
#
# Failed to write core dump. Minidumps are not enabled by default on client versions of Windows
#
# If you would like to submit a bug report, please visit:
#   http://bugreport.java.com/bugreport/crash.jsp
#

---------------  T H R E A D  ---------------

Current thread (0x000000001bec7800):  VMThread [stack: 0x000000001d570000,0x000000001d670000] [id=11004]

siginfo: ExceptionCode=0xc0000005, reading address 0x0000000000000a38

Registers:
RAX=0x0000000000000000, RBX=0x000000002706e3f0, RCX=0x0000000000000001, RDX=0x000000002706e3f8
RSP=0x000000001d66f2e8, RBP=0x0000000000000000, RSI=0x0000000000000000, RDI=0x0000000027073340
R8 =0x000000001d66f398, R9 =0x000000001bd95400, R10=0x0000000000000000, R11=0x0000000000000246
R12=0x0000000000000000, R13=0x0000000027066910, R14=0x00000000270667a0, R15=0x0000000000000000
RIP=0x00007ffef665ec54, EFLAGS=0x0000000000010283

Top of Stack: (sp=0x000000001d66f2e8)
0x000000001d66f2e8:   00007ffefc0aa99b 0000000027068eb0
0x000000001d66f2f8:   00007fff1f48cfb6 0000000027060000
0x000000001d66f308:   00007ffefc197360 0000000027073340
0x000000001d66f318:   00007ffefc07dd8e 000000002706aa80
0x000000001d66f328:   000000002707a570 0000000027068eb0
0x000000001d66f338:   00007ffefc0afc8d 0000000027071530
0x000000001d66f348:   00007ffefc0b04a0 00007ffeffffffff
0x000000001d66f358:   00007ffefc0bada0 00000000270668f0
0x000000001d66f368:   00007ffefc0af7b3 fffffffffffffffe
0x000000001d66f378:   000000001d66f3e0 0000000000000000
0x000000001d66f388:   00007ffefc0b0d79 0000000027073340
0x000000001d66f398:   0000000027071530 0000000027073340
0x000000001d66f3a8:   00007ffefc127fec fffffffffffffffe
0x000000001d66f3b8:   0000000000000000 0000000000000001
0x000000001d66f3c8:   00000000270668e8 00000000270667a0
0x000000001d66f3d8:   00007ffefc130c51 00007ffefc264d70 

Instructions: (pc=0x00007ffef665ec54)
0x00007ffef665ec34:   cc cc cc cc cc cc 66 0f 1f 44 00 00 8b 05 82 94
0x00007ffef665ec44:   01 00 83 f8 40 73 0f 65 48 8b 04 c5 80 14 00 00
0x00007ffef665ec54:   ff a0 38 0a 00 00 b8 47 01 00 00 e9 ec d4 ff ff
0x00007ffef665ec64:   cc cc cc cc cc cc 66 0f 1f 44 00 00 8b 05 52 94 


Register to memory mapping:

RAX=0x0000000000000000 is an unknown value
RBX=0x000000002706e3f0 is an unknown value
RCX=0x0000000000000001 is an unknown value
RDX=0x000000002706e3f8 is an unknown value
RSP=0x000000001d66f2e8 is an unknown value
RBP=0x0000000000000000 is an unknown value
RSI=0x0000000000000000 is an unknown value
RDI=0x0000000027073340 is an unknown value
R8 =0x000000001d66f398 is an unknown value
R9 =0x000000001bd95400 is an unknown value
R10=0x0000000000000000 is an unknown value
R11=0x0000000000000246 is an unknown value
R12=0x0000000000000000 is an unknown value
R13=0x0000000027066910 is an unknown value
R14=0x00000000270667a0 is an unknown value
R15=0x0000000000000000 is an unknown value


Stack: [0x000000001d570000,0x000000001d670000],  sp=0x000000001d66f2e8,  free space=1020k
Native frames: (J=compiled Java code, j=interpreted, Vv=VM code, C=native code)

VM_Operation (0x000000001fc9de70): Exit, mode: safepoint, requested by thread 0x000000001e66a800


---------------  P R O C E S S  ---------------

Java Threads: ( => current thread )
  0x000000001f2aa800 JavaThread "LWJGL Timer" daemon [_thread_blocked, id=10744, stack(0x000000002bfa0000,0x000000002c0a0000)]
  0x000000000241e000 JavaThread "DestroyJavaVM" [_thread_blocked, id=8920, stack(0x0000000002420000,0x0000000002520000)]
  0x000000001e66a800 JavaThread "AWT-EventQueue-0" [_thread_blocked, id=11140, stack(0x000000001fba0000,0x000000001fca0000)]
  0x000000001efb9000 JavaThread "AWT-Shutdown" [_thread_blocked, id=3884, stack(0x000000001f8a0000,0x000000001f9a0000)]
  0x000000001efb8800 JavaThread "Java2D Disposer" daemon [_thread_blocked, id=11824, stack(0x000000001f7a0000,0x000000001f8a0000)]
  0x000000001e32d000 JavaThread "Service Thread" daemon [_thread_blocked, id=3008, stack(0x000000001e9a0000,0x000000001eaa0000)]
  0x000000001e2b1000 JavaThread "C1 CompilerThread2" daemon [_thread_blocked, id=8312, stack(0x000000001e8a0000,0x000000001e9a0000)]
  0x000000001e2ae800 JavaThread "C2 CompilerThread1" daemon [_thread_blocked, id=7612, stack(0x000000001e7a0000,0x000000001e8a0000)]
  0x000000001bf1d800 JavaThread "C2 CompilerThread0" daemon [_thread_blocked, id=3064, stack(0x000000001e6a0000,0x000000001e7a0000)]
  0x000000001bf1c800 JavaThread "JDWP Command Reader" daemon [_thread_blocked, id=5332, stack(0x000000001e1a0000,0x000000001e2a0000)]
  0x000000001bf1a000 JavaThread "JDWP Event Helper Thread" daemon [_thread_blocked, id=4000, stack(0x000000001e0a0000,0x000000001e1a0000)]
  0x000000001bf06000 JavaThread "JDWP Transport Listener: dt_socket" daemon [_thread_blocked, id=5228, stack(0x000000001dfa0000,0x000000001e0a0000)]
  0x000000001bf0d800 JavaThread "Attach Listener" daemon [_thread_blocked, id=11436, stack(0x000000001db60000,0x000000001dc60000)]
  0x000000001bf0a000 JavaThread "Signal Dispatcher" daemon [_thread_blocked, id=11508, stack(0x000000001da60000,0x000000001db60000)]
  0x000000000261b000 JavaThread "Finalizer" daemon [_thread_blocked, id=11320, stack(0x000000001d770000,0x000000001d870000)]
  0x0000000002612000 JavaThread "Reference Handler" daemon [_thread_blocked, id=1892, stack(0x000000001d670000,0x000000001d770000)]

Other Threads:
=>0x000000001bec7800 VMThread [stack: 0x000000001d570000,0x000000001d670000] [id=11004]

VM state:at safepoint (shutting down)

VM Mutex/Monitor currently owned by a thread:  ([mutex/lock_event])
[0x000000000241d080] Threads_lock - owner thread: 0x000000001bec7800

Heap:
 PSYoungGen      total 76288K, used 18350K [0x000000076ac00000, 0x0000000770100000, 0x00000007c0000000)
  eden space 65536K, 28% used [0x000000076ac00000,0x000000076bdebba0,0x000000076ec00000)
  from space 10752K, 0% used [0x000000076f680000,0x000000076f680000,0x0000000770100000)
  to   space 10752K, 0% used [0x000000076ec00000,0x000000076ec00000,0x000000076f680000)
 ParOldGen       total 175104K, used 0K [0x00000006c0400000, 0x00000006caf00000, 0x000000076ac00000)
  object space 175104K, 0% used [0x00000006c0400000,0x00000006c0400000,0x00000006caf00000)
 Metaspace       used 9137K, capacity 9301K, committed 9472K, reserved 1058816K
  class space    used 944K, capacity 1023K, committed 1024K, reserved 1048576K

Card table byte_map: [0x00000000119e0000,0x00000000121e0000] byte_map_base: 0x000000000e3de000

Marking Bits: (ParMarkBitMap*) 0x000000006ad92f70
 Begin Bits: [0x0000000012d40000, 0x0000000016d30000)
 End Bits:   [0x0000000016d30000, 0x000000001ad20000)

Polling page: 0x0000000000be0000

CodeCache: size=245760Kb used=2854Kb max_used=2865Kb free=242905Kb
 bounds [0x0000000002620000, 0x00000000028f0000, 0x0000000011620000]
 total_blobs=1248 nmethods=745 adapters=425
 compilation: enabled

Compilation events (10 events):
Event: 22.489 Thread 0x000000001bf1d800  741       4       java.nio.HeapByteBuffer::put (167 bytes)
Event: 22.493 Thread 0x000000001bf1d800 nmethod 741 0x00000000028ea390 code [0x00000000028ea4e0, 0x00000000028ea858]
Event: 22.981 Thread 0x000000001e2b1000  742  s    3       org.lwjgl.opengl.EventQueue::putEvent (80 bytes)
Event: 22.982 Thread 0x000000001e2b1000 nmethod 742 0x00000000028e4b50 code [0x00000000028e4da0, 0x00000000028e5e88]
Event: 23.673 Thread 0x000000001e2ae800  743  s    4       org.lwjgl.opengl.EventQueue::copyEvents (77 bytes)
Event: 23.682 Thread 0x000000001e2ae800 nmethod 743 0x00000000028ed010 code [0x00000000028ed1a0, 0x00000000028ede78]
Event: 25.188 Thread 0x000000001e2b1000  744       3       java.lang.Character::isSurrogate (18 bytes)
Event: 25.189 Thread 0x000000001e2b1000 nmethod 744 0x00000000028e7810 code [0x00000000028e7960, 0x00000000028e7b30]
Event: 28.189 Thread 0x000000001e2b1000  745       3       sun.nio.cs.UnicodeEncoder::put (53 bytes)
Event: 28.190 Thread 0x000000001e2b1000 nmethod 745 0x00000000028e8d10 code [0x00000000028e8ec0, 0x00000000028e93b8]

GC Heap History (0 events):
No events

Deoptimization events (1 events):
Event: 1.016 Thread 0x000000001e66a800 Uncommon trap: reason=unstable_if action=reinterpret pc=0x00000000027cd10c method=java.lang.String.indexOf([CII[CIII)I @ 3

Internal exceptions (10 events):
Event: 0.046 Thread 0x000000000241e000 Exception <a 'java/lang/NoSuchMethodError': Method sun.misc.Unsafe.defineClass(Ljava/lang/String;[BII)Ljava/lang/Class; name or signature does not match> (0x000000076ac07cc0) thrown at [C:\re\workspace\8-2-build-windows-amd64-cygwin\jdk8u91\7017\hotspot\srÙOÓº§?
Event: 0.046 Thread 0x000000000241e000 Exception <a 'java/lang/NoSuchMethodError': Method sun.misc.Unsafe.prefetchRead(Ljava/lang/Object;J)V name or signature does not match> (0x000000076ac07fa8) thrown at [C:\re\workspace\8-2-build-windows-amd64-cygwin\jdk8u91\7017\hotspot\src\share\vm\prims\jodt±{Ð?
Event: 0.258 Thread 0x000000000241e000 Exception <a 'java/security/PrivilegedActionException'> (0x000000076acae830) thrown at [C:\re\workspace\8-2-build-windows-amd64-cygwin\jdk8u91\7017\hotspot\src\share\vm\prims\jvm.cpp, line 1386]
Event: 0.258 Thread 0x000000000241e000 Exception <a 'java/security/PrivilegedActionException'> (0x000000076acaea40) thrown at [C:\re\workspace\8-2-build-windows-amd64-cygwin\jdk8u91\7017\hotspot\src\share\vm\prims\jvm.cpp, line 1386]
Event: 0.258 Thread 0x000000000241e000 Exception <a 'java/security/PrivilegedActionException'> (0x000000076acb2888) thrown at [C:\re\workspace\8-2-build-windows-amd64-cygwin\jdk8u91\7017\hotspot\src\share\vm\prims\jvm.cpp, line 1386]
Event: 0.258 Thread 0x000000000241e000 Exception <a 'java/security/PrivilegedActionException'> (0x000000076acb2a98) thrown at [C:\re\workspace\8-2-build-windows-amd64-cygwin\jdk8u91\7017\hotspot\src\share\vm\prims\jvm.cpp, line 1386]
Event: 0.264 Thread 0x000000000241e000 Exception <a 'java/io/FileNotFoundException'> (0x000000076acb4e60) thrown at [C:\re\workspace\8-2-build-windows-amd64-cygwin\jdk8u91\7017\hotspot\src\share\vm\prims\jni.cpp, line 709]
Event: 0.313 Thread 0x000000000241e000 Exception <a 'java/lang/NoSuchFieldError': method resolution failed> (0x000000076b011ed8) thrown at [C:\re\workspace\8-2-build-windows-amd64-cygwin\jdk8u91\7017\hotspot\src\share\vm\prims\methodHandles.cpp, line 1146]
Event: 0.318 Thread 0x000000000241e000 Exception <a 'java/lang/NoSuchFieldError': method resolution failed> (0x000000076b01f2a8) thrown at [C:\re\workspace\8-2-build-windows-amd64-cygwin\jdk8u91\7017\hotspot\src\share\vm\prims\methodHandles.cpp, line 1146]
Event: 1.150 Thread 0x000000001e66a800 Exception <a 'java/io/FileNotFoundException'> (0x000000076b8486e0) thrown at [C:\re\workspace\8-2-build-windows-amd64-cygwin\jdk8u91\7017\hotspot\src\share\vm\prims\jni.cpp, line 709]

Events (10 events):
Event: 36.515 Thread 0x000000001e5e7000 Thread added: 0x000000001e5e7000
Event: 36.515 loading class java/util/WeakHashMap$KeyIterator
Event: 36.515 loading class java/util/WeakHashMap$HashIterator
Event: 36.515 Thread 0x000000001e5e5800 Thread exited: 0x000000001e5e5800
Event: 36.516 loading class java/util/WeakHashMap$HashIterator done
Event: 36.516 loading class java/util/WeakHashMap$KeyIterator done
Event: 36.516 Thread 0x000000001e5e6800 Thread exited: 0x000000001e5e6800
Event: 36.517 Thread 0x000000001effc800 Thread exited: 0x000000001effc800
Event: 36.617 Thread 0x000000001e5e7000 Thread exited: 0x000000001e5e7000
Event: 36.617 Executing VM operation: Exit


Dynamic libraries:
0x00007ff611940000 - 0x00007ff611977000 	C:\Program Files\Java\jdk1.8.0_91\bin\javaw.exe
0x00007fff1f450000 - 0x00007fff1f621000 	C:\WINDOWS\SYSTEM32\ntdll.dll
0x00007fff1f3a0000 - 0x00007fff1f44b000 	C:\WINDOWS\System32\KERNEL32.DLL
0x00007fff1bb60000 - 0x00007fff1bd7d000 	C:\WINDOWS\System32\KERNELBASE.dll
0x00007fff1f100000 - 0x00007fff1f1a2000 	C:\WINDOWS\System32\ADVAPI32.dll
0x00007fff1d6e0000 - 0x00007fff1d77e000 	C:\WINDOWS\System32\msvcrt.dll
0x00007fff1d250000 - 0x00007fff1d2a9000 	C:\WINDOWS\System32\sechost.dll
0x00007fff1eec0000 - 0x00007fff1efe1000 	C:\WINDOWS\System32\RPCRT4.dll
0x00007fff1caa0000 - 0x00007fff1cc05000 	C:\WINDOWS\System32\USER32.dll
0x00007fff1c870000 - 0x00007fff1c88e000 	C:\WINDOWS\System32\win32u.dll
0x00007fff1eff0000 - 0x00007fff1f024000 	C:\WINDOWS\System32\GDI32.dll
0x00007fff1bd80000 - 0x00007fff1bf02000 	C:\WINDOWS\System32\gdi32full.dll
0x00007fff0ed60000 - 0x00007fff0efd9000 	C:\WINDOWS\WinSxS\amd64_microsoft.windows.common-controls_6595b64144ccf1df_6.0.14393.447_none_42191651c6827bb3\COMCTL32.dll
0x00007fff1cf80000 - 0x00007fff1d248000 	C:\WINDOWS\System32\combase.dll
0x00007fff1b9f0000 - 0x00007fff1bae5000 	C:\WINDOWS\System32\ucrtbase.dll
0x00007fff1baf0000 - 0x00007fff1bb5a000 	C:\WINDOWS\System32\bcryptPrimitives.dll
0x00007fff1ee90000 - 0x00007fff1eebe000 	C:\WINDOWS\System32\IMM32.DLL
0x000000006b980000 - 0x000000006ba52000 	C:\Program Files\Java\jdk1.8.0_91\jre\bin\msvcr100.dll
0x000000006a580000 - 0x000000006ae13000 	C:\Program Files\Java\jdk1.8.0_91\jre\bin\server\jvm.dll
0x00007fff1f390000 - 0x00007fff1f398000 	C:\WINDOWS\System32\PSAPI.DLL
0x00007fff13900000 - 0x00007fff13909000 	C:\WINDOWS\SYSTEM32\WSOCK32.dll
0x00007fff1cc10000 - 0x00007fff1cc7a000 	C:\WINDOWS\System32\WS2_32.dll
0x00007fff19550000 - 0x00007fff19573000 	C:\WINDOWS\SYSTEM32\WINMM.dll
0x00007fff172c0000 - 0x00007fff172ca000 	C:\WINDOWS\SYSTEM32\VERSION.dll
0x00007fff19450000 - 0x00007fff1947b000 	C:\WINDOWS\SYSTEM32\WINMMBASE.dll
0x00007fff1b940000 - 0x00007fff1b982000 	C:\WINDOWS\System32\cfgmgr32.dll
0x000000006b970000 - 0x000000006b97f000 	C:\Program Files\Java\jdk1.8.0_91\jre\bin\verify.dll
0x000000006b940000 - 0x000000006b969000 	C:\Program Files\Java\jdk1.8.0_91\jre\bin\java.dll
0x000000006b900000 - 0x000000006b935000 	C:\Program Files\Java\jdk1.8.0_91\jre\bin\jdwp.dll
0x000000006b8f0000 - 0x000000006b8f8000 	C:\Program Files\Java\jdk1.8.0_91\jre\bin\npt.dll
0x000000006b8d0000 - 0x000000006b8e6000 	C:\Program Files\Java\jdk1.8.0_91\jre\bin\zip.dll
0x00007fff1d980000 - 0x00007fff1ee89000 	C:\WINDOWS\System32\SHELL32.dll
0x00007fff1c0e0000 - 0x00007fff1c7ba000 	C:\WINDOWS\System32\windows.storage.dll
0x00007fff1b8f0000 - 0x00007fff1b93c000 	C:\WINDOWS\System32\powrprof.dll
0x00007fff1d920000 - 0x00007fff1d972000 	C:\WINDOWS\System32\shlwapi.dll
0x00007fff1b8b0000 - 0x00007fff1b8bf000 	C:\WINDOWS\System32\kernel.appcore.dll
0x00007fff1c930000 - 0x00007fff1c9d9000 	C:\WINDOWS\System32\shcore.dll
0x00007fff1b8c0000 - 0x00007fff1b8d4000 	C:\WINDOWS\System32\profapi.dll
0x000000006b8c0000 - 0x000000006b8c9000 	C:\Program Files\Java\jdk1.8.0_91\jre\bin\dt_socket.dll
0x00007fff0bae0000 - 0x00007fff0baf6000 	C:\WINDOWS\system32\napinsp.dll
0x00007fff0bb00000 - 0x00007fff0bb1a000 	C:\WINDOWS\system32\pnrpnsp.dll
0x00007fff195a0000 - 0x00007fff195b8000 	C:\WINDOWS\system32\NLAapi.dll
0x00007fff1b180000 - 0x00007fff1b1dc000 	C:\WINDOWS\System32\mswsock.dll
0x00007fff1af50000 - 0x00007fff1aff0000 	C:\WINDOWS\SYSTEM32\DNSAPI.dll
0x00007fff1f090000 - 0x00007fff1f098000 	C:\WINDOWS\System32\NSI.dll
0x00007fff1af10000 - 0x00007fff1af48000 	C:\WINDOWS\SYSTEM32\IPHLPAPI.DLL
0x00007fff0c3a0000 - 0x00007fff0c3ae000 	C:\WINDOWS\System32\winrnr.dll
0x00007fff13b20000 - 0x00007fff13b8a000 	C:\WINDOWS\System32\fwpuclnt.dll
0x00007fff1b7f0000 - 0x00007fff1b81b000 	C:\WINDOWS\SYSTEM32\bcrypt.dll
0x00007fff12080000 - 0x00007fff1208a000 	C:\Windows\System32\rasadhlp.dll
0x000000006a3e0000 - 0x000000006a578000 	C:\Program Files\Java\jdk1.8.0_91\jre\bin\awt.dll
0x00007fff1c9e0000 - 0x00007fff1ca9f000 	C:\WINDOWS\System32\OLEAUT32.dll
0x00007fff1c890000 - 0x00007fff1c92c000 	C:\WINDOWS\System32\msvcp_win.dll
0x00007fff19e60000 - 0x00007fff19eda000 	C:\WINDOWS\SYSTEM32\apphelp.dll
0x00007fff1a040000 - 0x00007fff1a0d5000 	C:\WINDOWS\system32\uxtheme.dll
0x00007fff1f220000 - 0x00007fff1f37b000 	C:\WINDOWS\System32\MSCTF.dll
0x00007fff14c40000 - 0x00007fff14c6c000 	C:\PROGRA~2\RAPTRI~1\PlaysTV\ltc_help64-119906.dll
0x00007fff1b990000 - 0x00007fff1b9e5000 	C:\WINDOWS\System32\WINTRUST.dll
0x00007fff1b8e0000 - 0x00007fff1b8f0000 	C:\WINDOWS\System32\MSASN1.dll
0x00007fff1bf10000 - 0x00007fff1c0d9000 	C:\WINDOWS\System32\CRYPT32.dll
0x00007fff18d30000 - 0x00007fff18d56000 	C:\WINDOWS\system32\dwmapi.dll
0x00007fff1cca0000 - 0x00007fff1cdd7000 	C:\WINDOWS\System32\ole32.dll
0x0000000180000000 - 0x0000000180051000 	C:\Users\User\git\JavaGame\Game\resources\native\windows\lwjgl64.dll
0x00007ffef6580000 - 0x00007ffef66a3000 	C:\WINDOWS\SYSTEM32\OPENGL32.dll
0x00007fff0d670000 - 0x00007fff0d767000 	C:\WINDOWS\SYSTEM32\DDRAW.dll
0x00007fff0d960000 - 0x00007fff0d98d000 	C:\WINDOWS\SYSTEM32\GLU32.dll
0x00007fff15940000 - 0x00007fff15948000 	C:\WINDOWS\SYSTEM32\DCIMAN32.dll
0x00007fff17810000 - 0x00007fff1782f000 	C:\WINDOWS\System32\DriverStore\FileRepository\c0310011.inf_amd64_7c21aa033b961c28\atig6pxx.dll
0x00000000682c0000 - 0x000000006a3d4000 	C:\WINDOWS\System32\DriverStore\FileRepository\c0310011.inf_amd64_7c21aa033b961c28\atio6axx.dll
0x00007fff1d2b0000 - 0x00007fff1d6d9000 	C:\WINDOWS\System32\SETUPAPI.dll
0x00007fff15900000 - 0x00007fff15923000 	C:\WINDOWS\SYSTEM32\dxva2.dll
0x00007fff0d920000 - 0x00007fff0d953000 	C:\WINDOWS\System32\DriverStore\FileRepository\c0310011.inf_amd64_7c21aa033b961c28\atig6txx.dll
0x00007fff0dc20000 - 0x00007fff0dd74000 	C:\WINDOWS\SYSTEM32\atiadlxx.dll
0x00007fff1b010000 - 0x00007fff1b02f000 	C:\WINDOWS\SYSTEM32\USERENV.dll
0x00007fff18610000 - 0x00007fff18623000 	C:\WINDOWS\SYSTEM32\WTSAPI32.dll
0x00007fff18710000 - 0x00007fff18895000 	C:\WINDOWS\SYSTEM32\PROPSYS.dll
0x00007fff1a400000 - 0x00007fff1a428000 	C:\WINDOWS\SYSTEM32\DEVOBJ.dll
0x00007ffef64e0000 - 0x00007ffef6571000 	C:\WINDOWS\SYSTEM32\mscms.dll
0x00007ffefea70000 - 0x00007ffefeab2000 	C:\WINDOWS\SYSTEM32\icm32.dll
0x00007fff1b330000 - 0x00007fff1b347000 	C:\WINDOWS\SYSTEM32\CRYPTSP.dll
0x00007fff1ad90000 - 0x00007fff1adc3000 	C:\WINDOWS\system32\rsaenh.dll
0x00007fff1b320000 - 0x00007fff1b32b000 	C:\WINDOWS\SYSTEM32\CRYPTBASE.dll
0x000000006b8a0000 - 0x000000006b8ba000 	C:\Program Files\Java\jdk1.8.0_91\jre\bin\net.dll
0x00007fff171b0000 - 0x00007fff171c6000 	C:\WINDOWS\SYSTEM32\dhcpcsvc6.DLL
0x00007fff17340000 - 0x00007fff1735a000 	C:\WINDOWS\SYSTEM32\dhcpcsvc.DLL
0x000000006b880000 - 0x000000006b891000 	C:\Program Files\Java\jdk1.8.0_91\jre\bin\nio.dll
0x00007fff1cc80000 - 0x00007fff1cc9c000 	C:\WINDOWS\System32\imagehlp.dll
0x00007fff1a7b0000 - 0x00007fff1a7d3000 	C:\WINDOWS\SYSTEM32\gpapi.dll
0x00007fff068b0000 - 0x00007fff068df000 	C:\Windows\System32\cryptnet.dll
0x00007fff176d0000 - 0x00007fff176db000 	C:\WINDOWS\SYSTEM32\WINNSI.DLL
0x00007ffefc040000 - 0x00007ffefc281000 	C:\PROGRA~2\RAPTRI~1\PlaysTV\ltc_game64-119906.dll
0x00007fff0e430000 - 0x00007fff0e598000 	C:\WINDOWS\SYSTEM32\mfplat.DLL
0x00007fff12480000 - 0x00007fff124ae000 	C:\WINDOWS\SYSTEM32\RTWorkQ.DLL
0x00007fff176f0000 - 0x00007fff176fb000 	C:\WINDOWS\SYSTEM32\Avrt.dll
0x00007fff1cde0000 - 0x00007fff1ce7f000 	C:\WINDOWS\System32\clbcatq.dll
0x00007fff18b80000 - 0x00007fff18d28000 	C:\WINDOWS\system32\windowscodecs.dll
0x00007fff10140000 - 0x00007fff102d2000 	C:\WINDOWS\SYSTEM32\dbghelp.dll

VM Arguments:
jvm_args: -agentlib:jdwp=transport=dt_socket,suspend=y,address=localhost:58564 -Djava.library.path=C:\Users\User\git\JavaGame\Game\resources\native\windows -Dfile.encoding=Cp1252 
java_command: Application
java_class_path (initial): C:\Users\User\git\JavaGame\Game\bin;C:\Users\User\git\JavaGame\Game\resources\libraries\lwjgl_util.jar;C:\Users\User\git\JavaGame\Game\resources\libraries\lwjgl.jar;C:\Users\User\git\JavaGame\Game\resources\libraries\slick-util.jar
Launcher Type: SUN_STANDARD

Environment Variables:
PATH=C:\Program Files\Java\jdk1.8.0_91\jre\bin;C:/Program Files/Java/jre1.8.0_111/bin/server;C:/Program Files/Java/jre1.8.0_111/bin;C:/Program Files/Java/jre1.8.0_111/lib/amd64;C:\ProgramData\Oracle\Java\javapath;C:\WINDOWS\system32;C:\WINDOWS;C:\WINDOWS\System32\Wbem;C:\WINDOWS\System32\WindowsPowerShell\v1.0\;C:\Program Files (x86)\AMD\ATI.ACE\Core-Static;C:\Users\User\AppData\Local\Microsoft\WindowsApps;;C:\Users\User\eclipse;
USERNAME=User
OS=Windows_NT
PROCESSOR_IDENTIFIER=AMD64 Family 21 Model 2 Stepping 0, AuthenticAMD



---------------  S Y S T E M  ---------------

OS: Windows 10.0 , 64 bit Build 14393 (10.0.14393.0)

CPU:total 6 (6 cores per cpu, 1 threads per core) family 21 model 2 stepping 0, cmov, cx8, fxsr, mmx, sse, sse2, sse3, ssse3, sse4.1, sse4.2, popcnt, avx, aes, clmul, mmxext, 3dnowpref, lzcnt, sse4a, tsc, tscinvbit, tscinv, bmi1

Memory: 4k page, physical 16760116k(12240756k free), swap 19250484k(12409164k free)

vm_info: Java HotSpot(TM) 64-Bit Server VM (25.91-b15) for windows-amd64 JRE (1.8.0_91-b15), built on May 20 2016 17:43:15 by "java_re" with MS VC++ 10.0 (VS2010)

time: Fri Feb 03 19:34:18 2017
elapsed time: 36 seconds (0d 0h 0m 36s)

