#
# A fatal error has been detected by the Java Runtime Environment:
#
#  EXCEPTION_ACCESS_VIOLATION (0xc0000005) at pc=0x00007ffdd478ec54, pid=9492, tid=10144
#
# JRE version: Java(TM) SE Runtime Environment (8.0_91-b15) (build 1.8.0_91-b15)
# Java VM: Java HotSpot(TM) 64-Bit Server VM (25.91-b15 mixed mode windows-amd64 compressed oops)
# Problematic frame:
# C  [OPENGL32.dll+0xdec54]
#
# Failed to write core dump. Minidumps are not enabled by default on client versions of Windows
#
# If you would like to submit a bug report, please visit:
#   http://bugreport.java.com/bugreport/crash.jsp
#

---------------  T H R E A D  ---------------

Current thread (0x000000001c9e7800):  VMThread [stack: 0x000000001e090000,0x000000001e190000] [id=10144]

siginfo: ExceptionCode=0xc0000005, reading address 0x0000000000000a38

Registers:
RAX=0x0000000000000000, RBX=0x0000000027a3e1c0, RCX=0x0000000000000001, RDX=0x0000000027a3e1c8
RSP=0x000000001e18f018, RBP=0x0000000000000000, RSI=0x0000000000000000, RDI=0x0000000027b11a10
R8 =0x000000001e18f0c8, R9 =0x000000001c8b5400, R10=0x0000000000000000, R11=0x0000000000000246
R12=0x0000000000000000, R13=0x0000000027a36970, R14=0x0000000027a36800, R15=0x0000000000000000
RIP=0x00007ffdd478ec54, EFLAGS=0x0000000000010283

Top of Stack: (sp=0x000000001e18f018)
0x000000001e18f018:   00007ffdd562abfb 0000000000000000
0x000000001e18f028:   0000000027a36800 0000000027a39060
0x000000001e18f038:   00007ffdd56a7a44 0000000027b11a10
0x000000001e18f048:   00007ffdd55fe32e 0000000027a39060
0x000000001e18f058:   0000000027b681c0 0000000027a392e0
0x000000001e18f068:   00007ffdd562ff1d 0000000027b14210
0x000000001e18f078:   00007ffdd5630730 00007ffdffffffff
0x000000001e18f088:   00007ffdd563aba0 0000000027a36950
0x000000001e18f098:   00007ffdd562fa43 fffffffffffffffe
0x000000001e18f0a8:   0000000000000001 0000000000000000
0x000000001e18f0b8:   00007ffdd5631009 0000000027b11a10
0x000000001e18f0c8:   0000000027b14210 0000000027b11a10
0x000000001e18f0d8:   00007ffdd56a7a44 fffffffffffffffe
0x000000001e18f0e8:   0000000000000000 0000000000000001
0x000000001e18f0f8:   0000000027a36948 0000000027a36800
0x000000001e18f108:   00007ffdd56b06a1 00007ffdd57e3d70 

Instructions: (pc=0x00007ffdd478ec54)
0x00007ffdd478ec34:   cc cc cc cc cc cc 66 0f 1f 44 00 00 8b 05 82 94
0x00007ffdd478ec44:   01 00 83 f8 40 73 0f 65 48 8b 04 c5 80 14 00 00
0x00007ffdd478ec54:   ff a0 38 0a 00 00 b8 47 01 00 00 e9 ec d4 ff ff
0x00007ffdd478ec64:   cc cc cc cc cc cc 66 0f 1f 44 00 00 8b 05 52 94 


Register to memory mapping:

RAX=0x0000000000000000 is an unknown value
RBX=0x0000000027a3e1c0 is an unknown value
RCX=0x0000000000000001 is an unknown value
RDX=0x0000000027a3e1c8 is an unknown value
RSP=0x000000001e18f018 is an unknown value
RBP=0x0000000000000000 is an unknown value
RSI=0x0000000000000000 is an unknown value
RDI=0x0000000027b11a10 is an unknown value
R8 =0x000000001e18f0c8 is an unknown value
R9 =0x000000001c8b5400 is an unknown value
R10=0x0000000000000000 is an unknown value
R11=0x0000000000000246 is an unknown value
R12=0x0000000000000000 is an unknown value
R13=0x0000000027a36970 is an unknown value
R14=0x0000000027a36800 is an unknown value
R15=0x0000000000000000 is an unknown value


Stack: [0x000000001e090000,0x000000001e190000],  sp=0x000000001e18f018,  free space=1020k
Native frames: (J=compiled Java code, j=interpreted, Vv=VM code, C=native code)

VM_Operation (0x000000002075dbf0): Exit, mode: safepoint, requested by thread 0x000000001fa1a800


---------------  P R O C E S S  ---------------

Java Threads: ( => current thread )
  0x000000001fa9a800 JavaThread "LWJGL Timer" daemon [_thread_blocked, id=468, stack(0x000000002bca0000,0x000000002bda0000)]
  0x000000000303e000 JavaThread "DestroyJavaVM" [_thread_blocked, id=11204, stack(0x0000000002ed0000,0x0000000002fd0000)]
  0x000000001fa1a800 JavaThread "AWT-EventQueue-0" [_thread_blocked, id=840, stack(0x0000000020660000,0x0000000020760000)]
  0x000000001fa10800 JavaThread "AWT-Shutdown" [_thread_blocked, id=10200, stack(0x00000000202c0000,0x00000000203c0000)]
  0x000000001fa0c800 JavaThread "Java2D Disposer" daemon [_thread_blocked, id=2936, stack(0x00000000201c0000,0x00000000202c0000)]
  0x000000001ec55000 JavaThread "Service Thread" daemon [_thread_blocked, id=5492, stack(0x000000001f3c0000,0x000000001f4c0000)]
  0x000000001ebd2800 JavaThread "C1 CompilerThread2" daemon [_thread_blocked, id=10356, stack(0x000000001f2c0000,0x000000001f3c0000)]
  0x000000001ebd0000 JavaThread "C2 CompilerThread1" daemon [_thread_blocked, id=5956, stack(0x000000001f1c0000,0x000000001f2c0000)]
  0x000000001ebcc800 JavaThread "C2 CompilerThread0" daemon [_thread_blocked, id=3308, stack(0x000000001f0c0000,0x000000001f1c0000)]
  0x000000001ca3c000 JavaThread "JDWP Command Reader" daemon [_thread_blocked, id=2524, stack(0x000000001efc0000,0x000000001f0c0000)]
  0x000000001ca39800 JavaThread "JDWP Event Helper Thread" daemon [_thread_blocked, id=7080, stack(0x000000001eac0000,0x000000001ebc0000)]
  0x000000001ca21000 JavaThread "Attach Listener" daemon [_thread_blocked, id=7472, stack(0x000000001e580000,0x000000001e680000)]
  0x000000001ca1d800 JavaThread "Signal Dispatcher" daemon [_thread_blocked, id=7516, stack(0x000000001e480000,0x000000001e580000)]
  0x000000001ca0c800 JavaThread "Finalizer" daemon [_thread_blocked, id=8876, stack(0x000000001e290000,0x000000001e390000)]
  0x0000000003132000 JavaThread "Reference Handler" daemon [_thread_blocked, id=9188, stack(0x000000001e190000,0x000000001e290000)]

Other Threads:
=>0x000000001c9e7800 VMThread [stack: 0x000000001e090000,0x000000001e190000] [id=10144]

VM state:at safepoint (shutting down)

VM Mutex/Monitor currently owned by a thread:  ([mutex/lock_event])
[0x000000000303ce30] Threads_lock - owner thread: 0x000000001c9e7800

Heap:
 PSYoungGen      total 76288K, used 17040K [0x000000076ac00000, 0x0000000770100000, 0x00000007c0000000)
  eden space 65536K, 26% used [0x000000076ac00000,0x000000076bca4028,0x000000076ec00000)
  from space 10752K, 0% used [0x000000076f680000,0x000000076f680000,0x0000000770100000)
  to   space 10752K, 0% used [0x000000076ec00000,0x000000076ec00000,0x000000076f680000)
 ParOldGen       total 175104K, used 0K [0x00000006c0400000, 0x00000006caf00000, 0x000000076ac00000)
  object space 175104K, 0% used [0x00000006c0400000,0x00000006c0400000,0x00000006caf00000)
 Metaspace       used 6804K, capacity 6965K, committed 7168K, reserved 1056768K
  class space    used 675K, capacity 735K, committed 768K, reserved 1048576K

Card table byte_map: [0x0000000012500000,0x0000000012d00000] byte_map_base: 0x000000000eefe000

Marking Bits: (ParMarkBitMap*) 0x0000000064472f70
 Begin Bits: [0x0000000013860000, 0x0000000017850000)
 End Bits:   [0x0000000017850000, 0x000000001b840000)

Polling page: 0x0000000001740000

CodeCache: size=245760Kb used=2679Kb max_used=2694Kb free=243080Kb
 bounds [0x0000000003140000, 0x00000000033f0000, 0x0000000012140000]
 total_blobs=1102 nmethods=686 adapters=338
 compilation: enabled

Compilation events (10 events):
Event: 20.991 Thread 0x000000001ebd0000  682       4       org.lwjgl.opengl.WindowsMouse::poll (183 bytes)
Event: 21.001 Thread 0x000000001ebd0000 nmethod 682 0x00000000033d2b10 code [0x00000000033d2c80, 0x00000000033d33f8]
Event: 21.283 Thread 0x000000001ebcc800  683       4       java.nio.HeapByteBuffer::put (167 bytes)
Event: 21.286 Thread 0x000000001ebcc800 nmethod 683 0x00000000033dbed0 code [0x00000000033dc020, 0x00000000033dc398]
Event: 21.989 Thread 0x000000001ebd0000  684       4       sun.misc.FloatingDecimal$BinaryToASCIIBuffer::estimateDecExp (182 bytes)
Event: 21.991 Thread 0x000000001ebd0000 nmethod 684 0x00000000033cf1d0 code [0x00000000033cf340, 0x00000000033cf518]
Event: 22.490 Thread 0x000000001ebcc800  685       4       sun.misc.FloatingDecimal$BinaryToASCIIBuffer::dtoa (1509 bytes)
Event: 22.579 Thread 0x000000001ebcc800 nmethod 685 0x00000000033e0050 code [0x00000000033e0240, 0x00000000033e33b8]
Event: 23.140 Thread 0x000000001ebd0000  686  s    4       org.lwjgl.opengl.EventQueue::copyEvents (77 bytes)
Event: 23.150 Thread 0x000000001ebd0000 nmethod 686 0x00000000033d3e90 code [0x00000000033d4020, 0x00000000033d4cf8]

GC Heap History (0 events):
No events

Deoptimization events (2 events):
Event: 2.696 Thread 0x000000001fa1a800 Uncommon trap: reason=unstable_if action=reinterpret pc=0x0000000003335930 method=org.lwjgl.input.Keyboard.isKeyDown(I)Z @ 29
Event: 13.988 Thread 0x000000001fa1a800 Uncommon trap: reason=unstable_if action=reinterpret pc=0x00000000033cc0a8 method=sun.misc.FloatingDecimal$BinaryToASCIIBuffer.dtoa(IJIZ)V @ 272

Internal exceptions (9 events):
Event: 0.047 Thread 0x000000000303e000 Exception <a 'java/lang/NoSuchMethodError': Method sun.misc.Unsafe.defineClass(Ljava/lang/String;[BII)Ljava/lang/Class; name or signature does not match> (0x000000076ac07cc0) thrown at [C:\re\workspace\8-2-build-windows-amd64-cygwin\jdk8u91\7017\hotspot\sr‘j>¨ ıß?
Event: 0.047 Thread 0x000000000303e000 Exception <a 'java/lang/NoSuchMethodError': Method sun.misc.Unsafe.prefetchRead(Ljava/lang/Object;J)V name or signature does not match> (0x000000076ac07fa8) thrown at [C:\re\workspace\8-2-build-windows-amd64-cygwin\jdk8u91\7017\hotspot\src\share\vm\prims\jf‹ÏQA–?
Event: 0.254 Thread 0x000000000303e000 Exception <a 'java/security/PrivilegedActionException'> (0x000000076acb23c8) thrown at [C:\re\workspace\8-2-build-windows-amd64-cygwin\jdk8u91\7017\hotspot\src\share\vm\prims\jvm.cpp, line 1386]
Event: 0.254 Thread 0x000000000303e000 Exception <a 'java/security/PrivilegedActionException'> (0x000000076acb25d8) thrown at [C:\re\workspace\8-2-build-windows-amd64-cygwin\jdk8u91\7017\hotspot\src\share\vm\prims\jvm.cpp, line 1386]
Event: 0.255 Thread 0x000000000303e000 Exception <a 'java/security/PrivilegedActionException'> (0x000000076acb6420) thrown at [C:\re\workspace\8-2-build-windows-amd64-cygwin\jdk8u91\7017\hotspot\src\share\vm\prims\jvm.cpp, line 1386]
Event: 0.255 Thread 0x000000000303e000 Exception <a 'java/security/PrivilegedActionException'> (0x000000076acb6630) thrown at [C:\re\workspace\8-2-build-windows-amd64-cygwin\jdk8u91\7017\hotspot\src\share\vm\prims\jvm.cpp, line 1386]
Event: 0.259 Thread 0x000000000303e000 Exception <a 'java/io/FileNotFoundException'> (0x000000076acb89f8) thrown at [C:\re\workspace\8-2-build-windows-amd64-cygwin\jdk8u91\7017\hotspot\src\share\vm\prims\jni.cpp, line 709]
Event: 0.302 Thread 0x000000000303e000 Exception <a 'java/lang/NoSuchFieldError': method resolution failed> (0x000000076b015980) thrown at [C:\re\workspace\8-2-build-windows-amd64-cygwin\jdk8u91\7017\hotspot\src\share\vm\prims\methodHandles.cpp, line 1146]
Event: 0.306 Thread 0x000000000303e000 Exception <a 'java/lang/NoSuchFieldError': method resolution failed> (0x000000076b022d50) thrown at [C:\re\workspace\8-2-build-windows-amd64-cygwin\jdk8u91\7017\hotspot\src\share\vm\prims\methodHandles.cpp, line 1146]

Events (10 events):
Event: 23.406 loading class java/util/IdentityHashMap$IdentityHashMapIterator
Event: 23.406 loading class java/util/IdentityHashMap$IdentityHashMapIterator done
Event: 23.406 loading class java/util/IdentityHashMap$KeyIterator done
Event: 23.406 Thread 0x000000001ee94800 Thread added: 0x000000001ee94800
Event: 23.406 Thread 0x000000001fd8c000 Thread added: 0x000000001fd8c000
Event: 23.407 Thread 0x000000001fd8c000 Thread exited: 0x000000001fd8c000
Event: 23.410 Thread 0x000000001fa15800 Thread exited: 0x000000001fa15800
Event: 23.508 Thread 0x000000001ee94800 Thread exited: 0x000000001ee94800
Event: 23.508 Executing VM operation: Exit
Event: 23.508 Thread 0x000000001ca2d000 Thread exited: 0x000000001ca2d000


Dynamic libraries:
0x00007ff7de100000 - 0x00007ff7de137000 	C:\Program Files\Java\jdk1.8.0_91\bin\javaw.exe
0x00007ffdf6c60000 - 0x00007ffdf6e31000 	C:\WINDOWS\SYSTEM32\ntdll.dll
0x00007ffdf42a0000 - 0x00007ffdf434b000 	C:\WINDOWS\System32\KERNEL32.DLL
0x00007ffdf3150000 - 0x00007ffdf336d000 	C:\WINDOWS\System32\KERNELBASE.dll
0x00007ffdf41f0000 - 0x00007ffdf4292000 	C:\WINDOWS\System32\ADVAPI32.dll
0x00007ffdf4560000 - 0x00007ffdf45fe000 	C:\WINDOWS\System32\msvcrt.dll
0x00007ffdf6b30000 - 0x00007ffdf6b89000 	C:\WINDOWS\System32\sechost.dll
0x00007ffdf4960000 - 0x00007ffdf4a81000 	C:\WINDOWS\System32\RPCRT4.dll
0x00007ffdf69c0000 - 0x00007ffdf6b25000 	C:\WINDOWS\System32\USER32.dll
0x00007ffdf3420000 - 0x00007ffdf343e000 	C:\WINDOWS\System32\win32u.dll
0x00007ffdf6bc0000 - 0x00007ffdf6bf4000 	C:\WINDOWS\System32\GDI32.dll
0x00007ffdf3e30000 - 0x00007ffdf3fb2000 	C:\WINDOWS\System32\gdi32full.dll
0x00007ffde33e0000 - 0x00007ffde3659000 	C:\WINDOWS\WinSxS\amd64_microsoft.windows.common-controls_6595b64144ccf1df_6.0.14393.447_none_42191651c6827bb3\COMCTL32.dll
0x00007ffdf66f0000 - 0x00007ffdf69b8000 	C:\WINDOWS\System32\combase.dll
0x00007ffdf3590000 - 0x00007ffdf3685000 	C:\WINDOWS\System32\ucrtbase.dll
0x00007ffdf3dc0000 - 0x00007ffdf3e2a000 	C:\WINDOWS\System32\bcryptPrimitives.dll
0x00007ffdf6b90000 - 0x00007ffdf6bbe000 	C:\WINDOWS\System32\IMM32.DLL
0x0000000064500000 - 0x00000000645d2000 	C:\Program Files\Java\jdk1.8.0_91\jre\bin\msvcr100.dll
0x0000000063c60000 - 0x00000000644f3000 	C:\Program Files\Java\jdk1.8.0_91\jre\bin\server\jvm.dll
0x00007ffdf66e0000 - 0x00007ffdf66e8000 	C:\WINDOWS\System32\PSAPI.DLL
0x00007ffde8020000 - 0x00007ffde8029000 	C:\WINDOWS\SYSTEM32\WSOCK32.dll
0x00007ffdf10d0000 - 0x00007ffdf10f3000 	C:\WINDOWS\SYSTEM32\WINMM.dll
0x00007ffdf4d30000 - 0x00007ffdf4d9a000 	C:\WINDOWS\System32\WS2_32.dll
0x00007ffdeeb00000 - 0x00007ffdeeb0a000 	C:\WINDOWS\SYSTEM32\VERSION.dll
0x00007ffdf1070000 - 0x00007ffdf109b000 	C:\WINDOWS\SYSTEM32\WINMMBASE.dll
0x00007ffdf3d70000 - 0x00007ffdf3db2000 	C:\WINDOWS\System32\cfgmgr32.dll
0x0000000063c50000 - 0x0000000063c5f000 	C:\Program Files\Java\jdk1.8.0_91\jre\bin\verify.dll
0x0000000063c20000 - 0x0000000063c49000 	C:\Program Files\Java\jdk1.8.0_91\jre\bin\java.dll
0x0000000063be0000 - 0x0000000063c15000 	C:\Program Files\Java\jdk1.8.0_91\jre\bin\jdwp.dll
0x0000000063bd0000 - 0x0000000063bd8000 	C:\Program Files\Java\jdk1.8.0_91\jre\bin\npt.dll
0x0000000063bb0000 - 0x0000000063bc6000 	C:\Program Files\Java\jdk1.8.0_91\jre\bin\zip.dll
0x00007ffdf51d0000 - 0x00007ffdf66d9000 	C:\WINDOWS\System32\SHELL32.dll
0x00007ffdf3690000 - 0x00007ffdf3d6a000 	C:\WINDOWS\System32\windows.storage.dll
0x00007ffdf30c0000 - 0x00007ffdf310c000 	C:\WINDOWS\System32\powrprof.dll
0x00007ffdf44f0000 - 0x00007ffdf4542000 	C:\WINDOWS\System32\shlwapi.dll
0x00007ffdf3140000 - 0x00007ffdf314f000 	C:\WINDOWS\System32\kernel.appcore.dll
0x00007ffdf3370000 - 0x00007ffdf3419000 	C:\WINDOWS\System32\shcore.dll
0x00007ffdf3120000 - 0x00007ffdf3134000 	C:\WINDOWS\System32\profapi.dll
0x0000000063ba0000 - 0x0000000063ba9000 	C:\Program Files\Java\jdk1.8.0_91\jre\bin\dt_socket.dll
0x00007ffde6d20000 - 0x00007ffde6d36000 	C:\WINDOWS\system32\napinsp.dll
0x00007ffde6d40000 - 0x00007ffde6d5a000 	C:\WINDOWS\system32\pnrpnsp.dll
0x00007ffdf0ac0000 - 0x00007ffdf0ad8000 	C:\WINDOWS\system32\NLAapi.dll
0x00007ffdf2920000 - 0x00007ffdf297c000 	C:\WINDOWS\System32\mswsock.dll
0x00007ffdf2700000 - 0x00007ffdf27a0000 	C:\WINDOWS\SYSTEM32\DNSAPI.dll
0x00007ffdf4550000 - 0x00007ffdf4558000 	C:\WINDOWS\System32\NSI.dll
0x00007ffdf26b0000 - 0x00007ffdf26e8000 	C:\WINDOWS\SYSTEM32\IPHLPAPI.DLL
0x00007ffde6d60000 - 0x00007ffde6d6e000 	C:\WINDOWS\System32\winrnr.dll
0x00007ffdec300000 - 0x00007ffdec36a000 	C:\WINDOWS\System32\fwpuclnt.dll
0x00007ffdf2dc0000 - 0x00007ffdf2deb000 	C:\WINDOWS\SYSTEM32\bcrypt.dll
0x00007ffde96a0000 - 0x00007ffde96aa000 	C:\Windows\System32\rasadhlp.dll
0x0000000063a00000 - 0x0000000063b98000 	C:\Program Files\Java\jdk1.8.0_91\jre\bin\awt.dll
0x00007ffdf4600000 - 0x00007ffdf46bf000 	C:\WINDOWS\System32\OLEAUT32.dll
0x00007ffdf34f0000 - 0x00007ffdf358c000 	C:\WINDOWS\System32\msvcp_win.dll
0x00007ffdf1680000 - 0x00007ffdf16fa000 	C:\WINDOWS\SYSTEM32\apphelp.dll
0x00007ffdf1850000 - 0x00007ffdf18e5000 	C:\WINDOWS\system32\uxtheme.dll
0x00007ffdf46e0000 - 0x00007ffdf483b000 	C:\WINDOWS\System32\MSCTF.dll
0x00007ffdec150000 - 0x00007ffdec17c000 	C:\PROGRA~2\RAPTRI~1\PlaysTV\ltc_help64-119232.dll
0x00007ffdf3fc0000 - 0x00007ffdf4015000 	C:\WINDOWS\System32\WINTRUST.dll
0x00007ffdf3110000 - 0x00007ffdf3120000 	C:\WINDOWS\System32\MSASN1.dll
0x00007ffdf4020000 - 0x00007ffdf41e9000 	C:\WINDOWS\System32\CRYPT32.dll
0x00007ffdf0f20000 - 0x00007ffdf0f46000 	C:\WINDOWS\system32\dwmapi.dll
0x00007ffdf4350000 - 0x00007ffdf4487000 	C:\WINDOWS\System32\ole32.dll
0x0000000180000000 - 0x0000000180051000 	C:\Users\User\git\JavaGame\Game\resources\native\windows\lwjgl64.dll
0x00007ffdd46b0000 - 0x00007ffdd47d3000 	C:\WINDOWS\SYSTEM32\OPENGL32.dll
0x00007ffde72f0000 - 0x00007ffde731d000 	C:\WINDOWS\SYSTEM32\GLU32.dll
0x00007ffddae50000 - 0x00007ffddaf47000 	C:\WINDOWS\SYSTEM32\DDRAW.dll
0x00007ffdef740000 - 0x00007ffdef748000 	C:\WINDOWS\SYSTEM32\DCIMAN32.dll
0x00007ffde6f40000 - 0x00007ffde6f5f000 	C:\WINDOWS\System32\DriverStore\FileRepository\c0309270.inf_amd64_47c09dd18e1ee4c5\atig6pxx.dll
0x00000000618e0000 - 0x00000000639f4000 	C:\WINDOWS\System32\DriverStore\FileRepository\c0309270.inf_amd64_47c09dd18e1ee4c5\atio6axx.dll
0x00007ffdf4da0000 - 0x00007ffdf51c9000 	C:\WINDOWS\System32\SETUPAPI.dll
0x00007ffdec200000 - 0x00007ffdec223000 	C:\WINDOWS\SYSTEM32\dxva2.dll
0x00007ffde5340000 - 0x00007ffde5373000 	C:\WINDOWS\System32\DriverStore\FileRepository\c0309270.inf_amd64_47c09dd18e1ee4c5\atig6txx.dll
0x00007ffdda830000 - 0x00007ffdda984000 	C:\WINDOWS\SYSTEM32\atiadlxx.dll
0x00007ffdf0d40000 - 0x00007ffdf0d53000 	C:\WINDOWS\SYSTEM32\WTSAPI32.dll
0x00007ffdf0d60000 - 0x00007ffdf0ee5000 	C:\WINDOWS\SYSTEM32\PROPSYS.dll
0x00007ffdf27a0000 - 0x00007ffdf27bf000 	C:\WINDOWS\SYSTEM32\USERENV.dll
0x00007ffdf1d50000 - 0x00007ffdf1d78000 	C:\WINDOWS\SYSTEM32\DEVOBJ.dll
0x00007ffdd87f0000 - 0x00007ffdd8881000 	C:\WINDOWS\SYSTEM32\mscms.dll
0x00007ffde4f40000 - 0x00007ffde4f82000 	C:\WINDOWS\SYSTEM32\icm32.dll
0x00007ffdf2ba0000 - 0x00007ffdf2bb7000 	C:\WINDOWS\System32\CRYPTSP.dll
0x00007ffdf2aa0000 - 0x00007ffdf2ad3000 	C:\WINDOWS\system32\rsaenh.dll
0x00007ffdf2b90000 - 0x00007ffdf2b9b000 	C:\WINDOWS\SYSTEM32\CRYPTBASE.dll
0x00007ffdf46c0000 - 0x00007ffdf46dc000 	C:\WINDOWS\System32\imagehlp.dll
0x00007ffdf1fc0000 - 0x00007ffdf1fe3000 	C:\WINDOWS\SYSTEM32\gpapi.dll
0x00007ffddd460000 - 0x00007ffddd48f000 	C:\Windows\System32\cryptnet.dll
0x00007ffdef280000 - 0x00007ffdef28b000 	C:\WINDOWS\SYSTEM32\WINNSI.DLL
0x00007ffdd55c0000 - 0x00007ffdd5800000 	C:\PROGRA~2\RAPTRI~1\PlaysTV\ltc_game64-119232.dll
0x00007ffde5440000 - 0x00007ffde55a8000 	C:\WINDOWS\SYSTEM32\mfplat.DLL
0x00007ffdeb540000 - 0x00007ffdeb56e000 	C:\WINDOWS\SYSTEM32\RTWorkQ.DLL
0x00007ffdeeea0000 - 0x00007ffdeeeab000 	C:\WINDOWS\SYSTEM32\Avrt.dll
0x00007ffdf48c0000 - 0x00007ffdf495f000 	C:\WINDOWS\System32\clbcatq.dll
0x00007ffdf0160000 - 0x00007ffdf0308000 	C:\WINDOWS\system32\windowscodecs.dll
0x00007ffde7e00000 - 0x00007ffde7f92000 	C:\WINDOWS\SYSTEM32\dbghelp.dll

VM Arguments:
jvm_args: -agentlib:jdwp=transport=dt_socket,suspend=y,address=localhost:52534 -Djava.library.path=C:\Users\User\git\JavaGame\Game\resources\native\windows -Dfile.encoding=Cp1252 
java_command: Application
java_class_path (initial): C:\Users\User\git\JavaGame\Game\bin;C:\Users\User\git\JavaGame\Game\resources\libraries\lwjgl_util.jar;C:\Users\User\git\JavaGame\Game\resources\libraries\lwjgl.jar;C:\Users\User\git\JavaGame\Game\resources\libraries\slick-util.jar
Launcher Type: SUN_STANDARD

Environment Variables:
PATH=C:\Program Files\Java\jdk1.8.0_91\jre\bin;C:/Program Files/Java/jre1.8.0_111/bin/server;C:/Program Files/Java/jre1.8.0_111/bin;C:/Program Files/Java/jre1.8.0_111/lib/amd64;C:\ProgramData\Oracle\Java\javapath;C:\WINDOWS\system32;C:\WINDOWS;C:\WINDOWS\System32\Wbem;C:\WINDOWS\System32\WindowsPowerShell\v1.0\;C:\Program Files (x86)\AMD\ATI.ACE\Core-Static;C:\Users\User\AppData\Local\Microsoft\WindowsApps;;C:\Users\User\eclipse;
USERNAME=User
OS=Windows_NT
PROCESSOR_IDENTIFIER=AMD64 Family 21 Model 2 Stepping 0, AuthenticAMD



---------------  S Y S T E M  ---------------

OS: Windows 10.0 , 64 bit Build 14393 (10.0.14393.0)

CPU:total 6 (6 cores per cpu, 1 threads per core) family 21 model 2 stepping 0, cmov, cx8, fxsr, mmx, sse, sse2, sse3, ssse3, sse4.1, sse4.2, popcnt, avx, aes, clmul, mmxext, 3dnowpref, lzcnt, sse4a, tsc, tscinvbit, tscinv, bmi1

Memory: 4k page, physical 16760116k(12689260k free), swap 19250484k(13395344k free)

vm_info: Java HotSpot(TM) 64-Bit Server VM (25.91-b15) for windows-amd64 JRE (1.8.0_91-b15), built on May 20 2016 17:43:15 by "java_re" with MS VC++ 10.0 (VS2010)

time: Tue Dec 27 14:06:35 2016
elapsed time: 23 seconds (0d 0h 0m 23s)

