#
# A fatal error has been detected by the Java Runtime Environment:
#
#  EXCEPTION_ACCESS_VIOLATION (0xc0000005) at pc=0x00007ffdd478ec54, pid=11008, tid=10196
#
# JRE version: Java(TM) SE Runtime Environment (8.0_91-b15) (build 1.8.0_91-b15)
# Java VM: Java HotSpot(TM) 64-Bit Server VM (25.91-b15 mixed mode windows-amd64 compressed oops)
# Problematic frame:
# C  [OPENGL32.dll+0xdec54]
#
# Failed to write core dump. Minidumps are not enabled by default on client versions of Windows
#
# If you would like to submit a bug report, please visit:
#   http://bugreport.java.com/bugreport/crash.jsp
#

---------------  T H R E A D  ---------------

Current thread (0x000000001c4c7800):  VMThread [stack: 0x000000001dbb0000,0x000000001dcb0000] [id=10196]

siginfo: ExceptionCode=0xc0000005, reading address 0x0000000000000a38

Registers:
RAX=0x0000000000000000, RBX=0x000000002756e300, RCX=0x0000000000000001, RDX=0x000000002756e308
RSP=0x000000001dcaf368, RBP=0x0000000000000000, RSI=0x0000000000000000, RDI=0x0000000027571a10
R8 =0x000000001dcaf418, R9 =0x000000001c395400, R10=0x0000000000000000, R11=0x0000000000000246
R12=0x0000000000000000, R13=0x0000000027566970, R14=0x0000000027566800, R15=0x0000000000000000
RIP=0x00007ffdd478ec54, EFLAGS=0x0000000000010283

Top of Stack: (sp=0x000000001dcaf368)
0x000000001dcaf368:   00007ffdd562abfb 0000000000000000
0x000000001dcaf378:   0000000027566800 0000000027569460
0x000000001dcaf388:   00007ffdd56a7a44 0000000027571a10
0x000000001dcaf398:   00007ffdd55fe32e 0000000027569460
0x000000001dcaf3a8:   00000000275c9480 0000000027569060
0x000000001dcaf3b8:   00007ffdd562ff1d 0000000027574780
0x000000001dcaf3c8:   00007ffdd5630730 00007ffdffffffff
0x000000001dcaf3d8:   00007ffdd563aba0 0000000027566950
0x000000001dcaf3e8:   00007ffdd562fa43 fffffffffffffffe
0x000000001dcaf3f8:   0000000000000001 0000000000000000
0x000000001dcaf408:   00007ffdd5631009 0000000027571a10
0x000000001dcaf418:   0000000027574780 0000000027571a10
0x000000001dcaf428:   00007ffdd56a7a44 fffffffffffffffe
0x000000001dcaf438:   0000000000000000 0000000000000001
0x000000001dcaf448:   0000000027566948 0000000027566800
0x000000001dcaf458:   00007ffdd56b06a1 00007ffdd57e3d70 

Instructions: (pc=0x00007ffdd478ec54)
0x00007ffdd478ec34:   cc cc cc cc cc cc 66 0f 1f 44 00 00 8b 05 82 94
0x00007ffdd478ec44:   01 00 83 f8 40 73 0f 65 48 8b 04 c5 80 14 00 00
0x00007ffdd478ec54:   ff a0 38 0a 00 00 b8 47 01 00 00 e9 ec d4 ff ff
0x00007ffdd478ec64:   cc cc cc cc cc cc 66 0f 1f 44 00 00 8b 05 52 94 


Register to memory mapping:

RAX=0x0000000000000000 is an unknown value
RBX=0x000000002756e300 is an unknown value
RCX=0x0000000000000001 is an unknown value
RDX=0x000000002756e308 is an unknown value
RSP=0x000000001dcaf368 is an unknown value
RBP=0x0000000000000000 is an unknown value
RSI=0x0000000000000000 is an unknown value
RDI=0x0000000027571a10 is an unknown value
R8 =0x000000001dcaf418 is an unknown value
R9 =0x000000001c395400 is an unknown value
R10=0x0000000000000000 is an unknown value
R11=0x0000000000000246 is an unknown value
R12=0x0000000000000000 is an unknown value
R13=0x0000000027566970 is an unknown value
R14=0x0000000027566800 is an unknown value
R15=0x0000000000000000 is an unknown value


Stack: [0x000000001dbb0000,0x000000001dcb0000],  sp=0x000000001dcaf368,  free space=1020k
Native frames: (J=compiled Java code, j=interpreted, Vv=VM code, C=native code)

VM_Operation (0x000000002029de20): Exit, mode: safepoint, requested by thread 0x000000001ebcc800


---------------  P R O C E S S  ---------------

Java Threads: ( => current thread )
  0x000000001f936800 JavaThread "LWJGL Timer" daemon [_thread_blocked, id=764, stack(0x000000002b770000,0x000000002b870000)]
  0x0000000002b1e000 JavaThread "DestroyJavaVM" [_thread_blocked, id=4616, stack(0x00000000029b0000,0x0000000002ab0000)]
  0x000000001ebcc800 JavaThread "AWT-EventQueue-0" [_thread_blocked, id=7756, stack(0x00000000201a0000,0x00000000202a0000)]
  0x000000001eba5800 JavaThread "AWT-Shutdown" [_thread_blocked, id=8108, stack(0x000000001fee0000,0x000000001ffe0000)]
  0x000000001eba5000 JavaThread "Java2D Disposer" daemon [_thread_blocked, id=5032, stack(0x000000001fde0000,0x000000001fee0000)]
  0x000000001e87a000 JavaThread "Service Thread" daemon [_thread_blocked, id=8308, stack(0x000000001efe0000,0x000000001f0e0000)]
  0x000000001e7f0000 JavaThread "C1 CompilerThread2" daemon [_thread_blocked, id=2464, stack(0x000000001eee0000,0x000000001efe0000)]
  0x000000001e7ed800 JavaThread "C2 CompilerThread1" daemon [_thread_blocked, id=7192, stack(0x000000001ede0000,0x000000001eee0000)]
  0x000000001e7e9800 JavaThread "C2 CompilerThread0" daemon [_thread_blocked, id=10828, stack(0x000000001ece0000,0x000000001ede0000)]
  0x000000001c51b800 JavaThread "JDWP Command Reader" daemon [_thread_blocked, id=8864, stack(0x000000001ebe0000,0x000000001ece0000)]
  0x000000001c519000 JavaThread "JDWP Event Helper Thread" daemon [_thread_blocked, id=5884, stack(0x000000001e6e0000,0x000000001e7e0000)]
  0x000000001c50c800 JavaThread "JDWP Transport Listener: dt_socket" daemon [_thread_blocked, id=5456, stack(0x000000001e5e0000,0x000000001e6e0000)]
  0x000000001c500000 JavaThread "Attach Listener" daemon [_thread_blocked, id=9584, stack(0x000000001e0a0000,0x000000001e1a0000)]
  0x000000001c4fd000 JavaThread "Signal Dispatcher" daemon [_thread_blocked, id=5960, stack(0x000000001dfa0000,0x000000001e0a0000)]
  0x000000001c4ec800 JavaThread "Finalizer" daemon [_thread_blocked, id=2916, stack(0x000000001ddb0000,0x000000001deb0000)]
  0x0000000002c12000 JavaThread "Reference Handler" daemon [_thread_blocked, id=8152, stack(0x000000001dcb0000,0x000000001ddb0000)]

Other Threads:
=>0x000000001c4c7800 VMThread [stack: 0x000000001dbb0000,0x000000001dcb0000] [id=10196]

VM state:at safepoint (shutting down)

VM Mutex/Monitor currently owned by a thread:  ([mutex/lock_event])
[0x0000000002b1d2b0] Threads_lock - owner thread: 0x000000001c4c7800

Heap:
 PSYoungGen      total 76288K, used 15729K [0x000000076ac00000, 0x0000000770100000, 0x00000007c0000000)
  eden space 65536K, 24% used [0x000000076ac00000,0x000000076bb5c508,0x000000076ec00000)
  from space 10752K, 0% used [0x000000076f680000,0x000000076f680000,0x0000000770100000)
  to   space 10752K, 0% used [0x000000076ec00000,0x000000076ec00000,0x000000076f680000)
 ParOldGen       total 175104K, used 0K [0x00000006c0400000, 0x00000006caf00000, 0x000000076ac00000)
  object space 175104K, 0% used [0x00000006c0400000,0x00000006c0400000,0x00000006caf00000)
 Metaspace       used 6809K, capacity 6965K, committed 7168K, reserved 1056768K
  class space    used 675K, capacity 735K, committed 768K, reserved 1048576K

Card table byte_map: [0x0000000011fe0000,0x00000000127e0000] byte_map_base: 0x000000000e9de000

Marking Bits: (ParMarkBitMap*) 0x0000000064472f70
 Begin Bits: [0x0000000013340000, 0x0000000017330000)
 End Bits:   [0x0000000017330000, 0x000000001b320000)

Polling page: 0x0000000000d50000

CodeCache: size=245760Kb used=2644Kb max_used=2655Kb free=243115Kb
 bounds [0x0000000002c20000, 0x0000000002ec0000, 0x0000000011c20000]
 total_blobs=1086 nmethods=670 adapters=338
 compilation: enabled

Compilation events (10 events):
Event: 15.656 Thread 0x000000001e7e9800  666  s    4       java.io.BufferedOutputStream::flush (12 bytes)
Event: 15.658 Thread 0x000000001e7e9800 nmethod 666 0x0000000002eae9d0 code [0x0000000002eaeb40, 0x0000000002eaef28]
Event: 16.920 Thread 0x000000001e7ed800  667   !   4       java.nio.charset.CharsetEncoder::encode (285 bytes)
Event: 16.922 Thread 0x000000001e7ed800 nmethod 667 0x0000000002eae310 code [0x0000000002eae460, 0x0000000002eae6f8]
Event: 17.845 Thread 0x000000001e7e9800  668       4       org.lwjgl.opengl.WindowsDisplay::handleMessage (29 bytes)
Event: 17.845 Thread 0x000000001e7ed800  669       4       org.lwjgl.opengl.WindowsDisplay::doHandleMessage (966 bytes)
Event: 17.846 Thread 0x000000001e7e9800 nmethod 668 0x0000000002eaf710 code [0x0000000002eaf860, 0x0000000002eaf908]
Event: 17.882 Thread 0x000000001e7ed800 nmethod 669 0x0000000002eb3a10 code [0x0000000002eb3ee0, 0x0000000002eb5e28]
Event: 18.536 Thread 0x000000001e7e9800  670       4       sun.misc.FloatingDecimal$BinaryToASCIIBuffer::dtoa (1509 bytes)
Event: 18.605 Thread 0x000000001e7e9800 nmethod 670 0x0000000002eb8590 code [0x0000000002eb8780, 0x0000000002eba7b8]

GC Heap History (0 events):
No events

Deoptimization events (2 events):
Event: 1.944 Thread 0x000000001ebcc800 Uncommon trap: reason=unstable_if action=reinterpret pc=0x0000000002e11f30 method=org.lwjgl.input.Keyboard.isKeyDown(I)Z @ 29
Event: 10.612 Thread 0x000000001ebcc800 Uncommon trap: reason=unstable_if action=reinterpret pc=0x0000000002ea951c method=sun.misc.FloatingDecimal$BinaryToASCIIBuffer.estimateDecExp(JI)I @ 66

Internal exceptions (9 events):
Event: 0.045 Thread 0x0000000002b1e000 Exception <a 'java/lang/NoSuchMethodError': Method sun.misc.Unsafe.defineClass(Ljava/lang/String;[BII)Ljava/lang/Class; name or signature does not match> (0x000000076ac07cc0) thrown at [C:\re\workspace\8-2-build-windows-amd64-cygwin\jdk8u91\7017\hotspot\srîkÅ…Âß?
Event: 0.045 Thread 0x0000000002b1e000 Exception <a 'java/lang/NoSuchMethodError': Method sun.misc.Unsafe.prefetchRead(Ljava/lang/Object;J)V name or signature does not match> (0x000000076ac07fa8) thrown at [C:\re\workspace\8-2-build-windows-amd64-cygwin\jdk8u91\7017\hotspot\src\share\vm\prims\j˘∏p"—?
Event: 0.267 Thread 0x0000000002b1e000 Exception <a 'java/security/PrivilegedActionException'> (0x000000076acb2198) thrown at [C:\re\workspace\8-2-build-windows-amd64-cygwin\jdk8u91\7017\hotspot\src\share\vm\prims\jvm.cpp, line 1386]
Event: 0.267 Thread 0x0000000002b1e000 Exception <a 'java/security/PrivilegedActionException'> (0x000000076acb23a8) thrown at [C:\re\workspace\8-2-build-windows-amd64-cygwin\jdk8u91\7017\hotspot\src\share\vm\prims\jvm.cpp, line 1386]
Event: 0.268 Thread 0x0000000002b1e000 Exception <a 'java/security/PrivilegedActionException'> (0x000000076acb61f0) thrown at [C:\re\workspace\8-2-build-windows-amd64-cygwin\jdk8u91\7017\hotspot\src\share\vm\prims\jvm.cpp, line 1386]
Event: 0.268 Thread 0x0000000002b1e000 Exception <a 'java/security/PrivilegedActionException'> (0x000000076acb6400) thrown at [C:\re\workspace\8-2-build-windows-amd64-cygwin\jdk8u91\7017\hotspot\src\share\vm\prims\jvm.cpp, line 1386]
Event: 0.272 Thread 0x0000000002b1e000 Exception <a 'java/io/FileNotFoundException'> (0x000000076acb87c8) thrown at [C:\re\workspace\8-2-build-windows-amd64-cygwin\jdk8u91\7017\hotspot\src\share\vm\prims\jni.cpp, line 709]
Event: 0.314 Thread 0x0000000002b1e000 Exception <a 'java/lang/NoSuchFieldError': method resolution failed> (0x000000076b015750) thrown at [C:\re\workspace\8-2-build-windows-amd64-cygwin\jdk8u91\7017\hotspot\src\share\vm\prims\methodHandles.cpp, line 1146]
Event: 0.318 Thread 0x0000000002b1e000 Exception <a 'java/lang/NoSuchFieldError': method resolution failed> (0x000000076b022b20) thrown at [C:\re\workspace\8-2-build-windows-amd64-cygwin\jdk8u91\7017\hotspot\src\share\vm\prims\methodHandles.cpp, line 1146]

Events (10 events):
Event: 18.561 loading class java/util/IdentityHashMap$KeyIterator
Event: 18.562 loading class java/util/IdentityHashMap$IdentityHashMapIterator
Event: 18.562 loading class java/util/IdentityHashMap$IdentityHashMapIterator done
Event: 18.562 loading class java/util/IdentityHashMap$KeyIterator done
Event: 18.562 Thread 0x000000001f674000 Thread added: 0x000000001f674000
Event: 18.562 Thread 0x000000001ea5f000 Thread added: 0x000000001ea5f000
Event: 18.563 Thread 0x000000001f674000 Thread exited: 0x000000001f674000
Event: 18.564 Thread 0x000000001eba6800 Thread exited: 0x000000001eba6800
Event: 18.664 Thread 0x000000001ea5f000 Thread exited: 0x000000001ea5f000
Event: 18.664 Executing VM operation: Exit


Dynamic libraries:
0x00007ff7de100000 - 0x00007ff7de137000 	C:\Program Files\Java\jdk1.8.0_91\bin\javaw.exe
0x00007ffdf6c60000 - 0x00007ffdf6e31000 	C:\WINDOWS\SYSTEM32\ntdll.dll
0x00007ffdf42a0000 - 0x00007ffdf434b000 	C:\WINDOWS\System32\KERNEL32.DLL
0x00007ffdf3150000 - 0x00007ffdf336d000 	C:\WINDOWS\System32\KERNELBASE.dll
0x00007ffdf41f0000 - 0x00007ffdf4292000 	C:\WINDOWS\System32\ADVAPI32.dll
0x00007ffdf4560000 - 0x00007ffdf45fe000 	C:\WINDOWS\System32\msvcrt.dll
0x00007ffdf6b30000 - 0x00007ffdf6b89000 	C:\WINDOWS\System32\sechost.dll
0x00007ffdf4960000 - 0x00007ffdf4a81000 	C:\WINDOWS\System32\RPCRT4.dll
0x00007ffdf69c0000 - 0x00007ffdf6b25000 	C:\WINDOWS\System32\USER32.dll
0x00007ffdf3420000 - 0x00007ffdf343e000 	C:\WINDOWS\System32\win32u.dll
0x00007ffdf6bc0000 - 0x00007ffdf6bf4000 	C:\WINDOWS\System32\GDI32.dll
0x00007ffdf3e30000 - 0x00007ffdf3fb2000 	C:\WINDOWS\System32\gdi32full.dll
0x00007ffde33e0000 - 0x00007ffde3659000 	C:\WINDOWS\WinSxS\amd64_microsoft.windows.common-controls_6595b64144ccf1df_6.0.14393.447_none_42191651c6827bb3\COMCTL32.dll
0x00007ffdf66f0000 - 0x00007ffdf69b8000 	C:\WINDOWS\System32\combase.dll
0x00007ffdf3590000 - 0x00007ffdf3685000 	C:\WINDOWS\System32\ucrtbase.dll
0x00007ffdf3dc0000 - 0x00007ffdf3e2a000 	C:\WINDOWS\System32\bcryptPrimitives.dll
0x00007ffdf6b90000 - 0x00007ffdf6bbe000 	C:\WINDOWS\System32\IMM32.DLL
0x0000000064500000 - 0x00000000645d2000 	C:\Program Files\Java\jdk1.8.0_91\jre\bin\msvcr100.dll
0x0000000063c60000 - 0x00000000644f3000 	C:\Program Files\Java\jdk1.8.0_91\jre\bin\server\jvm.dll
0x00007ffdf66e0000 - 0x00007ffdf66e8000 	C:\WINDOWS\System32\PSAPI.DLL
0x00007ffde8020000 - 0x00007ffde8029000 	C:\WINDOWS\SYSTEM32\WSOCK32.dll
0x00007ffdf10d0000 - 0x00007ffdf10f3000 	C:\WINDOWS\SYSTEM32\WINMM.dll
0x00007ffdf4d30000 - 0x00007ffdf4d9a000 	C:\WINDOWS\System32\WS2_32.dll
0x00007ffdeeb00000 - 0x00007ffdeeb0a000 	C:\WINDOWS\SYSTEM32\VERSION.dll
0x00007ffdf1070000 - 0x00007ffdf109b000 	C:\WINDOWS\SYSTEM32\WINMMBASE.dll
0x00007ffdf3d70000 - 0x00007ffdf3db2000 	C:\WINDOWS\System32\cfgmgr32.dll
0x0000000063c50000 - 0x0000000063c5f000 	C:\Program Files\Java\jdk1.8.0_91\jre\bin\verify.dll
0x0000000063c20000 - 0x0000000063c49000 	C:\Program Files\Java\jdk1.8.0_91\jre\bin\java.dll
0x0000000063be0000 - 0x0000000063c15000 	C:\Program Files\Java\jdk1.8.0_91\jre\bin\jdwp.dll
0x0000000063bd0000 - 0x0000000063bd8000 	C:\Program Files\Java\jdk1.8.0_91\jre\bin\npt.dll
0x0000000063bb0000 - 0x0000000063bc6000 	C:\Program Files\Java\jdk1.8.0_91\jre\bin\zip.dll
0x00007ffdf51d0000 - 0x00007ffdf66d9000 	C:\WINDOWS\System32\SHELL32.dll
0x00007ffdf3690000 - 0x00007ffdf3d6a000 	C:\WINDOWS\System32\windows.storage.dll
0x00007ffdf30c0000 - 0x00007ffdf310c000 	C:\WINDOWS\System32\powrprof.dll
0x00007ffdf44f0000 - 0x00007ffdf4542000 	C:\WINDOWS\System32\shlwapi.dll
0x00007ffdf3140000 - 0x00007ffdf314f000 	C:\WINDOWS\System32\kernel.appcore.dll
0x00007ffdf3370000 - 0x00007ffdf3419000 	C:\WINDOWS\System32\shcore.dll
0x00007ffdf3120000 - 0x00007ffdf3134000 	C:\WINDOWS\System32\profapi.dll
0x0000000063ba0000 - 0x0000000063ba9000 	C:\Program Files\Java\jdk1.8.0_91\jre\bin\dt_socket.dll
0x00007ffde6d20000 - 0x00007ffde6d36000 	C:\WINDOWS\system32\napinsp.dll
0x00007ffde6d40000 - 0x00007ffde6d5a000 	C:\WINDOWS\system32\pnrpnsp.dll
0x00007ffdf0ac0000 - 0x00007ffdf0ad8000 	C:\WINDOWS\system32\NLAapi.dll
0x00007ffdf2920000 - 0x00007ffdf297c000 	C:\WINDOWS\System32\mswsock.dll
0x00007ffdf2700000 - 0x00007ffdf27a0000 	C:\WINDOWS\SYSTEM32\DNSAPI.dll
0x00007ffdf4550000 - 0x00007ffdf4558000 	C:\WINDOWS\System32\NSI.dll
0x00007ffdf26b0000 - 0x00007ffdf26e8000 	C:\WINDOWS\SYSTEM32\IPHLPAPI.DLL
0x00007ffde6d60000 - 0x00007ffde6d6e000 	C:\WINDOWS\System32\winrnr.dll
0x00007ffdec300000 - 0x00007ffdec36a000 	C:\WINDOWS\System32\fwpuclnt.dll
0x00007ffdf2dc0000 - 0x00007ffdf2deb000 	C:\WINDOWS\SYSTEM32\bcrypt.dll
0x00007ffde96a0000 - 0x00007ffde96aa000 	C:\Windows\System32\rasadhlp.dll
0x0000000063a00000 - 0x0000000063b98000 	C:\Program Files\Java\jdk1.8.0_91\jre\bin\awt.dll
0x00007ffdf4600000 - 0x00007ffdf46bf000 	C:\WINDOWS\System32\OLEAUT32.dll
0x00007ffdf34f0000 - 0x00007ffdf358c000 	C:\WINDOWS\System32\msvcp_win.dll
0x00007ffdf1680000 - 0x00007ffdf16fa000 	C:\WINDOWS\SYSTEM32\apphelp.dll
0x00007ffdf1850000 - 0x00007ffdf18e5000 	C:\WINDOWS\system32\uxtheme.dll
0x00007ffdf46e0000 - 0x00007ffdf483b000 	C:\WINDOWS\System32\MSCTF.dll
0x00007ffdec150000 - 0x00007ffdec17c000 	C:\PROGRA~2\RAPTRI~1\PlaysTV\ltc_help64-119232.dll
0x00007ffdf3fc0000 - 0x00007ffdf4015000 	C:\WINDOWS\System32\WINTRUST.dll
0x00007ffdf3110000 - 0x00007ffdf3120000 	C:\WINDOWS\System32\MSASN1.dll
0x00007ffdf4020000 - 0x00007ffdf41e9000 	C:\WINDOWS\System32\CRYPT32.dll
0x00007ffdf0f20000 - 0x00007ffdf0f46000 	C:\WINDOWS\system32\dwmapi.dll
0x00007ffdf4350000 - 0x00007ffdf4487000 	C:\WINDOWS\System32\ole32.dll
0x0000000180000000 - 0x0000000180051000 	C:\Users\User\git\JavaGame\Game\resources\native\windows\lwjgl64.dll
0x00007ffdd46b0000 - 0x00007ffdd47d3000 	C:\WINDOWS\SYSTEM32\OPENGL32.dll
0x00007ffde6f30000 - 0x00007ffde6f5d000 	C:\WINDOWS\SYSTEM32\GLU32.dll
0x00007ffddae50000 - 0x00007ffddaf47000 	C:\WINDOWS\SYSTEM32\DDRAW.dll
0x00007ffdef740000 - 0x00007ffdef748000 	C:\WINDOWS\SYSTEM32\DCIMAN32.dll
0x00007ffde72e0000 - 0x00007ffde72ff000 	C:\WINDOWS\System32\DriverStore\FileRepository\c0309270.inf_amd64_47c09dd18e1ee4c5\atig6pxx.dll
0x00000000618e0000 - 0x00000000639f4000 	C:\WINDOWS\System32\DriverStore\FileRepository\c0309270.inf_amd64_47c09dd18e1ee4c5\atio6axx.dll
0x00007ffdf4da0000 - 0x00007ffdf51c9000 	C:\WINDOWS\System32\SETUPAPI.dll
0x00007ffdec200000 - 0x00007ffdec223000 	C:\WINDOWS\SYSTEM32\dxva2.dll
0x00007ffde5340000 - 0x00007ffde5373000 	C:\WINDOWS\System32\DriverStore\FileRepository\c0309270.inf_amd64_47c09dd18e1ee4c5\atig6txx.dll
0x00007ffdda830000 - 0x00007ffdda984000 	C:\WINDOWS\SYSTEM32\atiadlxx.dll
0x00007ffdf0d60000 - 0x00007ffdf0ee5000 	C:\WINDOWS\SYSTEM32\PROPSYS.dll
0x00007ffdf27a0000 - 0x00007ffdf27bf000 	C:\WINDOWS\SYSTEM32\USERENV.dll
0x00007ffdf0d40000 - 0x00007ffdf0d53000 	C:\WINDOWS\SYSTEM32\WTSAPI32.dll
0x00007ffdf1d50000 - 0x00007ffdf1d78000 	C:\WINDOWS\SYSTEM32\DEVOBJ.dll
0x00007ffdd9440000 - 0x00007ffdd94d1000 	C:\WINDOWS\SYSTEM32\mscms.dll
0x00007ffde4f40000 - 0x00007ffde4f82000 	C:\WINDOWS\SYSTEM32\icm32.dll
0x00007ffdf2ba0000 - 0x00007ffdf2bb7000 	C:\WINDOWS\System32\CRYPTSP.dll
0x00007ffdf2aa0000 - 0x00007ffdf2ad3000 	C:\WINDOWS\system32\rsaenh.dll
0x00007ffdf2b90000 - 0x00007ffdf2b9b000 	C:\WINDOWS\SYSTEM32\CRYPTBASE.dll
0x00007ffdf46c0000 - 0x00007ffdf46dc000 	C:\WINDOWS\System32\imagehlp.dll
0x00007ffdf1fc0000 - 0x00007ffdf1fe3000 	C:\WINDOWS\SYSTEM32\gpapi.dll
0x00007ffddd460000 - 0x00007ffddd48f000 	C:\Windows\System32\cryptnet.dll
0x00007ffdef280000 - 0x00007ffdef28b000 	C:\WINDOWS\SYSTEM32\WINNSI.DLL
0x00007ffdd55c0000 - 0x00007ffdd5800000 	C:\PROGRA~2\RAPTRI~1\PlaysTV\ltc_game64-119232.dll
0x00007ffde5440000 - 0x00007ffde55a8000 	C:\WINDOWS\SYSTEM32\mfplat.DLL
0x00007ffdeb540000 - 0x00007ffdeb56e000 	C:\WINDOWS\SYSTEM32\RTWorkQ.DLL
0x00007ffdeeea0000 - 0x00007ffdeeeab000 	C:\WINDOWS\SYSTEM32\Avrt.dll
0x00007ffdf48c0000 - 0x00007ffdf495f000 	C:\WINDOWS\System32\clbcatq.dll
0x00007ffdf0160000 - 0x00007ffdf0308000 	C:\WINDOWS\system32\windowscodecs.dll
0x00007ffde7e00000 - 0x00007ffde7f92000 	C:\WINDOWS\SYSTEM32\dbghelp.dll

VM Arguments:
jvm_args: -agentlib:jdwp=transport=dt_socket,suspend=y,address=localhost:52622 -Djava.library.path=C:\Users\User\git\JavaGame\Game\resources\native\windows -Dfile.encoding=Cp1252 
java_command: Application
java_class_path (initial): C:\Users\User\git\JavaGame\Game\bin;C:\Users\User\git\JavaGame\Game\resources\libraries\lwjgl_util.jar;C:\Users\User\git\JavaGame\Game\resources\libraries\lwjgl.jar;C:\Users\User\git\JavaGame\Game\resources\libraries\slick-util.jar
Launcher Type: SUN_STANDARD

Environment Variables:
PATH=C:\Program Files\Java\jdk1.8.0_91\jre\bin;C:/Program Files/Java/jre1.8.0_111/bin/server;C:/Program Files/Java/jre1.8.0_111/bin;C:/Program Files/Java/jre1.8.0_111/lib/amd64;C:\ProgramData\Oracle\Java\javapath;C:\WINDOWS\system32;C:\WINDOWS;C:\WINDOWS\System32\Wbem;C:\WINDOWS\System32\WindowsPowerShell\v1.0\;C:\Program Files (x86)\AMD\ATI.ACE\Core-Static;C:\Users\User\AppData\Local\Microsoft\WindowsApps;;C:\Users\User\eclipse;
USERNAME=User
OS=Windows_NT
PROCESSOR_IDENTIFIER=AMD64 Family 21 Model 2 Stepping 0, AuthenticAMD



---------------  S Y S T E M  ---------------

OS: Windows 10.0 , 64 bit Build 14393 (10.0.14393.0)

CPU:total 6 (6 cores per cpu, 1 threads per core) family 21 model 2 stepping 0, cmov, cx8, fxsr, mmx, sse, sse2, sse3, ssse3, sse4.1, sse4.2, popcnt, avx, aes, clmul, mmxext, 3dnowpref, lzcnt, sse4a, tsc, tscinvbit, tscinv, bmi1

Memory: 4k page, physical 16760116k(12587048k free), swap 19250484k(13294116k free)

vm_info: Java HotSpot(TM) 64-Bit Server VM (25.91-b15) for windows-amd64 JRE (1.8.0_91-b15), built on May 20 2016 17:43:15 by "java_re" with MS VC++ 10.0 (VS2010)

time: Tue Dec 27 14:09:10 2016
elapsed time: 18 seconds (0d 0h 0m 18s)

