#
# A fatal error has been detected by the Java Runtime Environment:
#
#  EXCEPTION_ACCESS_VIOLATION (0xc0000005) at pc=0x00007ffcdc615024, pid=18644, tid=10708
#
# JRE version: Java(TM) SE Runtime Environment (15.0.1+9) (build 15.0.1+9-18)
# Java VM: Java HotSpot(TM) 64-Bit Server VM (15.0.1+9-18, mixed mode, sharing, tiered, compressed oops, g1 gc, windows-amd64)
# Problematic frame:
# C  [NahimicOSD.dll+0x15024]
#
# No core dump will be written. Minidumps are not enabled by default on client versions of Windows
#
# If you would like to submit a bug report, please visit:
#   https://bugreport.java.com/bugreport/crash.jsp
# The crash happened outside the Java Virtual Machine in native code.
# See problematic frame for where to report the bug.
#

---------------  S U M M A R Y ------------

Command Line: -XX:+ShowCodeDetailsInExceptionMessages -agentlib:jdwp=transport=dt_socket,suspend=y,address=localhost:49989 -Djava.library.path=C:\Users\AlexS\git\JavaGame\Game\library\native -javaagent:C:\Users\AlexS\eclipse\java-2020-12\eclipse\configuration\org.eclipse.osgi\220\0\.cp\lib\javaagent-shaded.jar -Dfile.encoding=Cp1252 Application

Host: AMD Ryzen 9 4900H with Radeon Graphics         , 16 cores, 15G,  Windows 10 , 64 bit Build 19041 (10.0.19041.662)
Time: Wed Jan  6 09:42:54 2021 Eastern Standard Time elapsed time: 1.071126 seconds (0d 0h 0m 1s)

---------------  T H R E A D  ---------------

Current thread (0x0000028848223c80):  JavaThread "Thread-0" [_thread_in_native, id=10708, stack(0x000000b39c900000,0x000000b39ca00000)]

Stack: [0x000000b39c900000,0x000000b39ca00000],  sp=0x000000b39c9fe3a0,  free space=1016k
Native frames: (J=compiled Java code, j=interpreted, Vv=VM code, C=native code)
C  [NahimicOSD.dll+0x15024]

Java frames: (J=compiled Java code, j=interpreted, Vv=VM code)
j  org.lwjgl.opengl.WindowsContextImplementation.nSwapBuffers(Ljava/nio/ByteBuffer;)V+0
j  org.lwjgl.opengl.WindowsContextImplementation.swapBuffers()V+35
j  org.lwjgl.opengl.ContextGL.swapBuffers()V+3
j  org.lwjgl.opengl.DrawableGL.swapBuffers()V+0
j  org.lwjgl.opengl.Display.swapBuffers()V+39
j  org.lwjgl.opengl.Display.update(Z)V+44
j  org.lwjgl.opengl.Display.update()V+1
j  org.lwjgl.opengl.Display.initContext()V+17
j  org.lwjgl.opengl.Display.create(Lorg/lwjgl/opengl/PixelFormat;Lorg/lwjgl/opengl/Drawable;Lorg/lwjgl/opengl/ContextAttribs;)V+111
j  org.lwjgl.opengl.Display.create(Lorg/lwjgl/opengl/PixelFormat;)V+12
j  org.lwjgl.opengl.Display.create()V+7
j  core.Window.create()V+33
j  threads.BaseThread.init()V+5
j  threads.GameThread.init()V+1
j  threads.BaseThread.run()V+1
v  ~StubRoutines::call_stub

siginfo: EXCEPTION_ACCESS_VIOLATION (0xc0000005), reading address 0x00000160de2a0020


Register to memory mapping:

RIP=0x00007ffcdc615024 NahimicOSD.dll
RAX=0x0000667b9a92f9de is an unknown value
RBX=0x00000160de2a0020 is an unknown value
RCX=0x00000160de2a0020 is an unknown value
RDX=0x000000b39c9fe810 is pointing into the stack for thread: 0x0000028848223c80
RSP=0x000000b39c9fe3a0 is pointing into the stack for thread: 0x0000028848223c80
RBP=0x0000000000000003 is an unknown value
RSI=0x00007ffcdc69f9d0 NahimicOSD.dll
RDI=0x00007ffcdc69f900 NahimicOSD.dll
R8 =0x00007ffcdc675ce8 NahimicOSD.dll
R9 =0x000000000000000d is an unknown value
R10=0x00007ffcfc7b04f0 ntdll.dll
R11=0x0000000000000011 is an unknown value
R12=0x0 is NULL
R13=0x0000028847b6db90 is pointing into metadata
R14=0x0 is NULL
R15=0x00007ffcdc675ce8 NahimicOSD.dll


Registers:
RAX=0x0000667b9a92f9de, RBX=0x00000160de2a0020, RCX=0x00000160de2a0020, RDX=0x000000b39c9fe810
RSP=0x000000b39c9fe3a0, RBP=0x0000000000000003, RSI=0x00007ffcdc69f9d0, RDI=0x00007ffcdc69f900
R8 =0x00007ffcdc675ce8, R9 =0x000000000000000d, R10=0x00007ffcfc7b04f0, R11=0x0000000000000011
R12=0x0000000000000000, R13=0x0000028847b6db90, R14=0x0000000000000000, R15=0x00007ffcdc675ce8
RIP=0x00007ffcdc615024, EFLAGS=0x0000000000010206

Top of Stack: (sp=0x000000b39c9fe3a0)
0x000000b39c9fe3a0:   0000028849e39e88 00000288488a6380
0x000000b39c9fe3b0:   0000028849d79bf0 00007ffcfc6495f1
0x000000b39c9fe3c0:   0000000000000000 0000000000000000
0x000000b39c9fe3d0:   0000000000000000 0000028849d79bf0
0x000000b39c9fe3e0:   00007ffcce3b0000 0000000000001000
0x000000b39c9fe3f0:   0000c87950b23a54 00007ffc0000001a
0x000000b39c9fe400:   0000000000000000 000000b39c9fe590
0x000000b39c9fe410:   000000b39aca7000 000000b39c9fe568
0x000000b39c9fe420:   0000000000000000 000000b39c9fe501
0x000000b39c9fe430:   000000b39c9fe830 00007ffcfc6688a3
0x000000b39c9fe440:   0000000000000000 000000b39c9fe501
0x000000b39c9fe450:   00000288215d0000 000000b39c9fe590
0x000000b39c9fe460:   000000b39c9fe4a0 0000000000000000
0x000000b39c9fe470:   0000000000000000 0000000000000000
0x000000b39c9fe480:   0000000000000000 0000028821730000
0x000000b39c9fe490:   0000000000000000 0000000000000000 

Instructions: (pc=0x00007ffcdc615024)
0x00007ffcdc614f24:   cc cc cc cc cc cc cc cc cc cc cc cc 40 53 48 83
0x00007ffcdc614f34:   ec 30 48 89 51 08 48 8d 05 e7 03 06 00 48 89 01
0x00007ffcdc614f44:   48 8d 54 24 40 33 c0 48 8b d9 48 89 41 10 66 89
0x00007ffcdc614f54:   41 18 48 8d 4c 24 20 0f 10 05 66 03 06 00 89 44
0x00007ffcdc614f64:   24 40 0f 11 44 24 20 e8 40 57 ff ff 89 05 8a a7
0x00007ffcdc614f74:   08 00 48 8b c3 48 83 c4 30 5b c3 cc 40 53 48 83
0x00007ffcdc614f84:   ec 20 48 8b d9 48 c7 01 00 00 00 00 48 83 c1 08
0x00007ffcdc614f94:   ba 80 00 00 00 e8 32 b1 ff ff 48 8d 8b 88 00 00
0x00007ffcdc614fa4:   00 ba 00 04 00 00 e8 21 b1 ff ff 48 8b c3 48 83
0x00007ffcdc614fb4:   c4 20 5b c3 cc cc cc cc cc cc cc cc 48 8d 05 61
0x00007ffcdc614fc4:   03 06 00 48 89 01 c3 cc cc cc cc cc 40 53 48 83
0x00007ffcdc614fd4:   ec 20 48 8d 05 4b 03 06 00 48 8b d9 48 89 01 f6
0x00007ffcdc614fe4:   c2 01 74 0a ba 20 00 00 00 e8 be aa 00 00 48 8b
0x00007ffcdc614ff4:   c3 48 83 c4 20 5b c3 cc cc cc cc cc 48 89 5c 24
0x00007ffcdc615004:   18 48 89 74 24 20 57 48 81 ec 30 04 00 00 48 8b
0x00007ffcdc615014:   05 df 42 08 00 48 33 c4 48 89 84 24 20 04 00 00
0x00007ffcdc615024:   48 83 39 00 48 8b f2 48 8b f9 74 42 48 83 c1 08
0x00007ffcdc615034:   ff 15 f6 60 05 00 48 8b d8 48 85 c0 74 30 41 b8
0x00007ffcdc615044:   00 02 00 00 48 8d 54 24 20 48 8b c8 ff 15 12 64
0x00007ffcdc615054:   05 00 48 8d 97 88 00 00 00 48 8d 4c 24 20 e8 a9
0x00007ffcdc615064:   02 00 00 84 c0 74 07 48 89 1e b0 01 eb 02 32 c0
0x00007ffcdc615074:   48 8b 8c 24 20 04 00 00 48 33 cc e8 7c b2 00 00
0x00007ffcdc615084:   4c 8d 9c 24 30 04 00 00 49 8b 5b 20 49 8b 73 28
0x00007ffcdc615094:   49 8b e3 5f c3 cc cc cc cc cc cc cc 48 89 74 24
0x00007ffcdc6150a4:   10 57 48 83 ec 20 80 79 18 00 8b f2 48 8b f9 0f
0x00007ffcdc6150b4:   85 ae 00 00 00 48 8b 01 48 89 5c 24 30 ff 50 08
0x00007ffcdc6150c4:   48 8b d8 48 8b 00 48 85 c0 74 20 90 48 8b c8 ff
0x00007ffcdc6150d4:   15 57 60 05 00 48 85 c0 0f 84 80 00 00 00 48 8b
0x00007ffcdc6150e4:   43 08 48 83 c3 08 48 85 c0 75 e1 80 7f 19 00 c6
0x00007ffcdc6150f4:   47 18 01 74 0b 48 8b 07 48 8b cf ff 50 18 eb 5a
0x00007ffcdc615104:   e8 07 d7 ff ff 48 8b 07 8b d6 48 8b cf ff 50 10
0x00007ffcdc615114:   84 c0 74 46 c6 47 19 01 e8 9f c7 ff ff 45 33 c0 


Stack slot to memory mapping:
stack at sp + 0 slots: 0x0000028849e39e88 points into unknown readable memory: 0x0039006400330064 | 64 00 33 00 64 00 39 00
stack at sp + 1 slots: 0x00000288488a6380 points into unknown readable memory: 0x00007ffcfc79b4d0 | d0 b4 79 fc fc 7f 00 00
stack at sp + 2 slots: 0x0000028849d79bf0 points into unknown readable memory: 0x00000288488a6420 | 20 64 8a 48 88 02 00 00
stack at sp + 3 slots: 0x00007ffcfc6495f1 ntdll.dll
stack at sp + 4 slots: 0x0 is NULL
stack at sp + 5 slots: 0x0 is NULL
stack at sp + 6 slots: 0x0 is NULL
stack at sp + 7 slots: 0x0000028849d79bf0 points into unknown readable memory: 0x00000288488a6420 | 20 64 8a 48 88 02 00 00


---------------  P R O C E S S  ---------------

Threads class SMR info:
_java_thread_list=0x0000028849df5f10, length=19, elements={
0x0000028847ea21b0, 0x0000028847ea2b90, 0x0000028847ec0060, 0x0000028847ec2930,
0x0000028847ec42f0, 0x0000028847ec8580, 0x0000028847ecc7f0, 0x0000028847ee2920,
0x0000028847fdac80, 0x0000028847eccd00, 0x000002884816b9f0, 0x000002884811c550,
0x0000028848183ed0, 0x0000028848222fa0, 0x0000028848223c80, 0x00000288238efd50,
0x0000028847eca990, 0x0000028847ecd720, 0x0000028847ecbdd0
}

Java Threads: ( => current thread )
  0x0000028847ea21b0 JavaThread "Reference Handler" daemon [_thread_blocked, id=4680, stack(0x000000b39b900000,0x000000b39ba00000)]
  0x0000028847ea2b90 JavaThread "Finalizer" daemon [_thread_blocked, id=6400, stack(0x000000b39ba00000,0x000000b39bb00000)]
  0x0000028847ec0060 JavaThread "Signal Dispatcher" daemon [_thread_blocked, id=3836, stack(0x000000b39bb00000,0x000000b39bc00000)]
  0x0000028847ec2930 JavaThread "Attach Listener" daemon [_thread_blocked, id=19064, stack(0x000000b39bc00000,0x000000b39bd00000)]
  0x0000028847ec42f0 JavaThread "Service Thread" daemon [_thread_blocked, id=15332, stack(0x000000b39bd00000,0x000000b39be00000)]
  0x0000028847ec8580 JavaThread "C2 CompilerThread0" daemon [_thread_blocked, id=1108, stack(0x000000b39be00000,0x000000b39bf00000)]
  0x0000028847ecc7f0 JavaThread "C1 CompilerThread0" daemon [_thread_blocked, id=15408, stack(0x000000b39bf00000,0x000000b39c000000)]
  0x0000028847ee2920 JavaThread "Sweeper thread" daemon [_thread_blocked, id=15664, stack(0x000000b39c000000,0x000000b39c100000)]
  0x0000028847fdac80 JavaThread "Common-Cleaner" daemon [_thread_blocked, id=8656, stack(0x000000b39c100000,0x000000b39c200000)]
  0x0000028847eccd00 JavaThread "C1 CompilerThread1" daemon [_thread_blocked, id=1244, stack(0x000000b39c200000,0x000000b39c300000)]
  0x000002884816b9f0 JavaThread "JDWP Transport Listener: dt_socket" daemon [_thread_blocked, id=18240, stack(0x000000b39c400000,0x000000b39c500000)]
  0x000002884811c550 JavaThread "JDWP Event Helper Thread" daemon [_thread_blocked, id=20428, stack(0x000000b39c500000,0x000000b39c600000)]
  0x0000028848183ed0 JavaThread "JDWP Command Reader" daemon [_thread_in_native, id=15876, stack(0x000000b39c600000,0x000000b39c700000)]
  0x0000028848222fa0 JavaThread "Notification Thread" daemon [_thread_blocked, id=13544, stack(0x000000b39c700000,0x000000b39c800000)]
=>0x0000028848223c80 JavaThread "Thread-0" [_thread_in_native, id=10708, stack(0x000000b39c900000,0x000000b39ca00000)]
  0x00000288238efd50 JavaThread "DestroyJavaVM" [_thread_blocked, id=13140, stack(0x000000b39b200000,0x000000b39b300000)]
  0x0000028847eca990 JavaThread "C1 CompilerThread2" daemon [_thread_blocked, id=11744, stack(0x000000b39c300000,0x000000b39c400000)]
  0x0000028847ecd720 JavaThread "C1 CompilerThread3" daemon [_thread_blocked, id=15128, stack(0x000000b39cb00000,0x000000b39cc00000)]
  0x0000028847ecbdd0 JavaThread "C2 CompilerThread1" daemon [_thread_blocked, id=15500, stack(0x000000b39cc00000,0x000000b39cd00000)]

Other Threads:
  0x000002884769c860 VMThread "VM Thread" [stack: 0x000000b39b800000,0x000000b39b900000] [id=12724]
  0x00000288238f0f00 WatcherThread [stack: 0x000000b39c800000,0x000000b39c900000] [id=12756]
  0x0000028823941ff0 GCTaskThread "GC Thread#0" [stack: 0x000000b39b300000,0x000000b39b400000] [id=17112]
  0x0000028823952ee0 ConcurrentGCThread "G1 Main Marker" [stack: 0x000000b39b400000,0x000000b39b500000] [id=1556]
  0x00000288239569f0 ConcurrentGCThread "G1 Conc#0" [stack: 0x000000b39b500000,0x000000b39b600000] [id=16320]
  0x00000288239c2c70 ConcurrentGCThread "G1 Refine#0" [stack: 0x000000b39b600000,0x000000b39b700000] [id=14840]
  0x00000288239c3770 ConcurrentGCThread "G1 Young RemSet Sampling" [stack: 0x000000b39b700000,0x000000b39b800000] [id=18224]

Threads with active compile tasks:

VM state: not at safepoint (normal execution)

VM Mutex/Monitor currently owned by a thread: None

Heap address: 0x000000070a000000, size: 3936 MB, Compressed Oops mode: Zero based, Oop shift amount: 3
CDS archive(s) mapped at: [0x0000000800000000-0x0000000800b50000-0x0000000800b50000), size 11862016, SharedBaseAddress: 0x0000000800000000, ArchiveRelocationMode: 0.
Compressed class space mapped at: 0x0000000800b50000-0x0000000840b50000, size: 1073741824
Narrow klass base: 0x0000000800000000, Narrow klass shift: 3, Narrow klass range: 0x100000000

GC Precious Log:
 CPUs: 16 total, 16 available
 Memory: 15737M
 Large Page Support: Disabled
 NUMA Support: Disabled
 Compressed Oops: Enabled (Zero based)
 Heap Region Size: 2M
 Heap Min Capacity: 8M
 Heap Initial Capacity: 246M
 Heap Max Capacity: 3936M
 Pre-touch: Disabled
 Parallel Workers: 13
 Concurrent Workers: 3
 Concurrent Refinement Workers: 13
 Periodic GC: Disabled

Heap:
 garbage-first heap   total 251904K, used 14336K [0x000000070a000000, 0x0000000800000000)
  region size 2048K, 8 young (16384K), 0 survivors (0K)
 Metaspace       used 4693K, capacity 6017K, committed 6400K, reserved 1056768K
  class space    used 360K, capacity 480K, committed 512K, reserved 1048576K

Heap Regions: E=young(eden), S=young(survivor), O=old, HS=humongous(starts), HC=humongous(continues), CS=collection set, F=free, OA=open archive, CA=closed archive, TAMS=top-at-mark-start (previous, next)
|   0|0x000000070a000000, 0x000000070a000000, 0x000000070a200000|  0%| F|  |TAMS 0x000000070a000000, 0x000000070a000000| Untracked 
|   1|0x000000070a200000, 0x000000070a200000, 0x000000070a400000|  0%| F|  |TAMS 0x000000070a200000, 0x000000070a200000| Untracked 
|   2|0x000000070a400000, 0x000000070a400000, 0x000000070a600000|  0%| F|  |TAMS 0x000000070a400000, 0x000000070a400000| Untracked 
|   3|0x000000070a600000, 0x000000070a600000, 0x000000070a800000|  0%| F|  |TAMS 0x000000070a600000, 0x000000070a600000| Untracked 
|   4|0x000000070a800000, 0x000000070a800000, 0x000000070aa00000|  0%| F|  |TAMS 0x000000070a800000, 0x000000070a800000| Untracked 
|   5|0x000000070aa00000, 0x000000070aa00000, 0x000000070ac00000|  0%| F|  |TAMS 0x000000070aa00000, 0x000000070aa00000| Untracked 
|   6|0x000000070ac00000, 0x000000070ac00000, 0x000000070ae00000|  0%| F|  |TAMS 0x000000070ac00000, 0x000000070ac00000| Untracked 
|   7|0x000000070ae00000, 0x000000070ae00000, 0x000000070b000000|  0%| F|  |TAMS 0x000000070ae00000, 0x000000070ae00000| Untracked 
|   8|0x000000070b000000, 0x000000070b000000, 0x000000070b200000|  0%| F|  |TAMS 0x000000070b000000, 0x000000070b000000| Untracked 
|   9|0x000000070b200000, 0x000000070b200000, 0x000000070b400000|  0%| F|  |TAMS 0x000000070b200000, 0x000000070b200000| Untracked 
|  10|0x000000070b400000, 0x000000070b400000, 0x000000070b600000|  0%| F|  |TAMS 0x000000070b400000, 0x000000070b400000| Untracked 
|  11|0x000000070b600000, 0x000000070b600000, 0x000000070b800000|  0%| F|  |TAMS 0x000000070b600000, 0x000000070b600000| Untracked 
|  12|0x000000070b800000, 0x000000070b800000, 0x000000070ba00000|  0%| F|  |TAMS 0x000000070b800000, 0x000000070b800000| Untracked 
|  13|0x000000070ba00000, 0x000000070ba00000, 0x000000070bc00000|  0%| F|  |TAMS 0x000000070ba00000, 0x000000070ba00000| Untracked 
|  14|0x000000070bc00000, 0x000000070bc00000, 0x000000070be00000|  0%| F|  |TAMS 0x000000070bc00000, 0x000000070bc00000| Untracked 
|  15|0x000000070be00000, 0x000000070be00000, 0x000000070c000000|  0%| F|  |TAMS 0x000000070be00000, 0x000000070be00000| Untracked 
|  16|0x000000070c000000, 0x000000070c000000, 0x000000070c200000|  0%| F|  |TAMS 0x000000070c000000, 0x000000070c000000| Untracked 
|  17|0x000000070c200000, 0x000000070c200000, 0x000000070c400000|  0%| F|  |TAMS 0x000000070c200000, 0x000000070c200000| Untracked 
|  18|0x000000070c400000, 0x000000070c400000, 0x000000070c600000|  0%| F|  |TAMS 0x000000070c400000, 0x000000070c400000| Untracked 
|  19|0x000000070c600000, 0x000000070c600000, 0x000000070c800000|  0%| F|  |TAMS 0x000000070c600000, 0x000000070c600000| Untracked 
|  20|0x000000070c800000, 0x000000070c800000, 0x000000070ca00000|  0%| F|  |TAMS 0x000000070c800000, 0x000000070c800000| Untracked 
|  21|0x000000070ca00000, 0x000000070ca00000, 0x000000070cc00000|  0%| F|  |TAMS 0x000000070ca00000, 0x000000070ca00000| Untracked 
|  22|0x000000070cc00000, 0x000000070cc00000, 0x000000070ce00000|  0%| F|  |TAMS 0x000000070cc00000, 0x000000070cc00000| Untracked 
|  23|0x000000070ce00000, 0x000000070ce00000, 0x000000070d000000|  0%| F|  |TAMS 0x000000070ce00000, 0x000000070ce00000| Untracked 
|  24|0x000000070d000000, 0x000000070d000000, 0x000000070d200000|  0%| F|  |TAMS 0x000000070d000000, 0x000000070d000000| Untracked 
|  25|0x000000070d200000, 0x000000070d200000, 0x000000070d400000|  0%| F|  |TAMS 0x000000070d200000, 0x000000070d200000| Untracked 
|  26|0x000000070d400000, 0x000000070d400000, 0x000000070d600000|  0%| F|  |TAMS 0x000000070d400000, 0x000000070d400000| Untracked 
|  27|0x000000070d600000, 0x000000070d600000, 0x000000070d800000|  0%| F|  |TAMS 0x000000070d600000, 0x000000070d600000| Untracked 
|  28|0x000000070d800000, 0x000000070d800000, 0x000000070da00000|  0%| F|  |TAMS 0x000000070d800000, 0x000000070d800000| Untracked 
|  29|0x000000070da00000, 0x000000070da00000, 0x000000070dc00000|  0%| F|  |TAMS 0x000000070da00000, 0x000000070da00000| Untracked 
|  30|0x000000070dc00000, 0x000000070dc00000, 0x000000070de00000|  0%| F|  |TAMS 0x000000070dc00000, 0x000000070dc00000| Untracked 
|  31|0x000000070de00000, 0x000000070de00000, 0x000000070e000000|  0%| F|  |TAMS 0x000000070de00000, 0x000000070de00000| Untracked 
|  32|0x000000070e000000, 0x000000070e000000, 0x000000070e200000|  0%| F|  |TAMS 0x000000070e000000, 0x000000070e000000| Untracked 
|  33|0x000000070e200000, 0x000000070e200000, 0x000000070e400000|  0%| F|  |TAMS 0x000000070e200000, 0x000000070e200000| Untracked 
|  34|0x000000070e400000, 0x000000070e400000, 0x000000070e600000|  0%| F|  |TAMS 0x000000070e400000, 0x000000070e400000| Untracked 
|  35|0x000000070e600000, 0x000000070e600000, 0x000000070e800000|  0%| F|  |TAMS 0x000000070e600000, 0x000000070e600000| Untracked 
|  36|0x000000070e800000, 0x000000070e800000, 0x000000070ea00000|  0%| F|  |TAMS 0x000000070e800000, 0x000000070e800000| Untracked 
|  37|0x000000070ea00000, 0x000000070ea00000, 0x000000070ec00000|  0%| F|  |TAMS 0x000000070ea00000, 0x000000070ea00000| Untracked 
|  38|0x000000070ec00000, 0x000000070ec00000, 0x000000070ee00000|  0%| F|  |TAMS 0x000000070ec00000, 0x000000070ec00000| Untracked 
|  39|0x000000070ee00000, 0x000000070ee00000, 0x000000070f000000|  0%| F|  |TAMS 0x000000070ee00000, 0x000000070ee00000| Untracked 
|  40|0x000000070f000000, 0x000000070f000000, 0x000000070f200000|  0%| F|  |TAMS 0x000000070f000000, 0x000000070f000000| Untracked 
|  41|0x000000070f200000, 0x000000070f200000, 0x000000070f400000|  0%| F|  |TAMS 0x000000070f200000, 0x000000070f200000| Untracked 
|  42|0x000000070f400000, 0x000000070f400000, 0x000000070f600000|  0%| F|  |TAMS 0x000000070f400000, 0x000000070f400000| Untracked 
|  43|0x000000070f600000, 0x000000070f600000, 0x000000070f800000|  0%| F|  |TAMS 0x000000070f600000, 0x000000070f600000| Untracked 
|  44|0x000000070f800000, 0x000000070f800000, 0x000000070fa00000|  0%| F|  |TAMS 0x000000070f800000, 0x000000070f800000| Untracked 
|  45|0x000000070fa00000, 0x000000070fa00000, 0x000000070fc00000|  0%| F|  |TAMS 0x000000070fa00000, 0x000000070fa00000| Untracked 
|  46|0x000000070fc00000, 0x000000070fc00000, 0x000000070fe00000|  0%| F|  |TAMS 0x000000070fc00000, 0x000000070fc00000| Untracked 
|  47|0x000000070fe00000, 0x000000070fe00000, 0x0000000710000000|  0%| F|  |TAMS 0x000000070fe00000, 0x000000070fe00000| Untracked 
|  48|0x0000000710000000, 0x0000000710000000, 0x0000000710200000|  0%| F|  |TAMS 0x0000000710000000, 0x0000000710000000| Untracked 
|  49|0x0000000710200000, 0x0000000710200000, 0x0000000710400000|  0%| F|  |TAMS 0x0000000710200000, 0x0000000710200000| Untracked 
|  50|0x0000000710400000, 0x0000000710400000, 0x0000000710600000|  0%| F|  |TAMS 0x0000000710400000, 0x0000000710400000| Untracked 
|  51|0x0000000710600000, 0x0000000710600000, 0x0000000710800000|  0%| F|  |TAMS 0x0000000710600000, 0x0000000710600000| Untracked 
|  52|0x0000000710800000, 0x0000000710800000, 0x0000000710a00000|  0%| F|  |TAMS 0x0000000710800000, 0x0000000710800000| Untracked 
|  53|0x0000000710a00000, 0x0000000710a00000, 0x0000000710c00000|  0%| F|  |TAMS 0x0000000710a00000, 0x0000000710a00000| Untracked 
|  54|0x0000000710c00000, 0x0000000710c00000, 0x0000000710e00000|  0%| F|  |TAMS 0x0000000710c00000, 0x0000000710c00000| Untracked 
|  55|0x0000000710e00000, 0x0000000710e00000, 0x0000000711000000|  0%| F|  |TAMS 0x0000000710e00000, 0x0000000710e00000| Untracked 
|  56|0x0000000711000000, 0x0000000711000000, 0x0000000711200000|  0%| F|  |TAMS 0x0000000711000000, 0x0000000711000000| Untracked 
|  57|0x0000000711200000, 0x0000000711200000, 0x0000000711400000|  0%| F|  |TAMS 0x0000000711200000, 0x0000000711200000| Untracked 
|  58|0x0000000711400000, 0x0000000711400000, 0x0000000711600000|  0%| F|  |TAMS 0x0000000711400000, 0x0000000711400000| Untracked 
|  59|0x0000000711600000, 0x0000000711600000, 0x0000000711800000|  0%| F|  |TAMS 0x0000000711600000, 0x0000000711600000| Untracked 
|  60|0x0000000711800000, 0x0000000711800000, 0x0000000711a00000|  0%| F|  |TAMS 0x0000000711800000, 0x0000000711800000| Untracked 
|  61|0x0000000711a00000, 0x0000000711a00000, 0x0000000711c00000|  0%| F|  |TAMS 0x0000000711a00000, 0x0000000711a00000| Untracked 
|  62|0x0000000711c00000, 0x0000000711c00000, 0x0000000711e00000|  0%| F|  |TAMS 0x0000000711c00000, 0x0000000711c00000| Untracked 
|  63|0x0000000711e00000, 0x0000000711e00000, 0x0000000712000000|  0%| F|  |TAMS 0x0000000711e00000, 0x0000000711e00000| Untracked 
|  64|0x0000000712000000, 0x0000000712000000, 0x0000000712200000|  0%| F|  |TAMS 0x0000000712000000, 0x0000000712000000| Untracked 
|  65|0x0000000712200000, 0x0000000712200000, 0x0000000712400000|  0%| F|  |TAMS 0x0000000712200000, 0x0000000712200000| Untracked 
|  66|0x0000000712400000, 0x0000000712400000, 0x0000000712600000|  0%| F|  |TAMS 0x0000000712400000, 0x0000000712400000| Untracked 
|  67|0x0000000712600000, 0x0000000712600000, 0x0000000712800000|  0%| F|  |TAMS 0x0000000712600000, 0x0000000712600000| Untracked 
|  68|0x0000000712800000, 0x0000000712800000, 0x0000000712a00000|  0%| F|  |TAMS 0x0000000712800000, 0x0000000712800000| Untracked 
|  69|0x0000000712a00000, 0x0000000712a00000, 0x0000000712c00000|  0%| F|  |TAMS 0x0000000712a00000, 0x0000000712a00000| Untracked 
|  70|0x0000000712c00000, 0x0000000712c00000, 0x0000000712e00000|  0%| F|  |TAMS 0x0000000712c00000, 0x0000000712c00000| Untracked 
|  71|0x0000000712e00000, 0x0000000712e00000, 0x0000000713000000|  0%| F|  |TAMS 0x0000000712e00000, 0x0000000712e00000| Untracked 
|  72|0x0000000713000000, 0x0000000713000000, 0x0000000713200000|  0%| F|  |TAMS 0x0000000713000000, 0x0000000713000000| Untracked 
|  73|0x0000000713200000, 0x0000000713200000, 0x0000000713400000|  0%| F|  |TAMS 0x0000000713200000, 0x0000000713200000| Untracked 
|  74|0x0000000713400000, 0x0000000713400000, 0x0000000713600000|  0%| F|  |TAMS 0x0000000713400000, 0x0000000713400000| Untracked 
|  75|0x0000000713600000, 0x0000000713600000, 0x0000000713800000|  0%| F|  |TAMS 0x0000000713600000, 0x0000000713600000| Untracked 
|  76|0x0000000713800000, 0x0000000713800000, 0x0000000713a00000|  0%| F|  |TAMS 0x0000000713800000, 0x0000000713800000| Untracked 
|  77|0x0000000713a00000, 0x0000000713a00000, 0x0000000713c00000|  0%| F|  |TAMS 0x0000000713a00000, 0x0000000713a00000| Untracked 
|  78|0x0000000713c00000, 0x0000000713c00000, 0x0000000713e00000|  0%| F|  |TAMS 0x0000000713c00000, 0x0000000713c00000| Untracked 
|  79|0x0000000713e00000, 0x0000000713e00000, 0x0000000714000000|  0%| F|  |TAMS 0x0000000713e00000, 0x0000000713e00000| Untracked 
|  80|0x0000000714000000, 0x0000000714000000, 0x0000000714200000|  0%| F|  |TAMS 0x0000000714000000, 0x0000000714000000| Untracked 
|  81|0x0000000714200000, 0x0000000714200000, 0x0000000714400000|  0%| F|  |TAMS 0x0000000714200000, 0x0000000714200000| Untracked 
|  82|0x0000000714400000, 0x0000000714400000, 0x0000000714600000|  0%| F|  |TAMS 0x0000000714400000, 0x0000000714400000| Untracked 
|  83|0x0000000714600000, 0x0000000714600000, 0x0000000714800000|  0%| F|  |TAMS 0x0000000714600000, 0x0000000714600000| Untracked 
|  84|0x0000000714800000, 0x0000000714800000, 0x0000000714a00000|  0%| F|  |TAMS 0x0000000714800000, 0x0000000714800000| Untracked 
|  85|0x0000000714a00000, 0x0000000714a00000, 0x0000000714c00000|  0%| F|  |TAMS 0x0000000714a00000, 0x0000000714a00000| Untracked 
|  86|0x0000000714c00000, 0x0000000714c00000, 0x0000000714e00000|  0%| F|  |TAMS 0x0000000714c00000, 0x0000000714c00000| Untracked 
|  87|0x0000000714e00000, 0x0000000714e00000, 0x0000000715000000|  0%| F|  |TAMS 0x0000000714e00000, 0x0000000714e00000| Untracked 
|  88|0x0000000715000000, 0x0000000715000000, 0x0000000715200000|  0%| F|  |TAMS 0x0000000715000000, 0x0000000715000000| Untracked 
|  89|0x0000000715200000, 0x0000000715200000, 0x0000000715400000|  0%| F|  |TAMS 0x0000000715200000, 0x0000000715200000| Untracked 
|  90|0x0000000715400000, 0x0000000715400000, 0x0000000715600000|  0%| F|  |TAMS 0x0000000715400000, 0x0000000715400000| Untracked 
|  91|0x0000000715600000, 0x0000000715600000, 0x0000000715800000|  0%| F|  |TAMS 0x0000000715600000, 0x0000000715600000| Untracked 
|  92|0x0000000715800000, 0x0000000715800000, 0x0000000715a00000|  0%| F|  |TAMS 0x0000000715800000, 0x0000000715800000| Untracked 
|  93|0x0000000715a00000, 0x0000000715a00000, 0x0000000715c00000|  0%| F|  |TAMS 0x0000000715a00000, 0x0000000715a00000| Untracked 
|  94|0x0000000715c00000, 0x0000000715c00000, 0x0000000715e00000|  0%| F|  |TAMS 0x0000000715c00000, 0x0000000715c00000| Untracked 
|  95|0x0000000715e00000, 0x0000000715e00000, 0x0000000716000000|  0%| F|  |TAMS 0x0000000715e00000, 0x0000000715e00000| Untracked 
|  96|0x0000000716000000, 0x0000000716000000, 0x0000000716200000|  0%| F|  |TAMS 0x0000000716000000, 0x0000000716000000| Untracked 
|  97|0x0000000716200000, 0x0000000716200000, 0x0000000716400000|  0%| F|  |TAMS 0x0000000716200000, 0x0000000716200000| Untracked 
|  98|0x0000000716400000, 0x0000000716400000, 0x0000000716600000|  0%| F|  |TAMS 0x0000000716400000, 0x0000000716400000| Untracked 
|  99|0x0000000716600000, 0x0000000716600000, 0x0000000716800000|  0%| F|  |TAMS 0x0000000716600000, 0x0000000716600000| Untracked 
| 100|0x0000000716800000, 0x0000000716800000, 0x0000000716a00000|  0%| F|  |TAMS 0x0000000716800000, 0x0000000716800000| Untracked 
| 101|0x0000000716a00000, 0x0000000716a00000, 0x0000000716c00000|  0%| F|  |TAMS 0x0000000716a00000, 0x0000000716a00000| Untracked 
| 102|0x0000000716c00000, 0x0000000716c00000, 0x0000000716e00000|  0%| F|  |TAMS 0x0000000716c00000, 0x0000000716c00000| Untracked 
| 103|0x0000000716e00000, 0x0000000716e00000, 0x0000000717000000|  0%| F|  |TAMS 0x0000000716e00000, 0x0000000716e00000| Untracked 
| 104|0x0000000717000000, 0x0000000717000000, 0x0000000717200000|  0%| F|  |TAMS 0x0000000717000000, 0x0000000717000000| Untracked 
| 105|0x0000000717200000, 0x0000000717200000, 0x0000000717400000|  0%| F|  |TAMS 0x0000000717200000, 0x0000000717200000| Untracked 
| 106|0x0000000717400000, 0x0000000717400000, 0x0000000717600000|  0%| F|  |TAMS 0x0000000717400000, 0x0000000717400000| Untracked 
| 107|0x0000000717600000, 0x0000000717600000, 0x0000000717800000|  0%| F|  |TAMS 0x0000000717600000, 0x0000000717600000| Untracked 
| 108|0x0000000717800000, 0x0000000717800000, 0x0000000717a00000|  0%| F|  |TAMS 0x0000000717800000, 0x0000000717800000| Untracked 
| 109|0x0000000717a00000, 0x0000000717a00000, 0x0000000717c00000|  0%| F|  |TAMS 0x0000000717a00000, 0x0000000717a00000| Untracked 
| 110|0x0000000717c00000, 0x0000000717c00000, 0x0000000717e00000|  0%| F|  |TAMS 0x0000000717c00000, 0x0000000717c00000| Untracked 
| 111|0x0000000717e00000, 0x0000000717e00000, 0x0000000718000000|  0%| F|  |TAMS 0x0000000717e00000, 0x0000000717e00000| Untracked 
| 112|0x0000000718000000, 0x0000000718000000, 0x0000000718200000|  0%| F|  |TAMS 0x0000000718000000, 0x0000000718000000| Untracked 
| 113|0x0000000718200000, 0x0000000718200000, 0x0000000718400000|  0%| F|  |TAMS 0x0000000718200000, 0x0000000718200000| Untracked 
| 114|0x0000000718400000, 0x0000000718400000, 0x0000000718600000|  0%| F|  |TAMS 0x0000000718400000, 0x0000000718400000| Untracked 
| 115|0x0000000718600000, 0x00000007187527d8, 0x0000000718800000| 66%| E|  |TAMS 0x0000000718600000, 0x0000000718600000| Complete 
| 116|0x0000000718800000, 0x0000000718a00000, 0x0000000718a00000|100%| E|CS|TAMS 0x0000000718800000, 0x0000000718800000| Complete 
| 117|0x0000000718a00000, 0x0000000718c00000, 0x0000000718c00000|100%| E|CS|TAMS 0x0000000718a00000, 0x0000000718a00000| Complete 
| 118|0x0000000718c00000, 0x0000000718e00000, 0x0000000718e00000|100%| E|CS|TAMS 0x0000000718c00000, 0x0000000718c00000| Complete 
| 119|0x0000000718e00000, 0x0000000719000000, 0x0000000719000000|100%| E|CS|TAMS 0x0000000718e00000, 0x0000000718e00000| Complete 
| 120|0x0000000719000000, 0x0000000719200000, 0x0000000719200000|100%| E|CS|TAMS 0x0000000719000000, 0x0000000719000000| Complete 
| 121|0x0000000719200000, 0x0000000719400000, 0x0000000719400000|100%| E|CS|TAMS 0x0000000719200000, 0x0000000719200000| Complete 
| 122|0x0000000719400000, 0x0000000719600000, 0x0000000719600000|100%| E|CS|TAMS 0x0000000719400000, 0x0000000719400000| Complete 

Card table byte_map: [0x000002883bba0000,0x000002883c350000] _byte_map_base: 0x0000028838350000

Marking Bits (Prev, Next): (CMBitMap*) 0x00000288239427e0, (CMBitMap*) 0x0000028823942820
 Prev Bits: [0x000002883cb00000, 0x0000028840880000)
 Next Bits: [0x0000028840880000, 0x0000028844600000)

Polling page: 0x00000288230d0000

Metaspace:

Usage:
  Non-class:      5.41 MB capacity,     4.23 MB ( 78%) used,     1.17 MB ( 22%) free+waste,     5.00 KB ( <1%) overhead. 
      Class:    480.00 KB capacity,   360.52 KB ( 75%) used,   117.54 KB ( 24%) free+waste,     1.94 KB ( <1%) overhead. 
       Both:      5.88 MB capacity,     4.58 MB ( 78%) used,     1.29 MB ( 22%) free+waste,     6.94 KB ( <1%) overhead. 

Virtual space:
  Non-class space:        8.00 MB reserved,       5.75 MB ( 72%) committed 
      Class space:        1.00 GB reserved,     512.00 KB ( <1%) committed 
             Both:        1.01 GB reserved,       6.25 MB ( <1%) committed 

Chunk freelists:
   Non-Class:  159.00 KB
       Class:  0 bytes
        Both:  159.00 KB

MaxMetaspaceSize: 17179869184.00 GB
CompressedClassSpaceSize: 1.00 GB

CodeHeap 'non-profiled nmethods': size=119168Kb used=270Kb max_used=270Kb free=118897Kb
 bounds [0x00000288336d0000, 0x0000028833940000, 0x000002883ab30000]
CodeHeap 'profiled nmethods': size=119104Kb used=1389Kb max_used=1389Kb free=117714Kb
 bounds [0x000002882c280000, 0x000002882c4f0000, 0x00000288336d0000]
CodeHeap 'non-nmethods': size=7488Kb used=2981Kb max_used=2996Kb free=4506Kb
 bounds [0x000002882bb30000, 0x000002882be20000, 0x000002882c280000]
 total_blobs=1351 nmethods=873 adapters=388
 compilation: enabled
              stopped_count=0, restarted_count=0
 full_count=0

Compilation events (20 events):
Event: 1.024 Thread 0x0000028847eccd00  865       3       sun.nio.cs.ISO_8859_1$Encoder::encodeLoop (28 bytes)
Event: 1.025 Thread 0x0000028847ecc7f0 nmethod 860 0x000002882c3d4710 code [0x000002882c3d4a40, 0x000002882c3d5ce8]
Event: 1.025 Thread 0x0000028847eca990 nmethod 852 0x000002882c3d6490 code [0x000002882c3d67a0, 0x000002882c3d7ad8]
Event: 1.025 Thread 0x0000028847ecc7f0  866       3       java.nio.CharBuffer::hasArray (20 bytes)
Event: 1.025 Thread 0x0000028847ecc7f0 nmethod 866 0x000002882c3d8190 code [0x000002882c3d8320, 0x000002882c3d84b8]
Event: 1.025 Thread 0x0000028847ecd720 nmethod 856 0x000002882c3d8590 code [0x000002882c3d8960, 0x000002882c3da228]
Event: 1.025 Thread 0x0000028847eccd00 nmethod 865 0x000002882c3dae10 code [0x000002882c3dafe0, 0x000002882c3db3f8]
Event: 1.026 Thread 0x0000028847ec8580 nmethod 855 0x0000028833711610 code [0x00000288337117a0, 0x0000028833711948]
Event: 1.029 Thread 0x0000028847ec8580  868   !   4       sun.nio.cs.ISO_8859_1$Encoder::encodeBufferLoop (135 bytes)
Event: 1.037 Thread 0x0000028847ec8580 nmethod 868 0x0000028833711b10 code [0x0000028833711ce0, 0x0000028833712378]
Event: 1.037 Thread 0x0000028847ec8580  869       4       java.util.concurrent.atomic.AtomicLong::compareAndSet (13 bytes)
Event: 1.037 Thread 0x0000028847ecbdd0  870       4       java.util.concurrent.atomic.AtomicLong::addAndGet (14 bytes)
Event: 1.038 Thread 0x0000028847ec8580 nmethod 869 0x0000028833712a10 code [0x0000028833712b80, 0x0000028833712bf8]
Event: 1.038 Thread 0x0000028847ec8580  871       4       java.util.concurrent.atomic.AtomicLong::incrementAndGet (14 bytes)
Event: 1.038 Thread 0x0000028847ecbdd0 nmethod 870 0x0000028833712d10 code [0x0000028833712e80, 0x0000028833712ef8]
Event: 1.038 Thread 0x0000028847ecbdd0  873       4       java.nio.charset.CharsetEncoder::implReset (1 bytes)
Event: 1.038 Thread 0x0000028847ecbdd0 nmethod 873 0x0000028833713010 code [0x0000028833713180, 0x00000288337131d8]
Event: 1.038 Thread 0x0000028847ecbdd0  872       4       java.nio.charset.CharsetEncoder::implReplaceWith (1 bytes)
Event: 1.038 Thread 0x0000028847ec8580 nmethod 871 0x0000028833713310 code [0x0000028833713480, 0x00000288337134f8]
Event: 1.038 Thread 0x0000028847ecbdd0 nmethod 872 0x0000028833713610 code [0x0000028833713780, 0x00000288337137d8]

GC Heap History (0 events):
No events

Deoptimization events (20 events):
Event: 0.240 Thread 0x00000288238efd50 DEOPT PACKING pc=0x00000288336de090 sp=0x000000b39b2fe4b0
Event: 0.240 Thread 0x00000288238efd50 DEOPT UNPACKING pc=0x000002882bb7e42f sp=0x000000b39b2fe460 mode 2
Event: 0.333 Thread 0x00000288238efd50 Uncommon trap: trap_request=0xffffff45 fr.pc=0x00000288336decf4 relative=0x00000000000000d4
Event: 0.333 Thread 0x00000288238efd50 Uncommon trap: reason=unstable_if action=reinterpret pc=0x00000288336decf4 method=java.lang.String.isLatin1()Z @ 10 c2
Event: 0.333 Thread 0x00000288238efd50 DEOPT PACKING pc=0x00000288336decf4 sp=0x000000b39b2ff150
Event: 0.333 Thread 0x00000288238efd50 DEOPT UNPACKING pc=0x000002882bb7e42f sp=0x000000b39b2ff0a0 mode 2
Event: 0.361 Thread 0x00000288238efd50 DEOPT PACKING pc=0x000002882c307d38 sp=0x000000b39b2fbd70
Event: 0.361 Thread 0x00000288238efd50 DEOPT UNPACKING pc=0x000002882bb7e23f sp=0x000000b39b2fb238 mode 0
Event: 0.361 Thread 0x00000288238efd50 DEOPT PACKING pc=0x000002882c307d38 sp=0x000000b39b2fbd70
Event: 0.361 Thread 0x00000288238efd50 DEOPT UNPACKING pc=0x000002882bb7e23f sp=0x000000b39b2fb238 mode 0
Event: 0.361 Thread 0x00000288238efd50 DEOPT PACKING pc=0x000002882c307d38 sp=0x000000b39b2fbd70
Event: 0.361 Thread 0x00000288238efd50 DEOPT UNPACKING pc=0x000002882bb7e23f sp=0x000000b39b2fb238 mode 0
Event: 0.376 Thread 0x00000288238efd50 DEOPT PACKING pc=0x000002882c307d38 sp=0x000000b39b2f7e80
Event: 0.376 Thread 0x00000288238efd50 DEOPT UNPACKING pc=0x000002882bb7e23f sp=0x000000b39b2f7348 mode 0
Event: 0.376 Thread 0x00000288238efd50 DEOPT PACKING pc=0x000002882c307d38 sp=0x000000b39b2f7e80
Event: 0.376 Thread 0x00000288238efd50 DEOPT UNPACKING pc=0x000002882bb7e23f sp=0x000000b39b2f7348 mode 0
Event: 0.376 Thread 0x00000288238efd50 DEOPT PACKING pc=0x000002882c307d38 sp=0x000000b39b2f7e80
Event: 0.376 Thread 0x00000288238efd50 DEOPT UNPACKING pc=0x000002882bb7e23f sp=0x000000b39b2f7348 mode 0
Event: 0.400 Thread 0x0000028848223c80 DEOPT PACKING pc=0x000002882c2e2796 sp=0x000000b39c9fc840
Event: 0.400 Thread 0x0000028848223c80 DEOPT UNPACKING pc=0x000002882bb7e23f sp=0x000000b39c9fbcd8 mode 0

Classes unloaded (0 events):
No events

Classes redefined (0 events):
No events

Internal exceptions (6 events):
Event: 0.234 Thread 0x00000288238efd50 Exception <a 'java/lang/NoSuchMethodError'{0x00000007193040e0}: 'void java.lang.invoke.DirectMethodHandle$Holder.invokeStatic(java.lang.Object, java.lang.Object)'> (0x00000007193040e0) 
thrown [./open/src/hotspot/share/interpreter/linkResolver.cpp, line 782]
Event: 0.235 Thread 0x00000288238efd50 Exception <a 'java/lang/NoSuchMethodError'{0x0000000719307d88}: 'void java.lang.invoke.DirectMethodHandle$Holder.invokeStaticInit(java.lang.Object, java.lang.Object)'> (0x0000000719307d88) 
thrown [./open/src/hotspot/share/interpreter/linkResolver.cpp, line 782]
Event: 0.327 Thread 0x00000288238efd50 Exception <a 'java/lang/NoSuchMethodError'{0x00000007190a3108}: 'java.lang.Object java.lang.invoke.DirectMethodHandle$Holder.invokeStatic(java.lang.Object)'> (0x00000007190a3108) 
thrown [./open/src/hotspot/share/interpreter/linkResolver.cpp, line 782]
Event: 0.396 Thread 0x0000028848223c80 Exception <a 'java/lang/ClassNotFoundException'{0x0000000718e30c28}: sun/awt/resources/spi/awtProvider> (0x0000000718e30c28) 
thrown [./open/src/hotspot/share/classfile/systemDictionary.cpp, line 295]
Event: 0.419 Thread 0x0000028848223c80 Exception <a 'java/io/FileNotFoundException'{0x0000000718e8cde8}> (0x0000000718e8cde8) 
thrown [./open/src/hotspot/share/prims/jni.cpp, line 578]
Event: 0.429 Thread 0x0000028848223c80 Exception <a 'java/io/FileNotFoundException'{0x0000000718ebd730}> (0x0000000718ebd730) 
thrown [./open/src/hotspot/share/prims/jni.cpp, line 578]

Events (20 events):
Event: 0.835 loading class sun/nio/cs/UTF_16LE$Decoder
Event: 0.835 loading class sun/nio/cs/UnicodeDecoder
Event: 0.836 loading class sun/nio/cs/UnicodeDecoder done
Event: 0.836 loading class sun/nio/cs/UTF_16LE$Decoder done
Event: 0.836 loading class sun/nio/cs/Surrogate$Parser
Event: 0.836 loading class sun/nio/cs/Surrogate$Parser done
Event: 0.836 loading class sun/nio/cs/Surrogate
Event: 0.836 loading class sun/nio/cs/Surrogate done
Event: 0.854 loading class jdk/internal/reflect/UnsafeQualifiedStaticIntegerFieldAccessorImpl
Event: 0.854 loading class jdk/internal/reflect/UnsafeQualifiedStaticIntegerFieldAccessorImpl done
Event: 0.985 loading class java/nio/DirectFloatBufferU
Event: 0.985 loading class java/nio/DirectFloatBufferU done
Event: 0.985 loading class java/nio/DirectDoubleBufferU
Event: 0.985 loading class java/nio/DirectDoubleBufferU done
Event: 0.991 loading class sun/nio/cs/ISO_8859_1$Encoder
Event: 0.991 loading class sun/nio/cs/ISO_8859_1$Encoder done
Event: 1.022 Thread 0x0000028847eca990 Thread added: 0x0000028847eca990
Event: 1.022 Thread 0x0000028847ecd720 Thread added: 0x0000028847ecd720
Event: 1.025 Loaded shared library C:\Users\AlexS\git\JavaGame\Game\library\native\lwjgl64.dll
Event: 1.037 Thread 0x0000028847ecbdd0 Thread added: 0x0000028847ecbdd0


Dynamic libraries:
0x00007ff7368b0000 - 0x00007ff7368bf000 	C:\Program Files\Java\jdk-15.0.1\bin\javaw.exe
0x00007ffcfc630000 - 0x00007ffcfc826000 	C:\Windows\SYSTEM32\ntdll.dll
0x00007ffcfac40000 - 0x00007ffcfacfd000 	C:\Windows\System32\KERNEL32.DLL
0x00007ffcfa090000 - 0x00007ffcfa359000 	C:\Windows\System32\KERNELBASE.dll
0x00007ffcf9e80000 - 0x00007ffcf9f80000 	C:\Windows\System32\ucrtbase.dll
0x00007ffcf5cf0000 - 0x00007ffcf5d08000 	C:\Program Files\Java\jdk-15.0.1\bin\jli.dll
0x00007ffcf3f50000 - 0x00007ffcf3f69000 	C:\Program Files\Java\jdk-15.0.1\bin\VCRUNTIME140.dll
0x00007ffcfbd10000 - 0x00007ffcfbdbc000 	C:\Windows\System32\ADVAPI32.dll
0x00007ffcfad00000 - 0x00007ffcfad9e000 	C:\Windows\System32\msvcrt.dll
0x00007ffcfb9c0000 - 0x00007ffcfba5c000 	C:\Windows\System32\sechost.dll
0x00007ffcfb5d0000 - 0x00007ffcfb6fb000 	C:\Windows\System32\RPCRT4.dll
0x00007ffcfa9f0000 - 0x00007ffcfab90000 	C:\Windows\System32\USER32.dll
0x00007ffce19d0000 - 0x00007ffce1c6b000 	C:\Windows\WinSxS\amd64_microsoft.windows.common-controls_6595b64144ccf1df_6.0.19041.488_none_ca04af081b815d21\COMCTL32.dll
0x00007ffcfa400000 - 0x00007ffcfa422000 	C:\Windows\System32\win32u.dll
0x00007ffcfb7f0000 - 0x00007ffcfb81a000 	C:\Windows\System32\GDI32.dll
0x00007ffcf9d70000 - 0x00007ffcf9e79000 	C:\Windows\System32\gdi32full.dll
0x00007ffcfa360000 - 0x00007ffcfa3fd000 	C:\Windows\System32\msvcp_win.dll
0x00007ffcf1d50000 - 0x00007ffcf1d5a000 	C:\Windows\SYSTEM32\VERSION.dll
0x00007ffcfada0000 - 0x00007ffcfadd0000 	C:\Windows\System32\IMM32.DLL
0x00007ffcf5c50000 - 0x00007ffcf5c5c000 	C:\Program Files\Java\jdk-15.0.1\bin\vcruntime140_1.dll
0x00007ffcf2b80000 - 0x00007ffcf2c11000 	C:\Program Files\Java\jdk-15.0.1\bin\msvcp140.dll
0x00007ffcce870000 - 0x00007ffccf3ce000 	C:\Program Files\Java\jdk-15.0.1\bin\server\jvm.dll
0x00007ffcfbcd0000 - 0x00007ffcfbcd8000 	C:\Windows\System32\PSAPI.DLL
0x00007ffcf3e80000 - 0x00007ffcf3e89000 	C:\Windows\SYSTEM32\WSOCK32.dll
0x00007ffcfb8f0000 - 0x00007ffcfb95b000 	C:\Windows\System32\WS2_32.dll
0x00007ffceff10000 - 0x00007ffceff37000 	C:\Windows\SYSTEM32\WINMM.dll
0x00007ffcf7ca0000 - 0x00007ffcf7cb2000 	C:\Windows\SYSTEM32\kernel.appcore.dll
0x00007ffceec10000 - 0x00007ffceec1a000 	C:\Program Files\Java\jdk-15.0.1\bin\jimage.dll
0x00007ffcf19b0000 - 0x00007ffcf1b94000 	C:\Windows\SYSTEM32\DBGHELP.DLL
0x00007ffceea30000 - 0x00007ffceea5c000 	C:\Windows\SYSTEM32\dbgcore.DLL
0x00007ffcf9fb0000 - 0x00007ffcfa030000 	C:\Windows\System32\bcryptPrimitives.dll
0x00007ffcf2b40000 - 0x00007ffcf2b79000 	C:\Program Files\Java\jdk-15.0.1\bin\jdwp.dll
0x00007ffcf41a0000 - 0x00007ffcf41ae000 	C:\Program Files\Java\jdk-15.0.1\bin\instrument.dll
0x00007ffcdc3e0000 - 0x00007ffcdc405000 	C:\Program Files\Java\jdk-15.0.1\bin\java.dll
0x00007ffcfbea0000 - 0x00007ffcfc5e2000 	C:\Windows\System32\SHELL32.dll
0x00007ffcf7ec0000 - 0x00007ffcf8655000 	C:\Windows\SYSTEM32\windows.storage.dll
0x00007ffcfa690000 - 0x00007ffcfa9e6000 	C:\Windows\System32\combase.dll
0x00007ffcf97e0000 - 0x00007ffcf980c000 	C:\Windows\SYSTEM32\Wldp.dll
0x00007ffcfb520000 - 0x00007ffcfb5ce000 	C:\Windows\System32\SHCORE.dll
0x00007ffcfbbf0000 - 0x00007ffcfbc45000 	C:\Windows\System32\shlwapi.dll
0x00007ffcf9ca0000 - 0x00007ffcf9cc6000 	C:\Windows\SYSTEM32\profapi.dll
0x00007ffcf3f40000 - 0x00007ffcf3f4b000 	C:\Program Files\Java\jdk-15.0.1\bin\dt_socket.dll
0x00007ffcf9200000 - 0x00007ffcf923b000 	C:\Windows\SYSTEM32\IPHLPAPI.DLL
0x00007ffcf9560000 - 0x00007ffcf95ca000 	C:\Windows\system32\mswsock.dll
0x00007ffcf9250000 - 0x00007ffcf931b000 	C:\Windows\SYSTEM32\DNSAPI.dll
0x00007ffcfbd00000 - 0x00007ffcfbd08000 	C:\Windows\System32\NSI.dll
0x00007ffcf2ca0000 - 0x00007ffcf2caa000 	C:\Windows\System32\rasadhlp.dll
0x00007ffcf0e70000 - 0x00007ffcf0eef000 	C:\Windows\System32\fwpuclnt.dll
0x00007ffcf9f80000 - 0x00007ffcf9fa7000 	C:\Windows\System32\bcrypt.dll
0x00007ffcdd330000 - 0x00007ffcdd348000 	C:\Program Files\Java\jdk-15.0.1\bin\zip.dll
0x00007ffce1070000 - 0x00007ffce1089000 	C:\Program Files\Java\jdk-15.0.1\bin\net.dll
0x00007ffcf4aa0000 - 0x00007ffcf4ba0000 	C:\Windows\SYSTEM32\WINHTTP.dll
0x00007ffcde9e0000 - 0x00007ffcde9f2000 	C:\Program Files\Java\jdk-15.0.1\bin\nio.dll
0x00007ffcdc3d0000 - 0x00007ffcdc3e0000 	C:\Program Files\Java\jdk-15.0.1\bin\verify.dll
0x00007ffcf2190000 - 0x00007ffcf2310000 	C:\Program Files\Java\jdk-15.0.1\bin\awt.dll
0x00007ffcfb820000 - 0x00007ffcfb8ed000 	C:\Windows\System32\OLEAUT32.dll
0x00007ffcf7610000 - 0x00007ffcf76a0000 	C:\Windows\SYSTEM32\apphelp.dll
0x0000000180000000 - 0x0000000180051000 	C:\Users\AlexS\git\JavaGame\Game\library\native\lwjgl64.dll
0x00007ffcf2060000 - 0x00007ffcf2185000 	C:\Windows\SYSTEM32\OPENGL32.dll
0x00007ffcf2b10000 - 0x00007ffcf2b3c000 	C:\Windows\SYSTEM32\GLU32.dll
0x00007ffcf45c0000 - 0x00007ffcf466e000 	C:\Windows\SYSTEM32\mscms.dll
0x00007ffcf45a0000 - 0x00007ffcf45b1000 	C:\Windows\SYSTEM32\ColorAdapterClient.dll
0x00007ffcf9c60000 - 0x00007ffcf9c8e000 	C:\Windows\SYSTEM32\USERENV.dll
0x00007ffcfab90000 - 0x00007ffcfac39000 	C:\Windows\System32\clbcatq.dll
0x00007ffcf0ae0000 - 0x00007ffcf0b23000 	C:\Windows\System32\Windows.Internal.Graphics.Display.DisplayColorManagement.dll
0x00007ffcfa4e0000 - 0x00007ffcfa52e000 	C:\Windows\System32\cfgmgr32.dll
0x00007ffcf7700000 - 0x00007ffcf779e000 	C:\Windows\system32\uxtheme.dll
0x00007ffcfba60000 - 0x00007ffcfbb76000 	C:\Windows\System32\MSCTF.dll
0x00007ffcdc500000 - 0x00007ffcdc5fc000 	C:\ProgramData\A-Volute\DellInc.AlienwareSoundCenter\Modules\ScheduledModules\x64\DellInc.AlienwareSoundCenterDevProps2.dll
0x00007ffcfadd0000 - 0x00007ffcfaefa000 	C:\Windows\System32\ole32.dll
0x00007ffcdc600000 - 0x00007ffcdc6ac000 	C:\ProgramData\A-Volute\DellInc.AlienwareSoundCenter\Modules\ScheduledModules\x64\NahimicOSD.dll
0x00007ffcf4a70000 - 0x00007ffcf4a91000 	C:\ProgramData\A-Volute\DellInc.AlienwareSoundCenter\Modules\ScheduledModules\x64\ProductInfo.dll
0x00007ffcf2ec0000 - 0x00007ffcf2fbb000 	C:\Windows\System32\AppXDeploymentClient.dll
0x00007ffcf2ae0000 - 0x00007ffcf2b0a000 	C:\Windows\System32\DriverStore\FileRepository\u0358195.inf_amd64_5a63005b9384676a\B358448\atig6pxx.dll
0x00007ffca0470000 - 0x00007ffca3150000 	C:\Windows\System32\DriverStore\FileRepository\u0358195.inf_amd64_5a63005b9384676a\B358448\atio6axx.dll
0x00007ffcfb0b0000 - 0x00007ffcfb517000 	C:\Windows\System32\SETUPAPI.dll
0x00007ffcd9e20000 - 0x00007ffcd9e44000 	C:\Windows\SYSTEM32\dxva2.dll
0x00007ffcf79b0000 - 0x00007ffcf79df000 	C:\Windows\SYSTEM32\dwmapi.dll
0x00007ffce9fa0000 - 0x00007ffce9fdc000 	C:\Windows\System32\DriverStore\FileRepository\u0358195.inf_amd64_5a63005b9384676a\B358448\atig6txx.dll
0x00007ffcd2200000 - 0x00007ffcd23b9000 	C:\Windows\SYSTEM32\atiadlxx.dll
0x00007ffcf5730000 - 0x00007ffcf5827000 	C:\Windows\SYSTEM32\PROPSYS.dll
0x00007ffcf9b20000 - 0x00007ffcf9b4c000 	C:\Windows\SYSTEM32\DEVOBJ.dll
0x00000288490f0000 - 0x0000028849150000 	C:\Windows\System32\WINTRUST.dll
0x00000288493f0000 - 0x000002884954d000 	C:\Windows\System32\CRYPT32.dll
0x00007ffcf9960000 - 0x00007ffcf9972000 	C:\Windows\SYSTEM32\MSASN1.dll
0x00007ffceff40000 - 0x00007ffceff7b000 	C:\Windows\SYSTEM32\dxcore.dll
0x00007ffce1310000 - 0x00007ffce140d000 	C:\Windows\SYSTEM32\textinputframework.dll
0x00007ffcf6d00000 - 0x00007ffcf705e000 	C:\Windows\System32\CoreUIComponents.dll
0x00007ffcf73e0000 - 0x00007ffcf74d2000 	C:\Windows\System32\CoreMessaging.dll
0x00007ffcf8ab0000 - 0x00007ffcf8ae3000 	C:\Windows\SYSTEM32\ntmarta.dll
0x00007ffcf5d20000 - 0x00007ffcf5e76000 	C:\Windows\SYSTEM32\wintypes.dll
0x00007ffce9f50000 - 0x00007ffce9f93000 	C:\Windows\SYSTEM32\icm32.dll
0x00007ffcce3b0000 - 0x00007ffcce57f000 	C:\Windows\SYSTEM32\d3d9.dll

dbghelp: loaded successfully - version: 4.0.5 - missing functions: none
symbol engine: initialized successfully - sym options: 0x614 - pdb path: .;C:\Program Files\Java\jdk-15.0.1\bin;C:\Windows\SYSTEM32;C:\Windows\WinSxS\amd64_microsoft.windows.common-controls_6595b64144ccf1df_6.0.19041.488_none_ca04af081b815d21;C:\Program Files\Java\jdk-15.0.1\bin\server;C:\Users\AlexS\git\JavaGame\Game\library\native;C:\ProgramData\A-Volute\DellInc.AlienwareSoundCenter\Modules\ScheduledModules\x64;C:\Windows\System32\DriverStore\FileRepository\u0358195.inf_amd64_5a63005b9384676a\B358448

VM Arguments:
jvm_args: -XX:+ShowCodeDetailsInExceptionMessages -agentlib:jdwp=transport=dt_socket,suspend=y,address=localhost:49989 -Djava.library.path=C:\Users\AlexS\git\JavaGame\Game\library\native -javaagent:C:\Users\AlexS\eclipse\java-2020-12\eclipse\configuration\org.eclipse.osgi\220\0\.cp\lib\javaagent-shaded.jar -Dfile.encoding=Cp1252 
java_command: Application
java_class_path (initial): C:\Users\AlexS\git\JavaGame\Game\bin;C:\Users\AlexS\git\JavaGame\Game\library\lwjgl_util.jar;C:\Users\AlexS\git\JavaGame\Game\library\lwjgl.jar;C:\Users\AlexS\git\JavaGame\Game\library\slick-util.jar
Launcher Type: SUN_STANDARD

[Global flags]
     intx CICompilerCount                          = 12                                        {product} {ergonomic}
     uint ConcGCThreads                            = 3                                         {product} {ergonomic}
     uint G1ConcRefinementThreads                  = 13                                        {product} {ergonomic}
   size_t G1HeapRegionSize                         = 2097152                                   {product} {ergonomic}
    uintx GCDrainStackTargetSize                   = 64                                        {product} {ergonomic}
   size_t InitialHeapSize                          = 257949696                                 {product} {ergonomic}
   size_t MarkStackSize                            = 4194304                                   {product} {ergonomic}
   size_t MaxHeapSize                              = 4127195136                                {product} {ergonomic}
   size_t MaxNewSize                               = 2474639360                                {product} {ergonomic}
   size_t MinHeapDeltaBytes                        = 2097152                                   {product} {ergonomic}
   size_t MinHeapSize                              = 8388608                                   {product} {ergonomic}
    uintx NonNMethodCodeHeapSize                   = 7602480                                {pd product} {ergonomic}
    uintx NonProfiledCodeHeapSize                  = 122027880                              {pd product} {ergonomic}
    uintx ProfiledCodeHeapSize                     = 122027880                              {pd product} {ergonomic}
    uintx ReservedCodeCacheSize                    = 251658240                              {pd product} {ergonomic}
     bool SegmentedCodeCache                       = true                                      {product} {ergonomic}
     bool ShowCodeDetailsInExceptionMessages       = true                                   {manageable} {command line}
   size_t SoftMaxHeapSize                          = 4127195136                             {manageable} {ergonomic}
     bool UseCompressedClassPointers               = true                                 {lp64_product} {ergonomic}
     bool UseCompressedOops                        = true                                 {lp64_product} {ergonomic}
     bool UseG1GC                                  = true                                      {product} {ergonomic}
     bool UseLargePagesIndividualAllocation        = false                                  {pd product} {ergonomic}

Logging:
Log output configuration:
 #0: stdout all=warning uptime,level,tags
 #1: stderr all=off uptime,level,tags

Environment Variables:
PATH=C:/Program Files/Java/jdk-15.0.1/bin/server;C:/Program Files/Java/jdk-15.0.1/bin;C:\Program Files (x86)\Common Files\Oracle\Java\javapath;C:\Program Files\Common Files\Oracle\Java\javapath;C:\Windows\system32;C:\Windows;C:\Windows\System32\Wbem;C:\Windows\System32\WindowsPowerShell\v1.0\;C:\Windows\System32\OpenSSH\;C:\Users\AlexS\AppData\Local\Microsoft\WindowsApps;;C:\Users\AlexS\eclipse\java-2020-12\eclipse;
USERNAME=AlexS
OS=Windows_NT
PROCESSOR_IDENTIFIER=AMD64 Family 23 Model 96 Stepping 1, AuthenticAMD



---------------  S Y S T E M  ---------------

OS:
 Windows 10 , 64 bit Build 19041 (10.0.19041.662)
OS uptime: 0 days 13:57 hours

CPU: total 16 (initial active 16) (16 cores per cpu, 2 threads per core) family 23 model 96 stepping 1 microcode 0x0, cmov, cx8, fxsr, mmx, sse, sse2, sse3, ssse3, sse4.1, sse4.2, popcnt, vzeroupper, avx, avx2, aes, clmul, 3dnowpref, lzcnt, sse4a, ht, tsc, tscinvbit, tscinv, bmi1, bmi2, adx, sha, fma, clflush, clflushopt

Memory: 4k page, system-wide physical 15737M (9313M free)
TotalPageFile size 26489M (AvailPageFile size 15735M)
current process WorkingSet (physical memory assigned to process): 90M, peak: 90M
current process commit charge ("private bytes"): 417M, peak: 417M

vm_info: Java HotSpot(TM) 64-Bit Server VM (15.0.1+9-18) for windows-amd64 JRE (15.0.1+9-18), built on Sep 15 2020 14:43:54 by "mach5one" with unknown MS VC++:1925

END.
