#
# A fatal error has been detected by the Java Runtime Environment:
#
#  EXCEPTION_ACCESS_VIOLATION (0xc0000005) at pc=0x00007ffdd352ec54, pid=2220, tid=10508
#
# JRE version: Java(TM) SE Runtime Environment (8.0_91-b15) (build 1.8.0_91-b15)
# Java VM: Java HotSpot(TM) 64-Bit Server VM (25.91-b15 mixed mode windows-amd64 compressed oops)
# Problematic frame:
# C  [OPENGL32.dll+0xdec54]
#
# Failed to write core dump. Minidumps are not enabled by default on client versions of Windows
#
# If you would like to submit a bug report, please visit:
#   http://bugreport.java.com/bugreport/crash.jsp
#

---------------  T H R E A D  ---------------

Current thread (0x000000001ca77800):  VMThread [stack: 0x000000001e120000,0x000000001e220000] [id=10508]

siginfo: ExceptionCode=0xc0000005, reading address 0x0000000000000a38

Registers:
RAX=0x0000000000000000, RBX=0x0000000027ac75c0, RCX=0x0000000000000001, RDX=0x0000000027ac75c8
RSP=0x000000001e21ef58, RBP=0x0000000000000000, RSI=0x0000000000000000, RDI=0x0000000027ac1a10
R8 =0x000000001e21f008, R9 =0x000000001c945400, R10=0x0000000000000000, R11=0x0000000000000246
R12=0x0000000000000000, R13=0x0000000027c96970, R14=0x0000000027c96800, R15=0x0000000000000000
RIP=0x00007ffdd352ec54, EFLAGS=0x0000000000010283

Top of Stack: (sp=0x000000001e21ef58)
0x000000001e21ef58:   00007ffdd562abfb 0000000000000000
0x000000001e21ef68:   0000000027c96800 0000000027c994a0
0x000000001e21ef78:   00007ffdd56a7a44 0000000027ac1a10
0x000000001e21ef88:   00007ffdd55fe32e 0000000027c994a0
0x000000001e21ef98:   0000000027b19d80 0000000027c99360
0x000000001e21efa8:   00007ffdd562ff1d 0000000027ac5ab0
0x000000001e21efb8:   00007ffdd5630730 00007ffdffffffff
0x000000001e21efc8:   00007ffdd563aba0 0000000027c96950
0x000000001e21efd8:   00007ffdd562fa43 fffffffffffffffe
0x000000001e21efe8:   0000000000000001 0000000000000000
0x000000001e21eff8:   00007ffdd5631009 0000000027ac1a10
0x000000001e21f008:   0000000027ac5ab0 0000000027ac1a10
0x000000001e21f018:   00007ffdd56a7a44 fffffffffffffffe
0x000000001e21f028:   0000000000000000 0000000000000001
0x000000001e21f038:   0000000027c96948 0000000027c96800
0x000000001e21f048:   00007ffdd56b06a1 00007ffdd57e3d70 

Instructions: (pc=0x00007ffdd352ec54)
0x00007ffdd352ec34:   cc cc cc cc cc cc 66 0f 1f 44 00 00 8b 05 82 94
0x00007ffdd352ec44:   01 00 83 f8 40 73 0f 65 48 8b 04 c5 80 14 00 00
0x00007ffdd352ec54:   ff a0 38 0a 00 00 b8 47 01 00 00 e9 ec d4 ff ff
0x00007ffdd352ec64:   cc cc cc cc cc cc 66 0f 1f 44 00 00 8b 05 52 94 


Register to memory mapping:

RAX=0x0000000000000000 is an unknown value
RBX=0x0000000027ac75c0 is an unknown value
RCX=0x0000000000000001 is an unknown value
RDX=0x0000000027ac75c8 is an unknown value
RSP=0x000000001e21ef58 is an unknown value
RBP=0x0000000000000000 is an unknown value
RSI=0x0000000000000000 is an unknown value
RDI=0x0000000027ac1a10 is an unknown value
R8 =0x000000001e21f008 is an unknown value
R9 =0x000000001c945400 is an unknown value
R10=0x0000000000000000 is an unknown value
R11=0x0000000000000246 is an unknown value
R12=0x0000000000000000 is an unknown value
R13=0x0000000027c96970 is an unknown value
R14=0x0000000027c96800 is an unknown value
R15=0x0000000000000000 is an unknown value


Stack: [0x000000001e120000,0x000000001e220000],  sp=0x000000001e21ef58,  free space=1019k
Native frames: (J=compiled Java code, j=interpreted, Vv=VM code, C=native code)

VM_Operation (0x000000002081df10): Exit, mode: safepoint, requested by thread 0x000000001fa56800


---------------  P R O C E S S  ---------------

Java Threads: ( => current thread )
  0x000000001fdb3000 JavaThread "LWJGL Timer" daemon [_thread_blocked, id=10896, stack(0x000000002bce0000,0x000000002bde0000)]
  0x0000000002fce000 JavaThread "DestroyJavaVM" [_thread_blocked, id=5156, stack(0x0000000002fd0000,0x00000000030d0000)]
  0x000000001fa56800 JavaThread "AWT-EventQueue-0" [_thread_blocked, id=2992, stack(0x0000000020720000,0x0000000020820000)]
  0x000000001faba000 JavaThread "AWT-Shutdown" [_thread_blocked, id=4448, stack(0x0000000020350000,0x0000000020450000)]
  0x000000001fab9800 JavaThread "Java2D Disposer" daemon [_thread_blocked, id=8828, stack(0x0000000020250000,0x0000000020350000)]
  0x000000001ede1800 JavaThread "Service Thread" daemon [_thread_blocked, id=1656, stack(0x000000001f450000,0x000000001f550000)]
  0x000000001cace000 JavaThread "C1 CompilerThread2" daemon [_thread_blocked, id=1992, stack(0x000000001f350000,0x000000001f450000)]
  0x000000001cacd000 JavaThread "C2 CompilerThread1" daemon [_thread_blocked, id=1564, stack(0x000000001f250000,0x000000001f350000)]
  0x000000001ed59800 JavaThread "C2 CompilerThread0" daemon [_thread_blocked, id=9624, stack(0x000000001f150000,0x000000001f250000)]
  0x000000001cacc000 JavaThread "JDWP Command Reader" daemon [_thread_blocked, id=6560, stack(0x000000001ec50000,0x000000001ed50000)]
  0x000000001caca000 JavaThread "JDWP Event Helper Thread" daemon [_thread_blocked, id=4796, stack(0x000000001eb50000,0x000000001ec50000)]
  0x000000001cabd800 JavaThread "JDWP Transport Listener: dt_socket" daemon [_thread_blocked, id=4460, stack(0x000000001ea50000,0x000000001eb50000)]
  0x000000001cab1800 JavaThread "Attach Listener" daemon [_thread_blocked, id=748, stack(0x000000001e610000,0x000000001e710000)]
  0x000000001caae800 JavaThread "Signal Dispatcher" daemon [_thread_blocked, id=10916, stack(0x000000001e510000,0x000000001e610000)]
  0x000000001ca9c800 JavaThread "Finalizer" daemon [_thread_blocked, id=1820, stack(0x000000001e320000,0x000000001e420000)]
  0x000000001ca7b800 JavaThread "Reference Handler" daemon [_thread_blocked, id=504, stack(0x000000001e220000,0x000000001e320000)]

Other Threads:
=>0x000000001ca77800 VMThread [stack: 0x000000001e120000,0x000000001e220000] [id=10508]

VM state:at safepoint (shutting down)

VM Mutex/Monitor currently owned by a thread:  ([mutex/lock_event])
[0x0000000002fcceb0] Threads_lock - owner thread: 0x000000001ca77800

Heap:
 PSYoungGen      total 76288K, used 17039K [0x000000076ac00000, 0x0000000770100000, 0x00000007c0000000)
  eden space 65536K, 26% used [0x000000076ac00000,0x000000076bca3fd0,0x000000076ec00000)
  from space 10752K, 0% used [0x000000076f680000,0x000000076f680000,0x0000000770100000)
  to   space 10752K, 0% used [0x000000076ec00000,0x000000076ec00000,0x000000076f680000)
 ParOldGen       total 175104K, used 0K [0x00000006c0400000, 0x00000006caf00000, 0x000000076ac00000)
  object space 175104K, 0% used [0x00000006c0400000,0x00000006c0400000,0x00000006caf00000)
 Metaspace       used 6810K, capacity 6965K, committed 7168K, reserved 1056768K
  class space    used 675K, capacity 735K, committed 768K, reserved 1048576K

Card table byte_map: [0x0000000012590000,0x0000000012d90000] byte_map_base: 0x000000000ef8e000

Marking Bits: (ParMarkBitMap*) 0x0000000064472f70
 Begin Bits: [0x00000000138f0000, 0x00000000178e0000)
 End Bits:   [0x00000000178e0000, 0x000000001b8d0000)

Polling page: 0x0000000001650000

CodeCache: size=245760Kb used=2688Kb max_used=2709Kb free=243071Kb
 bounds [0x00000000031d0000, 0x0000000003480000, 0x00000000121d0000]
 total_blobs=1101 nmethods=684 adapters=339
 compilation: enabled

Compilation events (10 events):
Event: 27.315 Thread 0x000000001ed59800  680       4       sun.misc.FloatingDecimal$BinaryToASCIIBuffer::dtoa (1509 bytes)
Event: 27.387 Thread 0x000000001ed59800 nmethod 680 0x000000000346e190 code [0x000000000346e360, 0x0000000003470968]
Event: 27.690 Thread 0x000000001cace000  681       3       sun.nio.cs.UnicodeEncoder::put (53 bytes)
Event: 27.691 Thread 0x000000001cace000 nmethod 681 0x0000000003468bd0 code [0x0000000003468d80, 0x0000000003469278]
Event: 27.990 Thread 0x000000001cacd000  682   !   4       java.io.BufferedWriter::flushBuffer (53 bytes)
Event: 27.992 Thread 0x000000001cacd000 nmethod 682 0x0000000003462f50 code [0x00000000034630a0, 0x00000000034634c8]
Event: 28.523 Thread 0x000000001ed59800  683   !   4       sun.nio.cs.StreamEncoder::flushBuffer (42 bytes)
Event: 28.523 Thread 0x000000001cacd000  684       4       sun.nio.cs.StreamEncoder::writeBytes (132 bytes)
Event: 28.538 Thread 0x000000001cacd000 nmethod 684 0x0000000003477410 code [0x00000000034775c0, 0x00000000034785c8]
Event: 28.538 Thread 0x000000001ed59800 nmethod 683 0x00000000034791d0 code [0x0000000003479380, 0x000000000347aaa8]

GC Heap History (0 events):
No events

Deoptimization events (4 events):
Event: 4.392 Thread 0x000000001fa56800 Uncommon trap: reason=unstable_if action=reinterpret pc=0x0000000003407670 method=org.lwjgl.input.Keyboard.isKeyDown(I)Z @ 29
Event: 4.392 Thread 0x000000001fa56800 Uncommon trap: reason=unstable_if action=reinterpret pc=0x00000000033c76b0 method=org.lwjgl.input.Keyboard.isKeyDown(I)Z @ 29
Event: 24.015 Thread 0x000000001fa56800 Uncommon trap: reason=unstable_if action=reinterpret pc=0x000000000344ce78 method=sun.misc.FloatingDecimal$BinaryToASCIIBuffer.dtoa(IJIZ)V @ 859
Event: 24.015 Thread 0x000000001fa56800 Uncommon trap: reason=unstable_if action=reinterpret pc=0x00000000034520f8 method=sun.misc.FloatingDecimal$BinaryToASCIIBuffer.getChars([C)I @ 47

Internal exceptions (9 events):
Event: 0.040 Thread 0x0000000002fce000 Exception <a 'java/lang/NoSuchMethodError': Method sun.misc.Unsafe.defineClass(Ljava/lang/String;[BII)Ljava/lang/Class; name or signature does not match> (0x000000076ac07cc0) thrown at [C:\re\workspace\8-2-build-windows-amd64-cygwin\jdk8u91\7017\hotspot\srr¦Ž$;–¤?
Event: 0.040 Thread 0x0000000002fce000 Exception <a 'java/lang/NoSuchMethodError': Method sun.misc.Unsafe.prefetchRead(Ljava/lang/Object;J)V name or signature does not match> (0x000000076ac07fa8) thrown at [C:\re\workspace\8-2-build-windows-amd64-cygwin\jdk8u91\7017\hotspot\src\share\vm\prims\jÍ®²ž®Ð?
Event: 0.252 Thread 0x0000000002fce000 Exception <a 'java/security/PrivilegedActionException'> (0x000000076acb23d0) thrown at [C:\re\workspace\8-2-build-windows-amd64-cygwin\jdk8u91\7017\hotspot\src\share\vm\prims\jvm.cpp, line 1386]
Event: 0.252 Thread 0x0000000002fce000 Exception <a 'java/security/PrivilegedActionException'> (0x000000076acb25e0) thrown at [C:\re\workspace\8-2-build-windows-amd64-cygwin\jdk8u91\7017\hotspot\src\share\vm\prims\jvm.cpp, line 1386]
Event: 0.252 Thread 0x0000000002fce000 Exception <a 'java/security/PrivilegedActionException'> (0x000000076acb6428) thrown at [C:\re\workspace\8-2-build-windows-amd64-cygwin\jdk8u91\7017\hotspot\src\share\vm\prims\jvm.cpp, line 1386]
Event: 0.252 Thread 0x0000000002fce000 Exception <a 'java/security/PrivilegedActionException'> (0x000000076acb6638) thrown at [C:\re\workspace\8-2-build-windows-amd64-cygwin\jdk8u91\7017\hotspot\src\share\vm\prims\jvm.cpp, line 1386]
Event: 0.257 Thread 0x0000000002fce000 Exception <a 'java/io/FileNotFoundException'> (0x000000076acb8a00) thrown at [C:\re\workspace\8-2-build-windows-amd64-cygwin\jdk8u91\7017\hotspot\src\share\vm\prims\jni.cpp, line 709]
Event: 0.299 Thread 0x0000000002fce000 Exception <a 'java/lang/NoSuchFieldError': method resolution failed> (0x000000076b015980) thrown at [C:\re\workspace\8-2-build-windows-amd64-cygwin\jdk8u91\7017\hotspot\src\share\vm\prims\methodHandles.cpp, line 1146]
Event: 0.303 Thread 0x0000000002fce000 Exception <a 'java/lang/NoSuchFieldError': method resolution failed> (0x000000076b022d50) thrown at [C:\re\workspace\8-2-build-windows-amd64-cygwin\jdk8u91\7017\hotspot\src\share\vm\prims\methodHandles.cpp, line 1146]

Events (10 events):
Event: 29.948 loading class java/util/IdentityHashMap$KeyIterator
Event: 29.948 loading class java/util/IdentityHashMap$IdentityHashMapIterator
Event: 29.948 loading class java/util/IdentityHashMap$IdentityHashMapIterator done
Event: 29.948 loading class java/util/IdentityHashMap$KeyIterator done
Event: 29.948 Thread 0x000000001f091800 Thread added: 0x000000001f091800
Event: 29.949 Thread 0x000000001f0aa000 Thread added: 0x000000001f0aa000
Event: 29.949 Thread 0x000000001f0aa000 Thread exited: 0x000000001f0aa000
Event: 29.951 Thread 0x000000001f141000 Thread exited: 0x000000001f141000
Event: 30.050 Thread 0x000000001f091800 Thread exited: 0x000000001f091800
Event: 30.050 Executing VM operation: Exit


Dynamic libraries:
0x00007ff7de100000 - 0x00007ff7de137000 	C:\Program Files\Java\jdk1.8.0_91\bin\javaw.exe
0x00007ffdf6c60000 - 0x00007ffdf6e31000 	C:\WINDOWS\SYSTEM32\ntdll.dll
0x00007ffdf42a0000 - 0x00007ffdf434b000 	C:\WINDOWS\System32\KERNEL32.DLL
0x00007ffdf3150000 - 0x00007ffdf336d000 	C:\WINDOWS\System32\KERNELBASE.dll
0x00007ffdf41f0000 - 0x00007ffdf4292000 	C:\WINDOWS\System32\ADVAPI32.dll
0x00007ffdf4560000 - 0x00007ffdf45fe000 	C:\WINDOWS\System32\msvcrt.dll
0x00007ffdf6b30000 - 0x00007ffdf6b89000 	C:\WINDOWS\System32\sechost.dll
0x00007ffdf4960000 - 0x00007ffdf4a81000 	C:\WINDOWS\System32\RPCRT4.dll
0x00007ffdf69c0000 - 0x00007ffdf6b25000 	C:\WINDOWS\System32\USER32.dll
0x00007ffdf3420000 - 0x00007ffdf343e000 	C:\WINDOWS\System32\win32u.dll
0x00007ffdf6bc0000 - 0x00007ffdf6bf4000 	C:\WINDOWS\System32\GDI32.dll
0x00007ffdf3e30000 - 0x00007ffdf3fb2000 	C:\WINDOWS\System32\gdi32full.dll
0x00007ffde33e0000 - 0x00007ffde3659000 	C:\WINDOWS\WinSxS\amd64_microsoft.windows.common-controls_6595b64144ccf1df_6.0.14393.447_none_42191651c6827bb3\COMCTL32.dll
0x00007ffdf66f0000 - 0x00007ffdf69b8000 	C:\WINDOWS\System32\combase.dll
0x00007ffdf3590000 - 0x00007ffdf3685000 	C:\WINDOWS\System32\ucrtbase.dll
0x00007ffdf3dc0000 - 0x00007ffdf3e2a000 	C:\WINDOWS\System32\bcryptPrimitives.dll
0x00007ffdf6b90000 - 0x00007ffdf6bbe000 	C:\WINDOWS\System32\IMM32.DLL
0x0000000064500000 - 0x00000000645d2000 	C:\Program Files\Java\jdk1.8.0_91\jre\bin\msvcr100.dll
0x0000000063c60000 - 0x00000000644f3000 	C:\Program Files\Java\jdk1.8.0_91\jre\bin\server\jvm.dll
0x00007ffdf66e0000 - 0x00007ffdf66e8000 	C:\WINDOWS\System32\PSAPI.DLL
0x00007ffde8020000 - 0x00007ffde8029000 	C:\WINDOWS\SYSTEM32\WSOCK32.dll
0x00007ffdf10d0000 - 0x00007ffdf10f3000 	C:\WINDOWS\SYSTEM32\WINMM.dll
0x00007ffdeeb00000 - 0x00007ffdeeb0a000 	C:\WINDOWS\SYSTEM32\VERSION.dll
0x00007ffdf4d30000 - 0x00007ffdf4d9a000 	C:\WINDOWS\System32\WS2_32.dll
0x00000000015e0000 - 0x000000000160b000 	C:\WINDOWS\SYSTEM32\WINMMBASE.dll
0x00007ffdf3d70000 - 0x00007ffdf3db2000 	C:\WINDOWS\System32\cfgmgr32.dll
0x0000000063c50000 - 0x0000000063c5f000 	C:\Program Files\Java\jdk1.8.0_91\jre\bin\verify.dll
0x0000000063c20000 - 0x0000000063c49000 	C:\Program Files\Java\jdk1.8.0_91\jre\bin\java.dll
0x0000000063be0000 - 0x0000000063c15000 	C:\Program Files\Java\jdk1.8.0_91\jre\bin\jdwp.dll
0x0000000063bd0000 - 0x0000000063bd8000 	C:\Program Files\Java\jdk1.8.0_91\jre\bin\npt.dll
0x0000000063bb0000 - 0x0000000063bc6000 	C:\Program Files\Java\jdk1.8.0_91\jre\bin\zip.dll
0x00007ffdf51d0000 - 0x00007ffdf66d9000 	C:\WINDOWS\System32\SHELL32.dll
0x00007ffdf3690000 - 0x00007ffdf3d6a000 	C:\WINDOWS\System32\windows.storage.dll
0x00007ffdf30c0000 - 0x00007ffdf310c000 	C:\WINDOWS\System32\powrprof.dll
0x00007ffdf44f0000 - 0x00007ffdf4542000 	C:\WINDOWS\System32\shlwapi.dll
0x00007ffdf3140000 - 0x00007ffdf314f000 	C:\WINDOWS\System32\kernel.appcore.dll
0x00007ffdf3370000 - 0x00007ffdf3419000 	C:\WINDOWS\System32\shcore.dll
0x00007ffdf3120000 - 0x00007ffdf3134000 	C:\WINDOWS\System32\profapi.dll
0x0000000063ba0000 - 0x0000000063ba9000 	C:\Program Files\Java\jdk1.8.0_91\jre\bin\dt_socket.dll
0x00007ffde6d20000 - 0x00007ffde6d36000 	C:\WINDOWS\system32\napinsp.dll
0x00007ffde6d40000 - 0x00007ffde6d5a000 	C:\WINDOWS\system32\pnrpnsp.dll
0x00007ffdf0ac0000 - 0x00007ffdf0ad8000 	C:\WINDOWS\system32\NLAapi.dll
0x00007ffdf2920000 - 0x00007ffdf297c000 	C:\WINDOWS\System32\mswsock.dll
0x00007ffdf2700000 - 0x00007ffdf27a0000 	C:\WINDOWS\SYSTEM32\DNSAPI.dll
0x00007ffdf4550000 - 0x00007ffdf4558000 	C:\WINDOWS\System32\NSI.dll
0x00007ffdf26b0000 - 0x00007ffdf26e8000 	C:\WINDOWS\SYSTEM32\IPHLPAPI.DLL
0x00007ffde6d60000 - 0x00007ffde6d6e000 	C:\WINDOWS\System32\winrnr.dll
0x00007ffdec300000 - 0x00007ffdec36a000 	C:\WINDOWS\System32\fwpuclnt.dll
0x00007ffdf2dc0000 - 0x00007ffdf2deb000 	C:\WINDOWS\SYSTEM32\bcrypt.dll
0x00007ffde96a0000 - 0x00007ffde96aa000 	C:\Windows\System32\rasadhlp.dll
0x0000000063a00000 - 0x0000000063b98000 	C:\Program Files\Java\jdk1.8.0_91\jre\bin\awt.dll
0x00007ffdf4600000 - 0x00007ffdf46bf000 	C:\WINDOWS\System32\OLEAUT32.dll
0x00007ffdf34f0000 - 0x00007ffdf358c000 	C:\WINDOWS\System32\msvcp_win.dll
0x00007ffdf1680000 - 0x00007ffdf16fa000 	C:\WINDOWS\SYSTEM32\apphelp.dll
0x00007ffdf1850000 - 0x00007ffdf18e5000 	C:\WINDOWS\system32\uxtheme.dll
0x00007ffdf46e0000 - 0x00007ffdf483b000 	C:\WINDOWS\System32\MSCTF.dll
0x00007ffdec150000 - 0x00007ffdec17c000 	C:\PROGRA~2\RAPTRI~1\PlaysTV\ltc_help64-119232.dll
0x00007ffdf3fc0000 - 0x00007ffdf4015000 	C:\WINDOWS\System32\WINTRUST.dll
0x00007ffdf3110000 - 0x00007ffdf3120000 	C:\WINDOWS\System32\MSASN1.dll
0x00007ffdf4020000 - 0x00007ffdf41e9000 	C:\WINDOWS\System32\CRYPT32.dll
0x00007ffdf0f20000 - 0x00007ffdf0f46000 	C:\WINDOWS\system32\dwmapi.dll
0x00007ffdf4350000 - 0x00007ffdf4487000 	C:\WINDOWS\System32\ole32.dll
0x0000000180000000 - 0x0000000180051000 	C:\Users\User\git\JavaGame\Game\resources\native\windows\lwjgl64.dll
0x00007ffdd3450000 - 0x00007ffdd3573000 	C:\WINDOWS\SYSTEM32\OPENGL32.dll
0x00007ffddae50000 - 0x00007ffddaf47000 	C:\WINDOWS\SYSTEM32\DDRAW.dll
0x00007ffdebec0000 - 0x00007ffdebeed000 	C:\WINDOWS\SYSTEM32\GLU32.dll
0x00007ffdef740000 - 0x00007ffdef748000 	C:\WINDOWS\SYSTEM32\DCIMAN32.dll
0x00007ffdee260000 - 0x00007ffdee27f000 	C:\WINDOWS\System32\DriverStore\FileRepository\c0309270.inf_amd64_47c09dd18e1ee4c5\atig6pxx.dll
0x00000000618e0000 - 0x00000000639f4000 	C:\WINDOWS\System32\DriverStore\FileRepository\c0309270.inf_amd64_47c09dd18e1ee4c5\atio6axx.dll
0x00007ffdf4da0000 - 0x00007ffdf51c9000 	C:\WINDOWS\System32\SETUPAPI.dll
0x00007ffdec200000 - 0x00007ffdec223000 	C:\WINDOWS\SYSTEM32\dxva2.dll
0x00007ffdebe40000 - 0x00007ffdebe73000 	C:\WINDOWS\System32\DriverStore\FileRepository\c0309270.inf_amd64_47c09dd18e1ee4c5\atig6txx.dll
0x00007ffdda830000 - 0x00007ffdda984000 	C:\WINDOWS\SYSTEM32\atiadlxx.dll
0x00007ffdf0d60000 - 0x00007ffdf0ee5000 	C:\WINDOWS\SYSTEM32\PROPSYS.dll
0x00007ffdf27a0000 - 0x00007ffdf27bf000 	C:\WINDOWS\SYSTEM32\USERENV.dll
0x00007ffdf0d40000 - 0x00007ffdf0d53000 	C:\WINDOWS\SYSTEM32\WTSAPI32.dll
0x00007ffdf1d50000 - 0x00007ffdf1d78000 	C:\WINDOWS\SYSTEM32\DEVOBJ.dll
0x00007ffdd9c90000 - 0x00007ffdd9d21000 	C:\WINDOWS\SYSTEM32\mscms.dll
0x00007ffde4f00000 - 0x00007ffde4f42000 	C:\WINDOWS\SYSTEM32\icm32.dll
0x00007ffdf2ba0000 - 0x00007ffdf2bb7000 	C:\WINDOWS\System32\CRYPTSP.dll
0x00007ffdf2aa0000 - 0x00007ffdf2ad3000 	C:\WINDOWS\system32\rsaenh.dll
0x00007ffdf2b90000 - 0x00007ffdf2b9b000 	C:\WINDOWS\SYSTEM32\CRYPTBASE.dll
0x00007ffdf46c0000 - 0x00007ffdf46dc000 	C:\WINDOWS\System32\imagehlp.dll
0x00007ffdf1fc0000 - 0x00007ffdf1fe3000 	C:\WINDOWS\SYSTEM32\gpapi.dll
0x00007ffddd460000 - 0x00007ffddd48f000 	C:\Windows\System32\cryptnet.dll
0x00007ffdef280000 - 0x00007ffdef28b000 	C:\WINDOWS\SYSTEM32\WINNSI.DLL
0x00007ffdd55c0000 - 0x00007ffdd5800000 	C:\PROGRA~2\RAPTRI~1\PlaysTV\ltc_game64-119232.dll
0x00007ffde5440000 - 0x00007ffde55a8000 	C:\WINDOWS\SYSTEM32\mfplat.DLL
0x00007ffdeb540000 - 0x00007ffdeb56e000 	C:\WINDOWS\SYSTEM32\RTWorkQ.DLL
0x00007ffdeeea0000 - 0x00007ffdeeeab000 	C:\WINDOWS\SYSTEM32\Avrt.dll
0x00007ffdf48c0000 - 0x00007ffdf495f000 	C:\WINDOWS\System32\clbcatq.dll
0x00007ffdf0160000 - 0x00007ffdf0308000 	C:\WINDOWS\system32\windowscodecs.dll
0x00007ffde7e00000 - 0x00007ffde7f92000 	C:\WINDOWS\SYSTEM32\dbghelp.dll

VM Arguments:
jvm_args: -agentlib:jdwp=transport=dt_socket,suspend=y,address=localhost:53157 -Djava.library.path=C:\Users\User\git\JavaGame\Game\resources\native\windows -Dfile.encoding=Cp1252 
java_command: Application
java_class_path (initial): C:\Users\User\git\JavaGame\Game\bin;C:\Users\User\git\JavaGame\Game\resources\libraries\lwjgl_util.jar;C:\Users\User\git\JavaGame\Game\resources\libraries\lwjgl.jar;C:\Users\User\git\JavaGame\Game\resources\libraries\slick-util.jar
Launcher Type: SUN_STANDARD

Environment Variables:
PATH=C:\Program Files\Java\jdk1.8.0_91\jre\bin;C:/Program Files/Java/jre1.8.0_111/bin/server;C:/Program Files/Java/jre1.8.0_111/bin;C:/Program Files/Java/jre1.8.0_111/lib/amd64;C:\ProgramData\Oracle\Java\javapath;C:\WINDOWS\system32;C:\WINDOWS;C:\WINDOWS\System32\Wbem;C:\WINDOWS\System32\WindowsPowerShell\v1.0\;C:\Program Files (x86)\AMD\ATI.ACE\Core-Static;C:\Users\User\AppData\Local\Microsoft\WindowsApps;;C:\Users\User\eclipse;
USERNAME=User
OS=Windows_NT
PROCESSOR_IDENTIFIER=AMD64 Family 21 Model 2 Stepping 0, AuthenticAMD



---------------  S Y S T E M  ---------------

OS: Windows 10.0 , 64 bit Build 14393 (10.0.14393.0)

CPU:total 6 (6 cores per cpu, 1 threads per core) family 21 model 2 stepping 0, cmov, cx8, fxsr, mmx, sse, sse2, sse3, ssse3, sse4.1, sse4.2, popcnt, avx, aes, clmul, mmxext, 3dnowpref, lzcnt, sse4a, tsc, tscinvbit, tscinv, bmi1

Memory: 4k page, physical 16760116k(12132136k free), swap 19250484k(12709632k free)

vm_info: Java HotSpot(TM) 64-Bit Server VM (25.91-b15) for windows-amd64 JRE (1.8.0_91-b15), built on May 20 2016 17:43:15 by "java_re" with MS VC++ 10.0 (VS2010)

time: Tue Dec 27 14:39:19 2016
elapsed time: 30 seconds (0d 0h 0m 30s)

