#
# A fatal error has been detected by the Java Runtime Environment:
#
#  EXCEPTION_ACCESS_VIOLATION (0xc0000005) at pc=0x00007fff0097ec54, pid=6080, tid=10184
#
# JRE version: Java(TM) SE Runtime Environment (8.0_91-b15) (build 1.8.0_91-b15)
# Java VM: Java HotSpot(TM) 64-Bit Server VM (25.91-b15 mixed mode windows-amd64 compressed oops)
# Problematic frame:
# C  [OPENGL32.dll+0xdec54]
#
# Failed to write core dump. Minidumps are not enabled by default on client versions of Windows
#
# If you would like to submit a bug report, please visit:
#   http://bugreport.java.com/bugreport/crash.jsp
#

---------------  T H R E A D  ---------------

Current thread (0x000000001c407800):  VMThread [stack: 0x000000001dab0000,0x000000001dbb0000] [id=10184]

siginfo: ExceptionCode=0xc0000005, reading address 0x0000000000000a38

Registers:
RAX=0x0000000000000000, RBX=0x00000000274ee540, RCX=0x0000000000000001, RDX=0x00000000274ee548
RSP=0x000000001dbaf318, RBP=0x0000000000000000, RSI=0x0000000000000000, RDI=0x00000000274f3340
R8 =0x000000001dbaf3c8, R9 =0x000000001c2d5400, R10=0x0000000000000000, R11=0x0000000000000246
R12=0x0000000000000000, R13=0x00000000274e6950, R14=0x00000000274e67e0, R15=0x0000000000000000
RIP=0x00007fff0097ec54, EFLAGS=0x0000000000010283

Top of Stack: (sp=0x000000001dbaf318)
0x000000001dbaf318:   00007fff00c3abfb 00000000274e8ef0
0x000000001dbaf328:   00007fff1f48cfb6 00000000274e0000
0x000000001dbaf338:   00007fff00d26cd0 00000000274f3340
0x000000001dbaf348:   00007fff00c0e32e 00000000274e9540
0x000000001dbaf358:   00000000274f5960 00000000274e8ef0
0x000000001dbaf368:   00007fff00c3ff1d 00000000274e9db0
0x000000001dbaf378:   00007fff00c40730 00007fffffffffff
0x000000001dbaf388:   00007fff00c4aba0 00000000274e6930
0x000000001dbaf398:   00007fff00c3fa43 fffffffffffffffe
0x000000001dbaf3a8:   000000001dbaf410 0000000000000000
0x000000001dbaf3b8:   00007fff00c41009 00000000274f3340
0x000000001dbaf3c8:   00000000274e9db0 00000000274f3340
0x000000001dbaf3d8:   00007fff00cb7a44 fffffffffffffffe
0x000000001dbaf3e8:   0000000000000000 0000000000000001
0x000000001dbaf3f8:   00000000274e6928 00000000274e67e0
0x000000001dbaf408:   00007fff00cc06a1 00007fff00df3d70 

Instructions: (pc=0x00007fff0097ec54)
0x00007fff0097ec34:   cc cc cc cc cc cc 66 0f 1f 44 00 00 8b 05 82 94
0x00007fff0097ec44:   01 00 83 f8 40 73 0f 65 48 8b 04 c5 80 14 00 00
0x00007fff0097ec54:   ff a0 38 0a 00 00 b8 47 01 00 00 e9 ec d4 ff ff
0x00007fff0097ec64:   cc cc cc cc cc cc 66 0f 1f 44 00 00 8b 05 52 94 


Register to memory mapping:

RAX=0x0000000000000000 is an unknown value
RBX=0x00000000274ee540 is an unknown value
RCX=0x0000000000000001 is an unknown value
RDX=0x00000000274ee548 is an unknown value
RSP=0x000000001dbaf318 is an unknown value
RBP=0x0000000000000000 is an unknown value
RSI=0x0000000000000000 is an unknown value
RDI=0x00000000274f3340 is an unknown value
R8 =0x000000001dbaf3c8 is an unknown value
R9 =0x000000001c2d5400 is an unknown value
R10=0x0000000000000000 is an unknown value
R11=0x0000000000000246 is an unknown value
R12=0x0000000000000000 is an unknown value
R13=0x00000000274e6950 is an unknown value
R14=0x00000000274e67e0 is an unknown value
R15=0x0000000000000000 is an unknown value


Stack: [0x000000001dab0000,0x000000001dbb0000],  sp=0x000000001dbaf318,  free space=1020k
Native frames: (J=compiled Java code, j=interpreted, Vv=VM code, C=native code)

VM_Operation (0x000000002015dc00): Exit, mode: safepoint, requested by thread 0x000000001eaa0800


---------------  P R O C E S S  ---------------

Java Threads: ( => current thread )
  0x000000001f452000 JavaThread "LWJGL Timer" daemon [_thread_blocked, id=11404, stack(0x000000002b180000,0x000000002b280000)]
  0x000000000295e000 JavaThread "DestroyJavaVM" [_thread_blocked, id=9024, stack(0x0000000002960000,0x0000000002a60000)]
  0x000000001eaa0800 JavaThread "AWT-EventQueue-0" [_thread_blocked, id=212, stack(0x0000000020060000,0x0000000020160000)]
  0x000000001f422800 JavaThread "AWT-Shutdown" [_thread_blocked, id=11336, stack(0x000000001fce0000,0x000000001fde0000)]
  0x000000001ea7b000 JavaThread "Java2D Disposer" daemon [_thread_blocked, id=1460, stack(0x000000001fbe0000,0x000000001fce0000)]
  0x000000001e72c000 JavaThread "Service Thread" daemon [_thread_blocked, id=3332, stack(0x000000001ede0000,0x000000001eee0000)]
  0x000000001e6f2800 JavaThread "C1 CompilerThread2" daemon [_thread_blocked, id=9912, stack(0x000000001ece0000,0x000000001ede0000)]
  0x000000001e6ed800 JavaThread "C2 CompilerThread1" daemon [_thread_blocked, id=8652, stack(0x000000001ebe0000,0x000000001ece0000)]
  0x000000001e6e9800 JavaThread "C2 CompilerThread0" daemon [_thread_blocked, id=3836, stack(0x000000001eae0000,0x000000001ebe0000)]
  0x000000001c45b800 JavaThread "JDWP Command Reader" daemon [_thread_blocked, id=10124, stack(0x000000001e5e0000,0x000000001e6e0000)]
  0x000000001c459000 JavaThread "JDWP Event Helper Thread" daemon [_thread_blocked, id=952, stack(0x000000001e4e0000,0x000000001e5e0000)]
  0x000000001c44a800 JavaThread "JDWP Transport Listener: dt_socket" daemon [_thread_blocked, id=2432, stack(0x000000001e3e0000,0x000000001e4e0000)]
  0x000000001c440800 JavaThread "Attach Listener" daemon [_thread_blocked, id=9664, stack(0x000000001dfa0000,0x000000001e0a0000)]
  0x000000001c43d800 JavaThread "Signal Dispatcher" daemon [_thread_blocked, id=7932, stack(0x000000001dea0000,0x000000001dfa0000)]
  0x000000001c42c800 JavaThread "Finalizer" daemon [_thread_blocked, id=9100, stack(0x000000001dcb0000,0x000000001ddb0000)]
  0x0000000002b52800 JavaThread "Reference Handler" daemon [_thread_blocked, id=4764, stack(0x000000001dbb0000,0x000000001dcb0000)]

Other Threads:
=>0x000000001c407800 VMThread [stack: 0x000000001dab0000,0x000000001dbb0000] [id=10184]

VM state:at safepoint (shutting down)

VM Mutex/Monitor currently owned by a thread:  ([mutex/lock_event])
[0x000000000295c770] Threads_lock - owner thread: 0x000000001c407800

Heap:
 PSYoungGen      total 76288K, used 14418K [0x000000076ac00000, 0x0000000770100000, 0x00000007c0000000)
  eden space 65536K, 22% used [0x000000076ac00000,0x000000076ba14a10,0x000000076ec00000)
  from space 10752K, 0% used [0x000000076f680000,0x000000076f680000,0x0000000770100000)
  to   space 10752K, 0% used [0x000000076ec00000,0x000000076ec00000,0x000000076f680000)
 ParOldGen       total 175104K, used 0K [0x00000006c0400000, 0x00000006caf00000, 0x000000076ac00000)
  object space 175104K, 0% used [0x00000006c0400000,0x00000006c0400000,0x00000006caf00000)
 Metaspace       used 6736K, capacity 6901K, committed 7168K, reserved 1056768K
  class space    used 673K, capacity 735K, committed 768K, reserved 1048576K

Card table byte_map: [0x0000000011f20000,0x0000000012720000] byte_map_base: 0x000000000e91e000

Marking Bits: (ParMarkBitMap*) 0x000000006afe2f70
 Begin Bits: [0x0000000013280000, 0x0000000017270000)
 End Bits:   [0x0000000017270000, 0x000000001b260000)

Polling page: 0x0000000002870000

CodeCache: size=245760Kb used=2455Kb max_used=2467Kb free=243304Kb
 bounds [0x0000000002b60000, 0x0000000002dd0000, 0x0000000011b60000]
 total_blobs=1043 nmethods=632 adapters=333
 compilation: enabled

Compilation events (10 events):
Event: 22.158 Thread 0x000000001e6ed800  628       4       java.nio.HeapByteBuffer::put (167 bytes)
Event: 22.161 Thread 0x000000001e6ed800 nmethod 628 0x0000000002dc0190 code [0x0000000002dc02e0, 0x0000000002dc0658]
Event: 23.899 Thread 0x000000001e6e9800  629  s    4       org.lwjgl.opengl.EventQueue::copyEvents (77 bytes)
Event: 23.908 Thread 0x000000001e6e9800 nmethod 629 0x0000000002dc7990 code [0x0000000002dc7b20, 0x0000000002dc87f8]
Event: 25.419 Thread 0x000000001e6f2800  630       3       java.lang.Character::isSurrogate (18 bytes)
Event: 25.419 Thread 0x000000001e6f2800 nmethod 630 0x0000000002dbc750 code [0x0000000002dbc8a0, 0x0000000002dbca70]
Event: 28.423 Thread 0x000000001e6f2800  631       3       sun.nio.cs.UnicodeEncoder::put (53 bytes)
Event: 28.424 Thread 0x000000001e6f2800 nmethod 631 0x0000000002dbf990 code [0x0000000002dbfb40, 0x0000000002dc0038]
Event: 29.923 Thread 0x000000001e6ed800  632       4       java.nio.HeapByteBuffer::put (16 bytes)
Event: 29.924 Thread 0x000000001e6ed800 nmethod 632 0x0000000002dc7610 code [0x0000000002dc7760, 0x0000000002dc7878]

GC Heap History (0 events):
No events

Deoptimization events (2 events):
Event: 6.017 Thread 0x000000001eaa0800 Uncommon trap: reason=unstable_if action=reinterpret pc=0x0000000002d922f0 method=org.lwjgl.input.Keyboard.isKeyDown(I)Z @ 29
Event: 6.017 Thread 0x000000001eaa0800 Uncommon trap: reason=unstable_if action=reinterpret pc=0x0000000002d5d630 method=org.lwjgl.input.Keyboard.isKeyDown(I)Z @ 29

Internal exceptions (10 events):
Event: 0.043 Thread 0x000000000295e000 Exception <a 'java/lang/NoSuchMethodError': Method sun.misc.Unsafe.defineClass(Ljava/lang/String;[BII)Ljava/lang/Class; name or signature does not match> (0x000000076ac07cc0) thrown at [C:\re\workspace\8-2-build-windows-amd64-cygwin\jdk8u91\7017\hotspot\srðqê¥?
Event: 0.043 Thread 0x000000000295e000 Exception <a 'java/lang/NoSuchMethodError': Method sun.misc.Unsafe.prefetchRead(Ljava/lang/Object;J)V name or signature does not match> (0x000000076ac07fa8) thrown at [C:\re\workspace\8-2-build-windows-amd64-cygwin\jdk8u91\7017\hotspot\src\share\vm\prims\jÒeühx’ä?
Event: 0.643 Thread 0x000000000295e000 Exception <a 'java/security/PrivilegedActionException'> (0x000000076acae750) thrown at [C:\re\workspace\8-2-build-windows-amd64-cygwin\jdk8u91\7017\hotspot\src\share\vm\prims\jvm.cpp, line 1386]
Event: 0.643 Thread 0x000000000295e000 Exception <a 'java/security/PrivilegedActionException'> (0x000000076acae960) thrown at [C:\re\workspace\8-2-build-windows-amd64-cygwin\jdk8u91\7017\hotspot\src\share\vm\prims\jvm.cpp, line 1386]
Event: 0.644 Thread 0x000000000295e000 Exception <a 'java/security/PrivilegedActionException'> (0x000000076acb27a8) thrown at [C:\re\workspace\8-2-build-windows-amd64-cygwin\jdk8u91\7017\hotspot\src\share\vm\prims\jvm.cpp, line 1386]
Event: 0.644 Thread 0x000000000295e000 Exception <a 'java/security/PrivilegedActionException'> (0x000000076acb29b8) thrown at [C:\re\workspace\8-2-build-windows-amd64-cygwin\jdk8u91\7017\hotspot\src\share\vm\prims\jvm.cpp, line 1386]
Event: 0.649 Thread 0x000000000295e000 Exception <a 'java/io/FileNotFoundException'> (0x000000076acb4d80) thrown at [C:\re\workspace\8-2-build-windows-amd64-cygwin\jdk8u91\7017\hotspot\src\share\vm\prims\jni.cpp, line 709]
Event: 0.694 Thread 0x000000000295e000 Exception <a 'java/lang/NoSuchFieldError': method resolution failed> (0x000000076b011e18) thrown at [C:\re\workspace\8-2-build-windows-amd64-cygwin\jdk8u91\7017\hotspot\src\share\vm\prims\methodHandles.cpp, line 1146]
Event: 0.703 Thread 0x000000000295e000 Exception <a 'java/lang/NoSuchFieldError': method resolution failed> (0x000000076b01f1e8) thrown at [C:\re\workspace\8-2-build-windows-amd64-cygwin\jdk8u91\7017\hotspot\src\share\vm\prims\methodHandles.cpp, line 1146]
Event: 34.092 Thread 0x000000001e752800 Exception <a 'org/lwjgl/LWJGLException': Failed to set device gamma.> (0x000000076b8cd008) thrown at [C:\re\workspace\8-2-build-windows-amd64-cygwin\jdk8u91\7017\hotspot\src\share\vm\prims\jni.cpp, line 735]

Events (10 events):
Event: 34.072 loading class java/util/IdentityHashMap$KeyIterator
Event: 34.080 loading class java/util/IdentityHashMap$IdentityHashMapIterator
Event: 34.087 loading class java/util/IdentityHashMap$IdentityHashMapIterator done
Event: 34.087 loading class java/util/IdentityHashMap$KeyIterator done
Event: 34.087 Thread 0x000000001e734000 Thread added: 0x000000001e734000
Event: 34.087 Thread 0x000000001e752800 Thread added: 0x000000001e752800
Event: 34.093 Thread 0x000000001e752800 Thread exited: 0x000000001e752800
Event: 34.094 Thread 0x000000001f423000 Thread exited: 0x000000001f423000
Event: 34.188 Thread 0x000000001e734000 Thread exited: 0x000000001e734000
Event: 34.189 Executing VM operation: Exit


Dynamic libraries:
0x00007ff60ea90000 - 0x00007ff60eac7000 	C:\Program Files\Java\jdk1.8.0_91\bin\javaw.exe
0x00007fff1f450000 - 0x00007fff1f621000 	C:\WINDOWS\SYSTEM32\ntdll.dll
0x00007fff1f3a0000 - 0x00007fff1f44b000 	C:\WINDOWS\System32\KERNEL32.DLL
0x00007fff1bb60000 - 0x00007fff1bd7d000 	C:\WINDOWS\System32\KERNELBASE.dll
0x00007fff1f100000 - 0x00007fff1f1a2000 	C:\WINDOWS\System32\ADVAPI32.dll
0x00007fff1d6e0000 - 0x00007fff1d77e000 	C:\WINDOWS\System32\msvcrt.dll
0x00007fff1d250000 - 0x00007fff1d2a9000 	C:\WINDOWS\System32\sechost.dll
0x00007fff1eec0000 - 0x00007fff1efe1000 	C:\WINDOWS\System32\RPCRT4.dll
0x00007fff1caa0000 - 0x00007fff1cc05000 	C:\WINDOWS\System32\USER32.dll
0x00007fff1c870000 - 0x00007fff1c88e000 	C:\WINDOWS\System32\win32u.dll
0x00007fff1eff0000 - 0x00007fff1f024000 	C:\WINDOWS\System32\GDI32.dll
0x00007fff1bd80000 - 0x00007fff1bf02000 	C:\WINDOWS\System32\gdi32full.dll
0x00007fff0ed60000 - 0x00007fff0efd9000 	C:\WINDOWS\WinSxS\amd64_microsoft.windows.common-controls_6595b64144ccf1df_6.0.14393.447_none_42191651c6827bb3\COMCTL32.dll
0x00007fff1cf80000 - 0x00007fff1d248000 	C:\WINDOWS\System32\combase.dll
0x00007fff1b9f0000 - 0x00007fff1bae5000 	C:\WINDOWS\System32\ucrtbase.dll
0x00007fff1baf0000 - 0x00007fff1bb5a000 	C:\WINDOWS\System32\bcryptPrimitives.dll
0x00007fff1ee90000 - 0x00007fff1eebe000 	C:\WINDOWS\System32\IMM32.DLL
0x000000006b070000 - 0x000000006b142000 	C:\Program Files\Java\jdk1.8.0_91\jre\bin\msvcr100.dll
0x000000006a7d0000 - 0x000000006b063000 	C:\Program Files\Java\jdk1.8.0_91\jre\bin\server\jvm.dll
0x00007fff1f390000 - 0x00007fff1f398000 	C:\WINDOWS\System32\PSAPI.DLL
0x00007fff19550000 - 0x00007fff19573000 	C:\WINDOWS\SYSTEM32\WINMM.dll
0x00007fff18150000 - 0x00007fff18159000 	C:\WINDOWS\SYSTEM32\WSOCK32.dll
0x00007fff172c0000 - 0x00007fff172ca000 	C:\WINDOWS\SYSTEM32\VERSION.dll
0x00007fff1cc10000 - 0x00007fff1cc7a000 	C:\WINDOWS\System32\WS2_32.dll
0x0000000002800000 - 0x000000000282b000 	C:\WINDOWS\SYSTEM32\WINMMBASE.dll
0x00007fff1b940000 - 0x00007fff1b982000 	C:\WINDOWS\System32\cfgmgr32.dll
0x000000006a7c0000 - 0x000000006a7cf000 	C:\Program Files\Java\jdk1.8.0_91\jre\bin\verify.dll
0x000000006a790000 - 0x000000006a7b9000 	C:\Program Files\Java\jdk1.8.0_91\jre\bin\java.dll
0x000000006a750000 - 0x000000006a785000 	C:\Program Files\Java\jdk1.8.0_91\jre\bin\jdwp.dll
0x000000006a740000 - 0x000000006a748000 	C:\Program Files\Java\jdk1.8.0_91\jre\bin\npt.dll
0x000000006a720000 - 0x000000006a736000 	C:\Program Files\Java\jdk1.8.0_91\jre\bin\zip.dll
0x00007fff1d980000 - 0x00007fff1ee89000 	C:\WINDOWS\System32\SHELL32.dll
0x00007fff1c0e0000 - 0x00007fff1c7ba000 	C:\WINDOWS\System32\windows.storage.dll
0x00007fff1b8f0000 - 0x00007fff1b93c000 	C:\WINDOWS\System32\powrprof.dll
0x00007fff1d920000 - 0x00007fff1d972000 	C:\WINDOWS\System32\shlwapi.dll
0x00007fff1b8b0000 - 0x00007fff1b8bf000 	C:\WINDOWS\System32\kernel.appcore.dll
0x00007fff1c930000 - 0x00007fff1c9d9000 	C:\WINDOWS\System32\shcore.dll
0x00007fff1b8c0000 - 0x00007fff1b8d4000 	C:\WINDOWS\System32\profapi.dll
0x000000006a710000 - 0x000000006a719000 	C:\Program Files\Java\jdk1.8.0_91\jre\bin\dt_socket.dll
0x00007fff0bae0000 - 0x00007fff0baf6000 	C:\WINDOWS\system32\napinsp.dll
0x00007fff0bb00000 - 0x00007fff0bb1a000 	C:\WINDOWS\system32\pnrpnsp.dll
0x00007fff195a0000 - 0x00007fff195b8000 	C:\WINDOWS\system32\NLAapi.dll
0x00007fff1b180000 - 0x00007fff1b1dc000 	C:\WINDOWS\System32\mswsock.dll
0x00007fff1af50000 - 0x00007fff1aff0000 	C:\WINDOWS\SYSTEM32\DNSAPI.dll
0x00007fff1f090000 - 0x00007fff1f098000 	C:\WINDOWS\System32\NSI.dll
0x00007fff1af10000 - 0x00007fff1af48000 	C:\WINDOWS\SYSTEM32\IPHLPAPI.DLL
0x00007fff0c3a0000 - 0x00007fff0c3ae000 	C:\WINDOWS\System32\winrnr.dll
0x00007fff13b20000 - 0x00007fff13b8a000 	C:\WINDOWS\System32\fwpuclnt.dll
0x00007fff1b7f0000 - 0x00007fff1b81b000 	C:\WINDOWS\SYSTEM32\bcrypt.dll
0x00007fff12080000 - 0x00007fff1208a000 	C:\Windows\System32\rasadhlp.dll
0x000000006a570000 - 0x000000006a708000 	C:\Program Files\Java\jdk1.8.0_91\jre\bin\awt.dll
0x00007fff1c9e0000 - 0x00007fff1ca9f000 	C:\WINDOWS\System32\OLEAUT32.dll
0x00007fff1c890000 - 0x00007fff1c92c000 	C:\WINDOWS\System32\msvcp_win.dll
0x00007fff19e60000 - 0x00007fff19eda000 	C:\WINDOWS\SYSTEM32\apphelp.dll
0x00007fff1a040000 - 0x00007fff1a0d5000 	C:\WINDOWS\system32\uxtheme.dll
0x00007fff1f220000 - 0x00007fff1f37b000 	C:\WINDOWS\System32\MSCTF.dll
0x00007ffeff7b0000 - 0x00007ffeff7dc000 	C:\PROGRA~2\RAPTRI~1\PlaysTV\ltc_help64-119232.dll
0x00007fff1b990000 - 0x00007fff1b9e5000 	C:\WINDOWS\System32\WINTRUST.dll
0x00007fff1b8e0000 - 0x00007fff1b8f0000 	C:\WINDOWS\System32\MSASN1.dll
0x00007fff1bf10000 - 0x00007fff1c0d9000 	C:\WINDOWS\System32\CRYPT32.dll
0x00007fff18d30000 - 0x00007fff18d56000 	C:\WINDOWS\system32\dwmapi.dll
0x00007fff1cca0000 - 0x00007fff1cdd7000 	C:\WINDOWS\System32\ole32.dll
0x0000000180000000 - 0x0000000180051000 	C:\Users\User\git\JavaGame\Game\resources\native\windows\lwjgl64.dll
0x00007fff008a0000 - 0x00007fff009c3000 	C:\WINDOWS\SYSTEM32\OPENGL32.dll
0x00007fff14580000 - 0x00007fff145ad000 	C:\WINDOWS\SYSTEM32\GLU32.dll
0x00007ffefef60000 - 0x00007ffeff057000 	C:\WINDOWS\SYSTEM32\DDRAW.dll
0x00007fff14030000 - 0x00007fff14038000 	C:\WINDOWS\SYSTEM32\DCIMAN32.dll
0x00007fff14560000 - 0x00007fff1457f000 	C:\WINDOWS\System32\DriverStore\FileRepository\c0310011.inf_amd64_7c21aa033b961c28\atig6pxx.dll
0x0000000068450000 - 0x000000006a564000 	C:\WINDOWS\System32\DriverStore\FileRepository\c0310011.inf_amd64_7c21aa033b961c28\atio6axx.dll
0x00007fff1d2b0000 - 0x00007fff1d6d9000 	C:\WINDOWS\System32\SETUPAPI.dll
0x00007ffefeba0000 - 0x00007ffefebc3000 	C:\WINDOWS\SYSTEM32\dxva2.dll
0x00007fff144d0000 - 0x00007fff14503000 	C:\WINDOWS\System32\DriverStore\FileRepository\c0310011.inf_amd64_7c21aa033b961c28\atig6txx.dll
0x00007ffefe730000 - 0x00007ffefe884000 	C:\WINDOWS\SYSTEM32\atiadlxx.dll
0x00007fff18710000 - 0x00007fff18895000 	C:\WINDOWS\SYSTEM32\PROPSYS.dll
0x00007fff18610000 - 0x00007fff18623000 	C:\WINDOWS\SYSTEM32\WTSAPI32.dll
0x00007fff1b010000 - 0x00007fff1b02f000 	C:\WINDOWS\SYSTEM32\USERENV.dll
0x00007fff1a400000 - 0x00007fff1a428000 	C:\WINDOWS\SYSTEM32\DEVOBJ.dll
0x00007fff14370000 - 0x00007fff14401000 	C:\WINDOWS\SYSTEM32\mscms.dll
0x00007fff14180000 - 0x00007fff141c2000 	C:\WINDOWS\SYSTEM32\icm32.dll
0x00007fff1b330000 - 0x00007fff1b347000 	C:\WINDOWS\System32\CRYPTSP.dll
0x00007fff1ad90000 - 0x00007fff1adc3000 	C:\WINDOWS\system32\rsaenh.dll
0x00007fff1b320000 - 0x00007fff1b32b000 	C:\WINDOWS\SYSTEM32\CRYPTBASE.dll
0x00007fff1cc80000 - 0x00007fff1cc9c000 	C:\WINDOWS\System32\imagehlp.dll
0x00007fff1a7b0000 - 0x00007fff1a7d3000 	C:\WINDOWS\SYSTEM32\gpapi.dll
0x00007fff068b0000 - 0x00007fff068df000 	C:\Windows\System32\cryptnet.dll
0x00007fff176d0000 - 0x00007fff176db000 	C:\WINDOWS\SYSTEM32\WINNSI.DLL
0x00007fff00bd0000 - 0x00007fff00e10000 	C:\PROGRA~2\RAPTRI~1\PlaysTV\ltc_game64-119232.dll
0x00007fff0e430000 - 0x00007fff0e598000 	C:\WINDOWS\SYSTEM32\mfplat.DLL
0x00007fff12480000 - 0x00007fff124ae000 	C:\WINDOWS\SYSTEM32\RTWorkQ.DLL
0x00007fff176f0000 - 0x00007fff176fb000 	C:\WINDOWS\SYSTEM32\Avrt.dll
0x00007fff1cde0000 - 0x00007fff1ce7f000 	C:\WINDOWS\System32\clbcatq.dll
0x00007fff18b80000 - 0x00007fff18d28000 	C:\WINDOWS\system32\windowscodecs.dll
0x00007fff10140000 - 0x00007fff102d2000 	C:\WINDOWS\SYSTEM32\dbghelp.dll

VM Arguments:
jvm_args: -agentlib:jdwp=transport=dt_socket,suspend=y,address=localhost:54326 -Djava.library.path=C:\Users\User\git\JavaGame\Game\resources\native\windows -Dfile.encoding=Cp1252 
java_command: Application
java_class_path (initial): C:\Users\User\git\JavaGame\Game\bin;C:\Users\User\git\JavaGame\Game\resources\libraries\lwjgl_util.jar;C:\Users\User\git\JavaGame\Game\resources\libraries\lwjgl.jar;C:\Users\User\git\JavaGame\Game\resources\libraries\slick-util.jar
Launcher Type: SUN_STANDARD

Environment Variables:
PATH=C:\Program Files\Java\jdk1.8.0_91\jre\bin;C:/Program Files/Java/jre1.8.0_111/bin/server;C:/Program Files/Java/jre1.8.0_111/bin;C:/Program Files/Java/jre1.8.0_111/lib/amd64;C:\ProgramData\Oracle\Java\javapath;C:\WINDOWS\system32;C:\WINDOWS;C:\WINDOWS\System32\Wbem;C:\WINDOWS\System32\WindowsPowerShell\v1.0\;C:\Program Files (x86)\AMD\ATI.ACE\Core-Static;C:\Users\User\AppData\Local\Microsoft\WindowsApps;;C:\Users\User\eclipse;
USERNAME=User
OS=Windows_NT
PROCESSOR_IDENTIFIER=AMD64 Family 21 Model 2 Stepping 0, AuthenticAMD



---------------  S Y S T E M  ---------------

OS: Windows 10.0 , 64 bit Build 14393 (10.0.14393.0)

CPU:total 6 (6 cores per cpu, 1 threads per core) family 21 model 2 stepping 0, cmov, cx8, fxsr, mmx, sse, sse2, sse3, ssse3, sse4.1, sse4.2, popcnt, avx, aes, clmul, mmxext, 3dnowpref, lzcnt, sse4a, tsc, tscinvbit, tscinv, bmi1

Memory: 4k page, physical 16760116k(13276092k free), swap 19250484k(14342072k free)

vm_info: Java HotSpot(TM) 64-Bit Server VM (25.91-b15) for windows-amd64 JRE (1.8.0_91-b15), built on May 20 2016 17:43:15 by "java_re" with MS VC++ 10.0 (VS2010)

time: Mon Jan 30 20:17:25 2017
elapsed time: 34 seconds (0d 0h 0m 34s)

