#
# A fatal error has been detected by the Java Runtime Environment:
#
#  EXCEPTION_ACCESS_VIOLATION (0xc0000005) at pc=0x00007ffdd352ec54, pid=11052, tid=10608
#
# JRE version: Java(TM) SE Runtime Environment (8.0_91-b15) (build 1.8.0_91-b15)
# Java VM: Java HotSpot(TM) 64-Bit Server VM (25.91-b15 mixed mode windows-amd64 compressed oops)
# Problematic frame:
# C  [OPENGL32.dll+0xdec54]
#
# Failed to write core dump. Minidumps are not enabled by default on client versions of Windows
#
# If you would like to submit a bug report, please visit:
#   http://bugreport.java.com/bugreport/crash.jsp
#

---------------  T H R E A D  ---------------

Current thread (0x000000001c4b7800):  VMThread [stack: 0x000000001dba0000,0x000000001dca0000] [id=10608]

siginfo: ExceptionCode=0xc0000005, reading address 0x0000000000000a38

Registers:
RAX=0x0000000000000000, RBX=0x000000002737e4a0, RCX=0x0000000000000001, RDX=0x000000002737e4a8
RSP=0x000000001dc9f3f8, RBP=0x0000000000000000, RSI=0x0000000000000000, RDI=0x00000000273c1a10
R8 =0x000000001dc9f4a8, R9 =0x000000001c385400, R10=0x0000000000000000, R11=0x0000000000000246
R12=0x0000000000000000, R13=0x0000000027376970, R14=0x0000000027376800, R15=0x0000000000000000
RIP=0x00007ffdd352ec54, EFLAGS=0x0000000000010283

Top of Stack: (sp=0x000000001dc9f3f8)
0x000000001dc9f3f8:   00007ffdd562abfb 0000000000000000
0x000000001dc9f408:   0000000027376800 00000000273793a0
0x000000001dc9f418:   00007ffdd56a7a44 00000000273c1a10
0x000000001dc9f428:   00007ffdd55fe32e 00000000273793a0
0x000000001dc9f438:   0000000027419340 00000000273794e0
0x000000001dc9f448:   00007ffdd562ff1d 00000000273c4780
0x000000001dc9f458:   00007ffdd5630730 00007ffdffffffff
0x000000001dc9f468:   00007ffdd563aba0 0000000027376950
0x000000001dc9f478:   00007ffdd562fa43 fffffffffffffffe
0x000000001dc9f488:   0000000000000001 0000000000000000
0x000000001dc9f498:   00007ffdd5631009 00000000273c1a10
0x000000001dc9f4a8:   00000000273c4780 00000000273c1a10
0x000000001dc9f4b8:   00007ffdd56a7a44 fffffffffffffffe
0x000000001dc9f4c8:   0000000000000000 0000000000000001
0x000000001dc9f4d8:   0000000027376948 0000000027376800
0x000000001dc9f4e8:   00007ffdd56b06a1 00007ffdd57e3d70 

Instructions: (pc=0x00007ffdd352ec54)
0x00007ffdd352ec34:   cc cc cc cc cc cc 66 0f 1f 44 00 00 8b 05 82 94
0x00007ffdd352ec44:   01 00 83 f8 40 73 0f 65 48 8b 04 c5 80 14 00 00
0x00007ffdd352ec54:   ff a0 38 0a 00 00 b8 47 01 00 00 e9 ec d4 ff ff
0x00007ffdd352ec64:   cc cc cc cc cc cc 66 0f 1f 44 00 00 8b 05 52 94 


Register to memory mapping:

RAX=0x0000000000000000 is an unknown value
RBX=0x000000002737e4a0 is an unknown value
RCX=0x0000000000000001 is an unknown value
RDX=0x000000002737e4a8 is an unknown value
RSP=0x000000001dc9f3f8 is an unknown value
RBP=0x0000000000000000 is an unknown value
RSI=0x0000000000000000 is an unknown value
RDI=0x00000000273c1a10 is an unknown value
R8 =0x000000001dc9f4a8 is an unknown value
R9 =0x000000001c385400 is an unknown value
R10=0x0000000000000000 is an unknown value
R11=0x0000000000000246 is an unknown value
R12=0x0000000000000000 is an unknown value
R13=0x0000000027376970 is an unknown value
R14=0x0000000027376800 is an unknown value
R15=0x0000000000000000 is an unknown value


Stack: [0x000000001dba0000,0x000000001dca0000],  sp=0x000000001dc9f3f8,  free space=1020k
Native frames: (J=compiled Java code, j=interpreted, Vv=VM code, C=native code)

VM_Operation (0x00000000200bdbb0): Exit, mode: safepoint, requested by thread 0x000000001f41c800


---------------  P R O C E S S  ---------------

Java Threads: ( => current thread )
  0x000000001f4a3800 JavaThread "LWJGL Timer" daemon [_thread_blocked, id=3380, stack(0x000000002b5f0000,0x000000002b6f0000)]
  0x000000000299e000 JavaThread "DestroyJavaVM" [_thread_blocked, id=8664, stack(0x0000000002a10000,0x0000000002b10000)]
  0x000000001f41c800 JavaThread "AWT-EventQueue-0" [_thread_blocked, id=10460, stack(0x000000001ffc0000,0x00000000200c0000)]
  0x000000001f46b800 JavaThread "AWT-Shutdown" [_thread_blocked, id=3184, stack(0x000000001fce0000,0x000000001fde0000)]
  0x000000001f46a800 JavaThread "Java2D Disposer" daemon [_thread_blocked, id=2184, stack(0x000000001fbe0000,0x000000001fce0000)]
  0x000000001e778800 JavaThread "Service Thread" daemon [_thread_blocked, id=4228, stack(0x000000001ede0000,0x000000001eee0000)]
  0x000000001e6ef800 JavaThread "C1 CompilerThread2" daemon [_thread_blocked, id=884, stack(0x000000001ece0000,0x000000001ede0000)]
  0x000000001e6ea000 JavaThread "C2 CompilerThread1" daemon [_thread_blocked, id=4224, stack(0x000000001ebe0000,0x000000001ece0000)]
  0x000000001c50e800 JavaThread "C2 CompilerThread0" daemon [_thread_blocked, id=6628, stack(0x000000001eae0000,0x000000001ebe0000)]
  0x000000001c50d000 JavaThread "JDWP Command Reader" daemon [_thread_blocked, id=4960, stack(0x000000001e5e0000,0x000000001e6e0000)]
  0x000000001c509000 JavaThread "JDWP Event Helper Thread" daemon [_thread_blocked, id=5340, stack(0x000000001e4e0000,0x000000001e5e0000)]
  0x000000001c4fc800 JavaThread "JDWP Transport Listener: dt_socket" daemon [_thread_blocked, id=8520, stack(0x000000001e3e0000,0x000000001e4e0000)]
  0x000000001c4f0000 JavaThread "Attach Listener" daemon [_thread_blocked, id=5276, stack(0x000000001dfa0000,0x000000001e0a0000)]
  0x000000001c4ed000 JavaThread "Signal Dispatcher" daemon [_thread_blocked, id=3904, stack(0x000000001dea0000,0x000000001dfa0000)]
  0x000000001c4dc800 JavaThread "Finalizer" daemon [_thread_blocked, id=5552, stack(0x000000001dda0000,0x000000001dea0000)]
  0x0000000002c02000 JavaThread "Reference Handler" daemon [_thread_blocked, id=6256, stack(0x000000001dca0000,0x000000001dda0000)]

Other Threads:
=>0x000000001c4b7800 VMThread [stack: 0x000000001dba0000,0x000000001dca0000] [id=10608]

VM state:at safepoint (shutting down)

VM Mutex/Monitor currently owned by a thread:  ([mutex/lock_event])
[0x000000000299ccb0] Threads_lock - owner thread: 0x000000001c4b7800

Heap:
 PSYoungGen      total 76288K, used 15729K [0x000000076ac00000, 0x0000000770100000, 0x00000007c0000000)
  eden space 65536K, 24% used [0x000000076ac00000,0x000000076bb5c540,0x000000076ec00000)
  from space 10752K, 0% used [0x000000076f680000,0x000000076f680000,0x0000000770100000)
  to   space 10752K, 0% used [0x000000076ec00000,0x000000076ec00000,0x000000076f680000)
 ParOldGen       total 175104K, used 0K [0x00000006c0400000, 0x00000006caf00000, 0x000000076ac00000)
  object space 175104K, 0% used [0x00000006c0400000,0x00000006c0400000,0x00000006caf00000)
 Metaspace       used 6809K, capacity 6965K, committed 7168K, reserved 1056768K
  class space    used 675K, capacity 735K, committed 768K, reserved 1048576K

Card table byte_map: [0x0000000011fd0000,0x00000000127d0000] byte_map_base: 0x000000000e9ce000

Marking Bits: (ParMarkBitMap*) 0x0000000064472f70
 Begin Bits: [0x0000000013330000, 0x0000000017320000)
 End Bits:   [0x0000000017320000, 0x000000001b310000)

Polling page: 0x0000000001090000

CodeCache: size=245760Kb used=2662Kb max_used=2674Kb free=243097Kb
 bounds [0x0000000002c10000, 0x0000000002ec0000, 0x0000000011c10000]
 total_blobs=1104 nmethods=687 adapters=339
 compilation: enabled

Compilation events (10 events):
Event: 24.602 Thread 0x000000001e6ef800  683       3       java.lang.Character::isSurrogate (18 bytes)
Event: 24.602 Thread 0x000000001e6ef800 nmethod 683 0x0000000002e91c90 code [0x0000000002e91de0, 0x0000000002e91fb0]
Event: 24.903 Thread 0x000000001c50e800  684       4       java.nio.HeapByteBuffer::putInt (20 bytes)
Event: 24.904 Thread 0x000000001c50e800 nmethod 684 0x0000000002ea2250 code [0x0000000002ea23a0, 0x0000000002ea2598]
Event: 25.435 Thread 0x000000001e6ef800  685       3       sun.misc.FloatingDecimal$BinaryToASCIIBuffer::dtoa (1509 bytes)
Event: 25.440 Thread 0x000000001e6ef800 nmethod 685 0x0000000002eab610 code [0x0000000002eaba60, 0x0000000002eae438]
Event: 27.602 Thread 0x000000001e6ef800  686       3       sun.nio.cs.UnicodeEncoder::put (53 bytes)
Event: 27.602 Thread 0x000000001e6ef800 nmethod 686 0x0000000002e8fc10 code [0x0000000002e8fdc0, 0x0000000002e902b8]
Event: 27.844 Thread 0x000000001e6ea000  687   !   4       java.io.BufferedWriter::flushBuffer (53 bytes)
Event: 27.846 Thread 0x000000001e6ea000 nmethod 687 0x0000000002e8f4d0 code [0x0000000002e8f620, 0x0000000002e8fa48]

GC Heap History (0 events):
No events

Deoptimization events (2 events):
Event: 2.471 Thread 0x000000001f41c800 Uncommon trap: reason=unstable_if action=reinterpret pc=0x0000000002e044b0 method=org.lwjgl.input.Keyboard.isKeyDown(I)Z @ 29
Event: 25.193 Thread 0x000000001f41c800 Uncommon trap: reason=unstable_if action=reinterpret pc=0x0000000002e9672c method=sun.misc.FloatingDecimal$BinaryToASCIIBuffer.dtoa(IJIZ)V @ 859

Internal exceptions (9 events):
Event: 0.038 Thread 0x000000000299e000 Exception <a 'java/lang/NoSuchMethodError': Method sun.misc.Unsafe.defineClass(Ljava/lang/String;[BII)Ljava/lang/Class; name or signature does not match> (0x000000076ac07cc0) thrown at [C:\re\workspace\8-2-build-windows-amd64-cygwin\jdk8u91\7017\hotspot\srûÆ&©Ÿ¨£?
Event: 0.038 Thread 0x000000000299e000 Exception <a 'java/lang/NoSuchMethodError': Method sun.misc.Unsafe.prefetchRead(Ljava/lang/Object;J)V name or signature does not match> (0x000000076ac07fa8) thrown at [C:\re\workspace\8-2-build-windows-amd64-cygwin\jdk8u91\7017\hotspot\src\share\vm\prims\jØÖ,iùÃ?
Event: 0.156 Thread 0x000000000299e000 Exception <a 'java/security/PrivilegedActionException'> (0x000000076acb2280) thrown at [C:\re\workspace\8-2-build-windows-amd64-cygwin\jdk8u91\7017\hotspot\src\share\vm\prims\jvm.cpp, line 1386]
Event: 0.156 Thread 0x000000000299e000 Exception <a 'java/security/PrivilegedActionException'> (0x000000076acb2490) thrown at [C:\re\workspace\8-2-build-windows-amd64-cygwin\jdk8u91\7017\hotspot\src\share\vm\prims\jvm.cpp, line 1386]
Event: 0.157 Thread 0x000000000299e000 Exception <a 'java/security/PrivilegedActionException'> (0x000000076acb62d8) thrown at [C:\re\workspace\8-2-build-windows-amd64-cygwin\jdk8u91\7017\hotspot\src\share\vm\prims\jvm.cpp, line 1386]
Event: 0.157 Thread 0x000000000299e000 Exception <a 'java/security/PrivilegedActionException'> (0x000000076acb64e8) thrown at [C:\re\workspace\8-2-build-windows-amd64-cygwin\jdk8u91\7017\hotspot\src\share\vm\prims\jvm.cpp, line 1386]
Event: 0.162 Thread 0x000000000299e000 Exception <a 'java/io/FileNotFoundException'> (0x000000076acb88b0) thrown at [C:\re\workspace\8-2-build-windows-amd64-cygwin\jdk8u91\7017\hotspot\src\share\vm\prims\jni.cpp, line 709]
Event: 0.206 Thread 0x000000000299e000 Exception <a 'java/lang/NoSuchFieldError': method resolution failed> (0x000000076b015838) thrown at [C:\re\workspace\8-2-build-windows-amd64-cygwin\jdk8u91\7017\hotspot\src\share\vm\prims\methodHandles.cpp, line 1146]
Event: 0.210 Thread 0x000000000299e000 Exception <a 'java/lang/NoSuchFieldError': method resolution failed> (0x000000076b022c08) thrown at [C:\re\workspace\8-2-build-windows-amd64-cygwin\jdk8u91\7017\hotspot\src\share\vm\prims\methodHandles.cpp, line 1146]

Events (10 events):
Event: 28.111 loading class java/util/IdentityHashMap$KeyIterator
Event: 28.111 loading class java/util/IdentityHashMap$IdentityHashMapIterator
Event: 28.111 loading class java/util/IdentityHashMap$IdentityHashMapIterator done
Event: 28.111 loading class java/util/IdentityHashMap$KeyIterator done
Event: 28.111 Thread 0x000000001f61f000 Thread added: 0x000000001f61f000
Event: 28.111 Thread 0x000000001f7e3000 Thread added: 0x000000001f7e3000
Event: 28.112 Thread 0x000000001f61f000 Thread exited: 0x000000001f61f000
Event: 28.114 Thread 0x000000001f414800 Thread exited: 0x000000001f414800
Event: 28.213 Thread 0x000000001f7e3000 Thread exited: 0x000000001f7e3000
Event: 28.213 Executing VM operation: Exit


Dynamic libraries:
0x00007ff7de100000 - 0x00007ff7de137000 	C:\Program Files\Java\jdk1.8.0_91\bin\javaw.exe
0x00007ffdf6c60000 - 0x00007ffdf6e31000 	C:\WINDOWS\SYSTEM32\ntdll.dll
0x00007ffdf42a0000 - 0x00007ffdf434b000 	C:\WINDOWS\System32\KERNEL32.DLL
0x00007ffdf3150000 - 0x00007ffdf336d000 	C:\WINDOWS\System32\KERNELBASE.dll
0x00007ffdf41f0000 - 0x00007ffdf4292000 	C:\WINDOWS\System32\ADVAPI32.dll
0x00007ffdf4560000 - 0x00007ffdf45fe000 	C:\WINDOWS\System32\msvcrt.dll
0x00007ffdf6b30000 - 0x00007ffdf6b89000 	C:\WINDOWS\System32\sechost.dll
0x00007ffdf4960000 - 0x00007ffdf4a81000 	C:\WINDOWS\System32\RPCRT4.dll
0x00007ffdf69c0000 - 0x00007ffdf6b25000 	C:\WINDOWS\System32\USER32.dll
0x00007ffdf3420000 - 0x00007ffdf343e000 	C:\WINDOWS\System32\win32u.dll
0x00007ffdf6bc0000 - 0x00007ffdf6bf4000 	C:\WINDOWS\System32\GDI32.dll
0x00007ffdf3e30000 - 0x00007ffdf3fb2000 	C:\WINDOWS\System32\gdi32full.dll
0x00007ffde33e0000 - 0x00007ffde3659000 	C:\WINDOWS\WinSxS\amd64_microsoft.windows.common-controls_6595b64144ccf1df_6.0.14393.447_none_42191651c6827bb3\COMCTL32.dll
0x00007ffdf66f0000 - 0x00007ffdf69b8000 	C:\WINDOWS\System32\combase.dll
0x00007ffdf3590000 - 0x00007ffdf3685000 	C:\WINDOWS\System32\ucrtbase.dll
0x00007ffdf3dc0000 - 0x00007ffdf3e2a000 	C:\WINDOWS\System32\bcryptPrimitives.dll
0x00007ffdf6b90000 - 0x00007ffdf6bbe000 	C:\WINDOWS\System32\IMM32.DLL
0x0000000064500000 - 0x00000000645d2000 	C:\Program Files\Java\jdk1.8.0_91\jre\bin\msvcr100.dll
0x0000000063c60000 - 0x00000000644f3000 	C:\Program Files\Java\jdk1.8.0_91\jre\bin\server\jvm.dll
0x00007ffdf66e0000 - 0x00007ffdf66e8000 	C:\WINDOWS\System32\PSAPI.DLL
0x00007ffde8020000 - 0x00007ffde8029000 	C:\WINDOWS\SYSTEM32\WSOCK32.dll
0x00007ffdf10d0000 - 0x00007ffdf10f3000 	C:\WINDOWS\SYSTEM32\WINMM.dll
0x00007ffdeeb00000 - 0x00007ffdeeb0a000 	C:\WINDOWS\SYSTEM32\VERSION.dll
0x00007ffdf4d30000 - 0x00007ffdf4d9a000 	C:\WINDOWS\System32\WS2_32.dll
0x00007ffdf1070000 - 0x00007ffdf109b000 	C:\WINDOWS\SYSTEM32\WINMMBASE.dll
0x00007ffdf3d70000 - 0x00007ffdf3db2000 	C:\WINDOWS\System32\cfgmgr32.dll
0x0000000063c50000 - 0x0000000063c5f000 	C:\Program Files\Java\jdk1.8.0_91\jre\bin\verify.dll
0x0000000063c20000 - 0x0000000063c49000 	C:\Program Files\Java\jdk1.8.0_91\jre\bin\java.dll
0x0000000063be0000 - 0x0000000063c15000 	C:\Program Files\Java\jdk1.8.0_91\jre\bin\jdwp.dll
0x0000000063bd0000 - 0x0000000063bd8000 	C:\Program Files\Java\jdk1.8.0_91\jre\bin\npt.dll
0x0000000063bb0000 - 0x0000000063bc6000 	C:\Program Files\Java\jdk1.8.0_91\jre\bin\zip.dll
0x00007ffdf51d0000 - 0x00007ffdf66d9000 	C:\WINDOWS\System32\SHELL32.dll
0x00007ffdf3690000 - 0x00007ffdf3d6a000 	C:\WINDOWS\System32\windows.storage.dll
0x00007ffdf30c0000 - 0x00007ffdf310c000 	C:\WINDOWS\System32\powrprof.dll
0x00007ffdf44f0000 - 0x00007ffdf4542000 	C:\WINDOWS\System32\shlwapi.dll
0x00007ffdf3140000 - 0x00007ffdf314f000 	C:\WINDOWS\System32\kernel.appcore.dll
0x00007ffdf3370000 - 0x00007ffdf3419000 	C:\WINDOWS\System32\shcore.dll
0x00007ffdf3120000 - 0x00007ffdf3134000 	C:\WINDOWS\System32\profapi.dll
0x0000000063ba0000 - 0x0000000063ba9000 	C:\Program Files\Java\jdk1.8.0_91\jre\bin\dt_socket.dll
0x00007ffde6d20000 - 0x00007ffde6d36000 	C:\WINDOWS\system32\napinsp.dll
0x00007ffde6d40000 - 0x00007ffde6d5a000 	C:\WINDOWS\system32\pnrpnsp.dll
0x00007ffdf0ac0000 - 0x00007ffdf0ad8000 	C:\WINDOWS\system32\NLAapi.dll
0x00007ffdf2920000 - 0x00007ffdf297c000 	C:\WINDOWS\System32\mswsock.dll
0x00007ffdf2700000 - 0x00007ffdf27a0000 	C:\WINDOWS\SYSTEM32\DNSAPI.dll
0x00007ffdf4550000 - 0x00007ffdf4558000 	C:\WINDOWS\System32\NSI.dll
0x00007ffdf26b0000 - 0x00007ffdf26e8000 	C:\WINDOWS\SYSTEM32\IPHLPAPI.DLL
0x00007ffde6d60000 - 0x00007ffde6d6e000 	C:\WINDOWS\System32\winrnr.dll
0x00007ffdec300000 - 0x00007ffdec36a000 	C:\WINDOWS\System32\fwpuclnt.dll
0x00007ffdf2dc0000 - 0x00007ffdf2deb000 	C:\WINDOWS\SYSTEM32\bcrypt.dll
0x00007ffde96a0000 - 0x00007ffde96aa000 	C:\Windows\System32\rasadhlp.dll
0x0000000063a00000 - 0x0000000063b98000 	C:\Program Files\Java\jdk1.8.0_91\jre\bin\awt.dll
0x00007ffdf4600000 - 0x00007ffdf46bf000 	C:\WINDOWS\System32\OLEAUT32.dll
0x00007ffdf34f0000 - 0x00007ffdf358c000 	C:\WINDOWS\System32\msvcp_win.dll
0x00007ffdf1680000 - 0x00007ffdf16fa000 	C:\WINDOWS\SYSTEM32\apphelp.dll
0x00007ffdf1850000 - 0x00007ffdf18e5000 	C:\WINDOWS\system32\uxtheme.dll
0x00007ffdf46e0000 - 0x00007ffdf483b000 	C:\WINDOWS\System32\MSCTF.dll
0x00007ffdec150000 - 0x00007ffdec17c000 	C:\PROGRA~2\RAPTRI~1\PlaysTV\ltc_help64-119232.dll
0x00007ffdf3fc0000 - 0x00007ffdf4015000 	C:\WINDOWS\System32\WINTRUST.dll
0x00007ffdf3110000 - 0x00007ffdf3120000 	C:\WINDOWS\System32\MSASN1.dll
0x00007ffdf4020000 - 0x00007ffdf41e9000 	C:\WINDOWS\System32\CRYPT32.dll
0x00007ffdf0f20000 - 0x00007ffdf0f46000 	C:\WINDOWS\system32\dwmapi.dll
0x00007ffdf4350000 - 0x00007ffdf4487000 	C:\WINDOWS\System32\ole32.dll
0x0000000180000000 - 0x0000000180051000 	C:\Users\User\git\JavaGame\Game\resources\native\windows\lwjgl64.dll
0x00007ffdd3450000 - 0x00007ffdd3573000 	C:\WINDOWS\SYSTEM32\OPENGL32.dll
0x00007ffddae50000 - 0x00007ffddaf47000 	C:\WINDOWS\SYSTEM32\DDRAW.dll
0x00007ffdebec0000 - 0x00007ffdebeed000 	C:\WINDOWS\SYSTEM32\GLU32.dll
0x00007ffdef740000 - 0x00007ffdef748000 	C:\WINDOWS\SYSTEM32\DCIMAN32.dll
0x00007ffdec6f0000 - 0x00007ffdec70f000 	C:\WINDOWS\System32\DriverStore\FileRepository\c0309270.inf_amd64_47c09dd18e1ee4c5\atig6pxx.dll
0x00000000618e0000 - 0x00000000639f4000 	C:\WINDOWS\System32\DriverStore\FileRepository\c0309270.inf_amd64_47c09dd18e1ee4c5\atio6axx.dll
0x00007ffdf4da0000 - 0x00007ffdf51c9000 	C:\WINDOWS\System32\SETUPAPI.dll
0x00007ffdec200000 - 0x00007ffdec223000 	C:\WINDOWS\SYSTEM32\dxva2.dll
0x00007ffdebe40000 - 0x00007ffdebe73000 	C:\WINDOWS\System32\DriverStore\FileRepository\c0309270.inf_amd64_47c09dd18e1ee4c5\atig6txx.dll
0x00007ffdda830000 - 0x00007ffdda984000 	C:\WINDOWS\SYSTEM32\atiadlxx.dll
0x00007ffdf0d60000 - 0x00007ffdf0ee5000 	C:\WINDOWS\SYSTEM32\PROPSYS.dll
0x00007ffdf27a0000 - 0x00007ffdf27bf000 	C:\WINDOWS\SYSTEM32\USERENV.dll
0x00007ffdf0d40000 - 0x00007ffdf0d53000 	C:\WINDOWS\SYSTEM32\WTSAPI32.dll
0x00007ffdf1d50000 - 0x00007ffdf1d78000 	C:\WINDOWS\SYSTEM32\DEVOBJ.dll
0x00007ffdd9c90000 - 0x00007ffdd9d21000 	C:\WINDOWS\SYSTEM32\mscms.dll
0x00007ffde4f00000 - 0x00007ffde4f42000 	C:\WINDOWS\SYSTEM32\icm32.dll
0x00007ffdf2ba0000 - 0x00007ffdf2bb7000 	C:\WINDOWS\System32\CRYPTSP.dll
0x00007ffdf2aa0000 - 0x00007ffdf2ad3000 	C:\WINDOWS\system32\rsaenh.dll
0x00007ffdf2b90000 - 0x00007ffdf2b9b000 	C:\WINDOWS\SYSTEM32\CRYPTBASE.dll
0x00007ffdf46c0000 - 0x00007ffdf46dc000 	C:\WINDOWS\System32\imagehlp.dll
0x00007ffdf1fc0000 - 0x00007ffdf1fe3000 	C:\WINDOWS\SYSTEM32\gpapi.dll
0x00007ffddd460000 - 0x00007ffddd48f000 	C:\Windows\System32\cryptnet.dll
0x00007ffdef280000 - 0x00007ffdef28b000 	C:\WINDOWS\SYSTEM32\WINNSI.DLL
0x00007ffdd55c0000 - 0x00007ffdd5800000 	C:\PROGRA~2\RAPTRI~1\PlaysTV\ltc_game64-119232.dll
0x00007ffde5440000 - 0x00007ffde55a8000 	C:\WINDOWS\SYSTEM32\mfplat.DLL
0x00007ffdeb540000 - 0x00007ffdeb56e000 	C:\WINDOWS\SYSTEM32\RTWorkQ.DLL
0x00007ffdeeea0000 - 0x00007ffdeeeab000 	C:\WINDOWS\SYSTEM32\Avrt.dll
0x00007ffdf48c0000 - 0x00007ffdf495f000 	C:\WINDOWS\System32\clbcatq.dll
0x00007ffdf0160000 - 0x00007ffdf0308000 	C:\WINDOWS\system32\windowscodecs.dll
0x00007ffde7e00000 - 0x00007ffde7f92000 	C:\WINDOWS\SYSTEM32\dbghelp.dll

VM Arguments:
jvm_args: -agentlib:jdwp=transport=dt_socket,suspend=y,address=localhost:52976 -Djava.library.path=C:\Users\User\git\JavaGame\Game\resources\native\windows -Dfile.encoding=Cp1252 
java_command: Application
java_class_path (initial): C:\Users\User\git\JavaGame\Game\bin;C:\Users\User\git\JavaGame\Game\resources\libraries\lwjgl_util.jar;C:\Users\User\git\JavaGame\Game\resources\libraries\lwjgl.jar;C:\Users\User\git\JavaGame\Game\resources\libraries\slick-util.jar
Launcher Type: SUN_STANDARD

Environment Variables:
PATH=C:\Program Files\Java\jdk1.8.0_91\jre\bin;C:/Program Files/Java/jre1.8.0_111/bin/server;C:/Program Files/Java/jre1.8.0_111/bin;C:/Program Files/Java/jre1.8.0_111/lib/amd64;C:\ProgramData\Oracle\Java\javapath;C:\WINDOWS\system32;C:\WINDOWS;C:\WINDOWS\System32\Wbem;C:\WINDOWS\System32\WindowsPowerShell\v1.0\;C:\Program Files (x86)\AMD\ATI.ACE\Core-Static;C:\Users\User\AppData\Local\Microsoft\WindowsApps;;C:\Users\User\eclipse;
USERNAME=User
OS=Windows_NT
PROCESSOR_IDENTIFIER=AMD64 Family 21 Model 2 Stepping 0, AuthenticAMD



---------------  S Y S T E M  ---------------

OS: Windows 10.0 , 64 bit Build 14393 (10.0.14393.0)

CPU:total 6 (6 cores per cpu, 1 threads per core) family 21 model 2 stepping 0, cmov, cx8, fxsr, mmx, sse, sse2, sse3, ssse3, sse4.1, sse4.2, popcnt, avx, aes, clmul, mmxext, 3dnowpref, lzcnt, sse4a, tsc, tscinvbit, tscinv, bmi1

Memory: 4k page, physical 16760116k(12350220k free), swap 19250484k(13002060k free)

vm_info: Java HotSpot(TM) 64-Bit Server VM (25.91-b15) for windows-amd64 JRE (1.8.0_91-b15), built on May 20 2016 17:43:15 by "java_re" with MS VC++ 10.0 (VS2010)

time: Tue Dec 27 14:22:28 2016
elapsed time: 28 seconds (0d 0h 0m 28s)

