#
# A fatal error has been detected by the Java Runtime Environment:
#
#  EXCEPTION_ACCESS_VIOLATION (0xc0000005) at pc=0x00007fff00b7ec54, pid=11124, tid=11456
#
# JRE version: Java(TM) SE Runtime Environment (8.0_91-b15) (build 1.8.0_91-b15)
# Java VM: Java HotSpot(TM) 64-Bit Server VM (25.91-b15 mixed mode windows-amd64 compressed oops)
# Problematic frame:
# C  [OPENGL32.dll+0xdec54]
#
# Failed to write core dump. Minidumps are not enabled by default on client versions of Windows
#
# If you would like to submit a bug report, please visit:
#   http://bugreport.java.com/bugreport/crash.jsp
#

---------------  T H R E A D  ---------------

Current thread (0x000000001be87800):  VMThread [stack: 0x000000001d540000,0x000000001d640000] [id=11456]

siginfo: ExceptionCode=0xc0000005, reading address 0x0000000000000a38

Registers:
RAX=0x0000000000000000, RBX=0x0000000026fde580, RCX=0x0000000000000001, RDX=0x0000000026fde588
RSP=0x000000001d63f568, RBP=0x0000000000000000, RSI=0x0000000000000000, RDI=0x0000000026fe3340
R8 =0x000000001d63f618, R9 =0x0000000002536720, R10=0x0000000000000000, R11=0x0000000000000246
R12=0x0000000000000000, R13=0x0000000026fd6950, R14=0x0000000026fd67e0, R15=0x0000000000000000
RIP=0x00007fff00b7ec54, EFLAGS=0x0000000000010283

Top of Stack: (sp=0x000000001d63f568)
0x000000001d63f568:   00007fff00c3abfb 0000000026fd8ef0
0x000000001d63f578:   00007fff1f48cfb6 0000000026fd0000
0x000000001d63f588:   00007fff00d26cd0 0000000026fe3340
0x000000001d63f598:   00007fff00c0e32e 0000000026fd9380
0x000000001d63f5a8:   0000000027027ff0 0000000026fd8ef0
0x000000001d63f5b8:   00007fff00c3ff1d 0000000026fdb490
0x000000001d63f5c8:   00007fff00c40730 00007fffffffffff
0x000000001d63f5d8:   00007fff00c4aba0 0000000026fd6930
0x000000001d63f5e8:   00007fff00c3fa43 fffffffffffffffe
0x000000001d63f5f8:   000000001d63f660 0000000000000000
0x000000001d63f608:   00007fff00c41009 0000000026fe3340
0x000000001d63f618:   0000000026fdb490 0000000026fe3340
0x000000001d63f628:   00007fff00cb7a44 fffffffffffffffe
0x000000001d63f638:   0000000000000000 0000000000000001
0x000000001d63f648:   0000000026fd6928 0000000026fd67e0
0x000000001d63f658:   00007fff00cc06a1 00007fff00df3d70 

Instructions: (pc=0x00007fff00b7ec54)
0x00007fff00b7ec34:   cc cc cc cc cc cc 66 0f 1f 44 00 00 8b 05 82 94
0x00007fff00b7ec44:   01 00 83 f8 40 73 0f 65 48 8b 04 c5 80 14 00 00
0x00007fff00b7ec54:   ff a0 38 0a 00 00 b8 47 01 00 00 e9 ec d4 ff ff
0x00007fff00b7ec64:   cc cc cc cc cc cc 66 0f 1f 44 00 00 8b 05 52 94 


Register to memory mapping:

RAX=0x0000000000000000 is an unknown value
RBX=0x0000000026fde580 is an unknown value
RCX=0x0000000000000001 is an unknown value
RDX=0x0000000026fde588 is an unknown value
RSP=0x000000001d63f568 is an unknown value
RBP=0x0000000000000000 is an unknown value
RSI=0x0000000000000000 is an unknown value
RDI=0x0000000026fe3340 is an unknown value
R8 =0x000000001d63f618 is an unknown value
R9 =0x0000000002536720 is an unknown value
R10=0x0000000000000000 is an unknown value
R11=0x0000000000000246 is an unknown value
R12=0x0000000000000000 is an unknown value
R13=0x0000000026fd6950 is an unknown value
R14=0x0000000026fd67e0 is an unknown value
R15=0x0000000000000000 is an unknown value


Stack: [0x000000001d540000,0x000000001d640000],  sp=0x000000001d63f568,  free space=1021k
Native frames: (J=compiled Java code, j=interpreted, Vv=VM code, C=native code)

VM_Operation (0x000000001fc1deb0): Exit, mode: safepoint, requested by thread 0x000000001eeb6800


---------------  P R O C E S S  ---------------

Java Threads: ( => current thread )
  0x000000001f1cd000 JavaThread "LWJGL Timer" daemon [_thread_blocked, id=10944, stack(0x000000002ac70000,0x000000002ad70000)]
  0x000000000228e000 JavaThread "DestroyJavaVM" [_thread_blocked, id=2708, stack(0x0000000002390000,0x0000000002490000)]
  0x000000001eeb6800 JavaThread "AWT-EventQueue-0" [_thread_blocked, id=8240, stack(0x000000001fb20000,0x000000001fc20000)]
  0x000000001e553000 JavaThread "AWT-Shutdown" [_thread_blocked, id=2692, stack(0x000000001f770000,0x000000001f870000)]
  0x000000001e552000 JavaThread "Java2D Disposer" daemon [_thread_blocked, id=8968, stack(0x000000001f670000,0x000000001f770000)]
  0x000000001e201800 JavaThread "Service Thread" daemon [_thread_blocked, id=7016, stack(0x000000001e870000,0x000000001e970000)]
  0x000000001bede800 JavaThread "C1 CompilerThread2" daemon [_thread_blocked, id=4428, stack(0x000000001e770000,0x000000001e870000)]
  0x000000001bedd800 JavaThread "C2 CompilerThread1" daemon [_thread_blocked, id=9396, stack(0x000000001e670000,0x000000001e770000)]
  0x000000001e179800 JavaThread "C2 CompilerThread0" daemon [_thread_blocked, id=10112, stack(0x000000001e570000,0x000000001e670000)]
  0x000000001bedc000 JavaThread "JDWP Command Reader" daemon [_thread_blocked, id=10036, stack(0x000000001e070000,0x000000001e170000)]
  0x000000001beda000 JavaThread "JDWP Event Helper Thread" daemon [_thread_blocked, id=2924, stack(0x000000001df70000,0x000000001e070000)]
  0x000000001becb000 JavaThread "JDWP Transport Listener: dt_socket" daemon [_thread_blocked, id=11560, stack(0x000000001de70000,0x000000001df70000)]
  0x000000001bec1800 JavaThread "Attach Listener" daemon [_thread_blocked, id=8908, stack(0x000000001da30000,0x000000001db30000)]
  0x000000001bebe800 JavaThread "Signal Dispatcher" daemon [_thread_blocked, id=6048, stack(0x000000001d930000,0x000000001da30000)]
  0x000000000258c800 JavaThread "Finalizer" daemon [_thread_blocked, id=11444, stack(0x000000001d740000,0x000000001d840000)]
  0x0000000002584000 JavaThread "Reference Handler" daemon [_thread_blocked, id=8480, stack(0x000000001d640000,0x000000001d740000)]

Other Threads:
=>0x000000001be87800 VMThread [stack: 0x000000001d540000,0x000000001d640000] [id=11456]

VM state:at safepoint (shutting down)

VM Mutex/Monitor currently owned by a thread:  ([mutex/lock_event])
[0x000000000228c370] Threads_lock - owner thread: 0x000000001be87800

Heap:
 PSYoungGen      total 76288K, used 14418K [0x000000076ac00000, 0x0000000770100000, 0x00000007c0000000)
  eden space 65536K, 22% used [0x000000076ac00000,0x000000076ba14a10,0x000000076ec00000)
  from space 10752K, 0% used [0x000000076f680000,0x000000076f680000,0x0000000770100000)
  to   space 10752K, 0% used [0x000000076ec00000,0x000000076ec00000,0x000000076f680000)
 ParOldGen       total 175104K, used 0K [0x00000006c0400000, 0x00000006caf00000, 0x000000076ac00000)
  object space 175104K, 0% used [0x00000006c0400000,0x00000006c0400000,0x00000006caf00000)
 Metaspace       used 6737K, capacity 6901K, committed 7168K, reserved 1056768K
  class space    used 673K, capacity 735K, committed 768K, reserved 1048576K

Card table byte_map: [0x0000000011950000,0x0000000012150000] byte_map_base: 0x000000000e34e000

Marking Bits: (ParMarkBitMap*) 0x000000006afe2f70
 Begin Bits: [0x0000000012cb0000, 0x0000000016ca0000)
 End Bits:   [0x0000000016ca0000, 0x000000001ac90000)

Polling page: 0x0000000000740000

CodeCache: size=245760Kb used=2397Kb max_used=2410Kb free=243362Kb
 bounds [0x0000000002590000, 0x0000000002800000, 0x0000000011590000]
 total_blobs=1020 nmethods=609 adapters=333
 compilation: enabled

Compilation events (10 events):
Event: 12.632 Thread 0x000000001bede800  605       1       org.lwjgl.opengl.WindowsDisplayPeerInfo::doUnlock (1 bytes)
Event: 12.633 Thread 0x000000001bede800 nmethod 605 0x00000000027e6f50 code [0x00000000027e70a0, 0x00000000027e71b0]
Event: 18.360 Thread 0x000000001e179800  606       4       org.lwjgl.opengl.WindowsDisplay::handleMessage (29 bytes)
Event: 18.361 Thread 0x000000001e179800 nmethod 606 0x00000000027e6c90 code [0x00000000027e6de0, 0x00000000027e6e88]
Event: 19.360 Thread 0x000000001bedd800  607   !   4       org.lwjgl.opengl.Display::isFullscreen (34 bytes)
Event: 19.361 Thread 0x000000001bedd800 nmethod 607 0x00000000027e6850 code [0x00000000027e69a0, 0x00000000027e6bd8]
Event: 19.560 Thread 0x000000001e179800  608       4       org.lwjgl.opengl.WindowsDisplay$Rect::copyFromBuffer (37 bytes)
Event: 19.561 Thread 0x000000001e179800 nmethod 608 0x00000000027e6310 code [0x00000000027e6460, 0x00000000027e65b8]
Event: 21.218 Thread 0x000000001bedd800  609       4       org.lwjgl.opengl.WindowsMouse::poll (183 bytes)
Event: 21.229 Thread 0x000000001bedd800 nmethod 609 0x00000000027e9a50 code [0x00000000027e9bc0, 0x00000000027ea338]

GC Heap History (0 events):
No events

Deoptimization events (1 events):
Event: 1.380 Thread 0x000000001eeb6800 Uncommon trap: reason=unstable_if action=reinterpret pc=0x0000000002787330 method=org.lwjgl.input.Keyboard.isKeyDown(I)Z @ 29

Internal exceptions (9 events):
Event: 0.047 Thread 0x000000000228e000 Exception <a 'java/lang/NoSuchMethodError': Method sun.misc.Unsafe.defineClass(Ljava/lang/String;[BII)Ljava/lang/Class; name or signature does not match> (0x000000076ac07cc0) thrown at [C:\re\workspace\8-2-build-windows-amd64-cygwin\jdk8u91\7017\hotspot\sr!*a#¨?
Event: 0.047 Thread 0x000000000228e000 Exception <a 'java/lang/NoSuchMethodError': Method sun.misc.Unsafe.prefetchRead(Ljava/lang/Object;J)V name or signature does not match> (0x000000076ac07fa8) thrown at [C:\re\workspace\8-2-build-windows-amd64-cygwin\jdk8u91\7017\hotspot\src\share\vm\prims\jÖˆÝ„½Ð?
Event: 0.262 Thread 0x000000000228e000 Exception <a 'java/security/PrivilegedActionException'> (0x000000076acae730) thrown at [C:\re\workspace\8-2-build-windows-amd64-cygwin\jdk8u91\7017\hotspot\src\share\vm\prims\jvm.cpp, line 1386]
Event: 0.262 Thread 0x000000000228e000 Exception <a 'java/security/PrivilegedActionException'> (0x000000076acae940) thrown at [C:\re\workspace\8-2-build-windows-amd64-cygwin\jdk8u91\7017\hotspot\src\share\vm\prims\jvm.cpp, line 1386]
Event: 0.262 Thread 0x000000000228e000 Exception <a 'java/security/PrivilegedActionException'> (0x000000076acb2788) thrown at [C:\re\workspace\8-2-build-windows-amd64-cygwin\jdk8u91\7017\hotspot\src\share\vm\prims\jvm.cpp, line 1386]
Event: 0.262 Thread 0x000000000228e000 Exception <a 'java/security/PrivilegedActionException'> (0x000000076acb2998) thrown at [C:\re\workspace\8-2-build-windows-amd64-cygwin\jdk8u91\7017\hotspot\src\share\vm\prims\jvm.cpp, line 1386]
Event: 0.267 Thread 0x000000000228e000 Exception <a 'java/io/FileNotFoundException'> (0x000000076acb4d60) thrown at [C:\re\workspace\8-2-build-windows-amd64-cygwin\jdk8u91\7017\hotspot\src\share\vm\prims\jni.cpp, line 709]
Event: 0.313 Thread 0x000000000228e000 Exception <a 'java/lang/NoSuchFieldError': method resolution failed> (0x000000076b011de8) thrown at [C:\re\workspace\8-2-build-windows-amd64-cygwin\jdk8u91\7017\hotspot\src\share\vm\prims\methodHandles.cpp, line 1146]
Event: 0.318 Thread 0x000000000228e000 Exception <a 'java/lang/NoSuchFieldError': method resolution failed> (0x000000076b01f1b8) thrown at [C:\re\workspace\8-2-build-windows-amd64-cygwin\jdk8u91\7017\hotspot\src\share\vm\prims\methodHandles.cpp, line 1146]

Events (10 events):
Event: 21.467 loading class java/util/IdentityHashMap$KeyIterator
Event: 21.467 loading class java/util/IdentityHashMap$IdentityHashMapIterator
Event: 21.467 loading class java/util/IdentityHashMap$IdentityHashMapIterator done
Event: 21.467 loading class java/util/IdentityHashMap$KeyIterator done
Event: 21.468 Thread 0x000000001e2d3800 Thread added: 0x000000001e2d3800
Event: 21.468 Thread 0x000000001e2d4800 Thread added: 0x000000001e2d4800
Event: 21.468 Thread 0x000000001e2d3800 Thread exited: 0x000000001e2d3800
Event: 21.470 Thread 0x000000001e555800 Thread exited: 0x000000001e555800
Event: 21.569 Thread 0x000000001e2d4800 Thread exited: 0x000000001e2d4800
Event: 21.569 Executing VM operation: Exit


Dynamic libraries:
0x00007ff60ea90000 - 0x00007ff60eac7000 	C:\Program Files\Java\jdk1.8.0_91\bin\javaw.exe
0x00007fff1f450000 - 0x00007fff1f621000 	C:\WINDOWS\SYSTEM32\ntdll.dll
0x00007fff1f3a0000 - 0x00007fff1f44b000 	C:\WINDOWS\System32\KERNEL32.DLL
0x00007fff1bb60000 - 0x00007fff1bd7d000 	C:\WINDOWS\System32\KERNELBASE.dll
0x00007fff1f100000 - 0x00007fff1f1a2000 	C:\WINDOWS\System32\ADVAPI32.dll
0x00007fff1d6e0000 - 0x00007fff1d77e000 	C:\WINDOWS\System32\msvcrt.dll
0x00007fff1d250000 - 0x00007fff1d2a9000 	C:\WINDOWS\System32\sechost.dll
0x00007fff1eec0000 - 0x00007fff1efe1000 	C:\WINDOWS\System32\RPCRT4.dll
0x00007fff1caa0000 - 0x00007fff1cc05000 	C:\WINDOWS\System32\USER32.dll
0x00007fff1c870000 - 0x00007fff1c88e000 	C:\WINDOWS\System32\win32u.dll
0x00007fff1eff0000 - 0x00007fff1f024000 	C:\WINDOWS\System32\GDI32.dll
0x00007fff1bd80000 - 0x00007fff1bf02000 	C:\WINDOWS\System32\gdi32full.dll
0x00007fff0ed60000 - 0x00007fff0efd9000 	C:\WINDOWS\WinSxS\amd64_microsoft.windows.common-controls_6595b64144ccf1df_6.0.14393.447_none_42191651c6827bb3\COMCTL32.dll
0x00007fff1cf80000 - 0x00007fff1d248000 	C:\WINDOWS\System32\combase.dll
0x00007fff1b9f0000 - 0x00007fff1bae5000 	C:\WINDOWS\System32\ucrtbase.dll
0x00007fff1baf0000 - 0x00007fff1bb5a000 	C:\WINDOWS\System32\bcryptPrimitives.dll
0x00007fff1ee90000 - 0x00007fff1eebe000 	C:\WINDOWS\System32\IMM32.DLL
0x000000006b070000 - 0x000000006b142000 	C:\Program Files\Java\jdk1.8.0_91\jre\bin\msvcr100.dll
0x000000006a7d0000 - 0x000000006b063000 	C:\Program Files\Java\jdk1.8.0_91\jre\bin\server\jvm.dll
0x00007fff1f390000 - 0x00007fff1f398000 	C:\WINDOWS\System32\PSAPI.DLL
0x00007fff18150000 - 0x00007fff18159000 	C:\WINDOWS\SYSTEM32\WSOCK32.dll
0x00007fff19550000 - 0x00007fff19573000 	C:\WINDOWS\SYSTEM32\WINMM.dll
0x00007fff1cc10000 - 0x00007fff1cc7a000 	C:\WINDOWS\System32\WS2_32.dll
0x00007fff172c0000 - 0x00007fff172ca000 	C:\WINDOWS\SYSTEM32\VERSION.dll
0x00007fff19450000 - 0x00007fff1947b000 	C:\WINDOWS\SYSTEM32\WINMMBASE.dll
0x00007fff1b940000 - 0x00007fff1b982000 	C:\WINDOWS\System32\cfgmgr32.dll
0x000000006a7c0000 - 0x000000006a7cf000 	C:\Program Files\Java\jdk1.8.0_91\jre\bin\verify.dll
0x000000006a790000 - 0x000000006a7b9000 	C:\Program Files\Java\jdk1.8.0_91\jre\bin\java.dll
0x000000006a750000 - 0x000000006a785000 	C:\Program Files\Java\jdk1.8.0_91\jre\bin\jdwp.dll
0x000000006a740000 - 0x000000006a748000 	C:\Program Files\Java\jdk1.8.0_91\jre\bin\npt.dll
0x000000006a720000 - 0x000000006a736000 	C:\Program Files\Java\jdk1.8.0_91\jre\bin\zip.dll
0x00007fff1d980000 - 0x00007fff1ee89000 	C:\WINDOWS\System32\SHELL32.dll
0x00007fff1c0e0000 - 0x00007fff1c7ba000 	C:\WINDOWS\System32\windows.storage.dll
0x00007fff1b8f0000 - 0x00007fff1b93c000 	C:\WINDOWS\System32\powrprof.dll
0x00007fff1d920000 - 0x00007fff1d972000 	C:\WINDOWS\System32\shlwapi.dll
0x00007fff1b8b0000 - 0x00007fff1b8bf000 	C:\WINDOWS\System32\kernel.appcore.dll
0x00007fff1c930000 - 0x00007fff1c9d9000 	C:\WINDOWS\System32\shcore.dll
0x00007fff1b8c0000 - 0x00007fff1b8d4000 	C:\WINDOWS\System32\profapi.dll
0x000000006a710000 - 0x000000006a719000 	C:\Program Files\Java\jdk1.8.0_91\jre\bin\dt_socket.dll
0x00007fff0bae0000 - 0x00007fff0baf6000 	C:\WINDOWS\system32\napinsp.dll
0x00007fff0bb00000 - 0x00007fff0bb1a000 	C:\WINDOWS\system32\pnrpnsp.dll
0x00007fff195a0000 - 0x00007fff195b8000 	C:\WINDOWS\system32\NLAapi.dll
0x00007fff1b180000 - 0x00007fff1b1dc000 	C:\WINDOWS\System32\mswsock.dll
0x00007fff1af50000 - 0x00007fff1aff0000 	C:\WINDOWS\SYSTEM32\DNSAPI.dll
0x00007fff1f090000 - 0x00007fff1f098000 	C:\WINDOWS\System32\NSI.dll
0x00007fff1af10000 - 0x00007fff1af48000 	C:\WINDOWS\SYSTEM32\IPHLPAPI.DLL
0x00007fff0c3a0000 - 0x00007fff0c3ae000 	C:\WINDOWS\System32\winrnr.dll
0x00007fff13b20000 - 0x00007fff13b8a000 	C:\WINDOWS\System32\fwpuclnt.dll
0x00007fff1b7f0000 - 0x00007fff1b81b000 	C:\WINDOWS\SYSTEM32\bcrypt.dll
0x00007fff12080000 - 0x00007fff1208a000 	C:\Windows\System32\rasadhlp.dll
0x000000006a570000 - 0x000000006a708000 	C:\Program Files\Java\jdk1.8.0_91\jre\bin\awt.dll
0x00007fff1c9e0000 - 0x00007fff1ca9f000 	C:\WINDOWS\System32\OLEAUT32.dll
0x00007fff1c890000 - 0x00007fff1c92c000 	C:\WINDOWS\System32\msvcp_win.dll
0x00007fff19e60000 - 0x00007fff19eda000 	C:\WINDOWS\SYSTEM32\apphelp.dll
0x00007fff1a040000 - 0x00007fff1a0d5000 	C:\WINDOWS\system32\uxtheme.dll
0x00007fff1f220000 - 0x00007fff1f37b000 	C:\WINDOWS\System32\MSCTF.dll
0x00007ffeff7b0000 - 0x00007ffeff7dc000 	C:\PROGRA~2\RAPTRI~1\PlaysTV\ltc_help64-119232.dll
0x00007fff1b990000 - 0x00007fff1b9e5000 	C:\WINDOWS\System32\WINTRUST.dll
0x00007fff1b8e0000 - 0x00007fff1b8f0000 	C:\WINDOWS\System32\MSASN1.dll
0x00007fff1bf10000 - 0x00007fff1c0d9000 	C:\WINDOWS\System32\CRYPT32.dll
0x00007fff18d30000 - 0x00007fff18d56000 	C:\WINDOWS\system32\dwmapi.dll
0x00007fff1cca0000 - 0x00007fff1cdd7000 	C:\WINDOWS\System32\ole32.dll
0x0000000180000000 - 0x0000000180051000 	C:\Users\User\git\JavaGame\Game\resources\native\windows\lwjgl64.dll
0x00007fff00aa0000 - 0x00007fff00bc3000 	C:\WINDOWS\SYSTEM32\OPENGL32.dll
0x00007ffefef60000 - 0x00007ffeff057000 	C:\WINDOWS\SYSTEM32\DDRAW.dll
0x00007fff14a80000 - 0x00007fff14aad000 	C:\WINDOWS\SYSTEM32\GLU32.dll
0x00007fff14030000 - 0x00007fff14038000 	C:\WINDOWS\SYSTEM32\DCIMAN32.dll
0x00007fff14a60000 - 0x00007fff14a7f000 	C:\WINDOWS\System32\DriverStore\FileRepository\c0310011.inf_amd64_7c21aa033b961c28\atig6pxx.dll
0x0000000068450000 - 0x000000006a564000 	C:\WINDOWS\System32\DriverStore\FileRepository\c0310011.inf_amd64_7c21aa033b961c28\atio6axx.dll
0x00007fff1d2b0000 - 0x00007fff1d6d9000 	C:\WINDOWS\System32\SETUPAPI.dll
0x00007ffefeba0000 - 0x00007ffefebc3000 	C:\WINDOWS\SYSTEM32\dxva2.dll
0x00007fff14a20000 - 0x00007fff14a53000 	C:\WINDOWS\System32\DriverStore\FileRepository\c0310011.inf_amd64_7c21aa033b961c28\atig6txx.dll
0x00007ffefe730000 - 0x00007ffefe884000 	C:\WINDOWS\SYSTEM32\atiadlxx.dll
0x00007fff1b010000 - 0x00007fff1b02f000 	C:\WINDOWS\SYSTEM32\USERENV.dll
0x00007fff18610000 - 0x00007fff18623000 	C:\WINDOWS\SYSTEM32\WTSAPI32.dll
0x00007fff18710000 - 0x00007fff18895000 	C:\WINDOWS\SYSTEM32\PROPSYS.dll
0x00007fff1a400000 - 0x00007fff1a428000 	C:\WINDOWS\SYSTEM32\DEVOBJ.dll
0x00007fff14370000 - 0x00007fff14401000 	C:\WINDOWS\SYSTEM32\mscms.dll
0x00007fff14560000 - 0x00007fff145a2000 	C:\WINDOWS\SYSTEM32\icm32.dll
0x00007fff1b330000 - 0x00007fff1b347000 	C:\WINDOWS\System32\CRYPTSP.dll
0x00007fff1ad90000 - 0x00007fff1adc3000 	C:\WINDOWS\system32\rsaenh.dll
0x00007fff1b320000 - 0x00007fff1b32b000 	C:\WINDOWS\SYSTEM32\CRYPTBASE.dll
0x00007fff1cc80000 - 0x00007fff1cc9c000 	C:\WINDOWS\System32\imagehlp.dll
0x00007fff1a7b0000 - 0x00007fff1a7d3000 	C:\WINDOWS\SYSTEM32\gpapi.dll
0x00007fff068b0000 - 0x00007fff068df000 	C:\Windows\System32\cryptnet.dll
0x00007fff176d0000 - 0x00007fff176db000 	C:\WINDOWS\SYSTEM32\WINNSI.DLL
0x00007fff00bd0000 - 0x00007fff00e10000 	C:\PROGRA~2\RAPTRI~1\PlaysTV\ltc_game64-119232.dll
0x00007fff0e430000 - 0x00007fff0e598000 	C:\WINDOWS\SYSTEM32\mfplat.DLL
0x00007fff12480000 - 0x00007fff124ae000 	C:\WINDOWS\SYSTEM32\RTWorkQ.DLL
0x00007fff176f0000 - 0x00007fff176fb000 	C:\WINDOWS\SYSTEM32\Avrt.dll
0x00007fff1cde0000 - 0x00007fff1ce7f000 	C:\WINDOWS\System32\clbcatq.dll
0x00007fff18b80000 - 0x00007fff18d28000 	C:\WINDOWS\system32\windowscodecs.dll
0x00007fff10140000 - 0x00007fff102d2000 	C:\WINDOWS\SYSTEM32\dbghelp.dll

VM Arguments:
jvm_args: -agentlib:jdwp=transport=dt_socket,suspend=y,address=localhost:54338 -Djava.library.path=C:\Users\User\git\JavaGame\Game\resources\native\windows -Dfile.encoding=Cp1252 
java_command: Application
java_class_path (initial): C:\Users\User\git\JavaGame\Game\bin;C:\Users\User\git\JavaGame\Game\resources\libraries\lwjgl_util.jar;C:\Users\User\git\JavaGame\Game\resources\libraries\lwjgl.jar;C:\Users\User\git\JavaGame\Game\resources\libraries\slick-util.jar
Launcher Type: SUN_STANDARD

Environment Variables:
PATH=C:\Program Files\Java\jdk1.8.0_91\jre\bin;C:/Program Files/Java/jre1.8.0_111/bin/server;C:/Program Files/Java/jre1.8.0_111/bin;C:/Program Files/Java/jre1.8.0_111/lib/amd64;C:\ProgramData\Oracle\Java\javapath;C:\WINDOWS\system32;C:\WINDOWS;C:\WINDOWS\System32\Wbem;C:\WINDOWS\System32\WindowsPowerShell\v1.0\;C:\Program Files (x86)\AMD\ATI.ACE\Core-Static;C:\Users\User\AppData\Local\Microsoft\WindowsApps;;C:\Users\User\eclipse;
USERNAME=User
OS=Windows_NT
PROCESSOR_IDENTIFIER=AMD64 Family 21 Model 2 Stepping 0, AuthenticAMD



---------------  S Y S T E M  ---------------

OS: Windows 10.0 , 64 bit Build 14393 (10.0.14393.0)

CPU:total 6 (6 cores per cpu, 1 threads per core) family 21 model 2 stepping 0, cmov, cx8, fxsr, mmx, sse, sse2, sse3, ssse3, sse4.1, sse4.2, popcnt, avx, aes, clmul, mmxext, 3dnowpref, lzcnt, sse4a, tsc, tscinvbit, tscinv, bmi1

Memory: 4k page, physical 16760116k(13212796k free), swap 19250484k(14263936k free)

vm_info: Java HotSpot(TM) 64-Bit Server VM (25.91-b15) for windows-amd64 JRE (1.8.0_91-b15), built on May 20 2016 17:43:15 by "java_re" with MS VC++ 10.0 (VS2010)

time: Mon Jan 30 20:18:41 2017
elapsed time: 21 seconds (0d 0h 0m 21s)

